mode: atomic
github.com/KaramelBytes/smushmux/main.go:7.13,9.2 1 0
github.com/KaramelBytes/smushmux/internal/retrieval/chunker.go:9.66,10.20 1 7
github.com/KaramelBytes/smushmux/internal/retrieval/chunker.go:10.20,12.3 1 0
github.com/KaramelBytes/smushmux/internal/retrieval/chunker.go:13.2,13.17 1 7
github.com/KaramelBytes/smushmux/internal/retrieval/chunker.go:13.17,15.3 1 0
github.com/KaramelBytes/smushmux/internal/retrieval/chunker.go:16.2,20.26 5 7
github.com/KaramelBytes/smushmux/internal/retrieval/chunker.go:20.26,22.20 2 17
github.com/KaramelBytes/smushmux/internal/retrieval/chunker.go:22.20,23.23 1 0
github.com/KaramelBytes/smushmux/internal/retrieval/chunker.go:23.23,25.20 2 0
github.com/KaramelBytes/smushmux/internal/retrieval/chunker.go:25.20,27.6 1 0
github.com/KaramelBytes/smushmux/internal/retrieval/chunker.go:27.11,30.6 2 0
github.com/KaramelBytes/smushmux/internal/retrieval/chunker.go:32.4,34.12 3 0
github.com/KaramelBytes/smushmux/internal/retrieval/chunker.go:36.3,36.49 1 17
github.com/KaramelBytes/smushmux/internal/retrieval/chunker.go:36.49,38.19 2 8
github.com/KaramelBytes/smushmux/internal/retrieval/chunker.go:38.19,40.5 1 1
github.com/KaramelBytes/smushmux/internal/retrieval/chunker.go:40.10,43.5 2 7
github.com/KaramelBytes/smushmux/internal/retrieval/chunker.go:45.3,46.17 2 17
github.com/KaramelBytes/smushmux/internal/retrieval/chunker.go:48.2,48.21 1 7
github.com/KaramelBytes/smushmux/internal/retrieval/chunker.go:48.21,50.3 1 7
github.com/KaramelBytes/smushmux/internal/retrieval/chunker.go:51.2,51.15 1 7
github.com/KaramelBytes/smushmux/internal/retrieval/chunker.go:54.41,57.24 3 7
github.com/KaramelBytes/smushmux/internal/retrieval/chunker.go:57.24,59.14 2 17
github.com/KaramelBytes/smushmux/internal/retrieval/chunker.go:59.14,61.4 1 17
github.com/KaramelBytes/smushmux/internal/retrieval/chunker.go:63.2,63.49 1 7
github.com/KaramelBytes/smushmux/internal/retrieval/chunker.go:63.49,65.3 1 0
github.com/KaramelBytes/smushmux/internal/retrieval/chunker.go:66.2,66.12 1 7
github.com/KaramelBytes/smushmux/internal/retrieval/chunker.go:69.67,72.39 3 1
github.com/KaramelBytes/smushmux/internal/retrieval/chunker.go:72.39,74.41 2 2
github.com/KaramelBytes/smushmux/internal/retrieval/chunker.go:74.41,75.9 1 1
github.com/KaramelBytes/smushmux/internal/retrieval/chunker.go:77.3,78.14 2 1
github.com/KaramelBytes/smushmux/internal/retrieval/chunker.go:80.2,80.20 1 1
github.com/KaramelBytes/smushmux/internal/retrieval/chunker.go:83.58,88.27 5 0
github.com/KaramelBytes/smushmux/internal/retrieval/chunker.go:88.27,90.21 2 0
github.com/KaramelBytes/smushmux/internal/retrieval/chunker.go:90.21,91.20 1 0
github.com/KaramelBytes/smushmux/internal/retrieval/chunker.go:91.20,95.5 3 0
github.com/KaramelBytes/smushmux/internal/retrieval/chunker.go:96.4,97.12 2 0
github.com/KaramelBytes/smushmux/internal/retrieval/chunker.go:99.3,99.41 1 0
github.com/KaramelBytes/smushmux/internal/retrieval/chunker.go:99.41,103.4 3 0
github.com/KaramelBytes/smushmux/internal/retrieval/chunker.go:104.3,105.12 2 0
github.com/KaramelBytes/smushmux/internal/retrieval/chunker.go:107.2,107.18 1 0
github.com/KaramelBytes/smushmux/internal/retrieval/chunker.go:107.18,109.3 1 0
github.com/KaramelBytes/smushmux/internal/retrieval/chunker.go:110.2,110.19 1 0
github.com/KaramelBytes/smushmux/internal/retrieval/chunker.go:110.19,112.3 1 0
github.com/KaramelBytes/smushmux/internal/retrieval/chunker.go:113.2,113.12 1 0
github.com/KaramelBytes/smushmux/internal/retrieval/chunker.go:116.53,117.20 1 0
github.com/KaramelBytes/smushmux/internal/retrieval/chunker.go:117.20,119.3 1 0
github.com/KaramelBytes/smushmux/internal/retrieval/chunker.go:120.2,121.17 2 0
github.com/KaramelBytes/smushmux/internal/retrieval/chunker.go:121.17,123.3 1 0
github.com/KaramelBytes/smushmux/internal/retrieval/chunker.go:124.2,125.41 2 0
github.com/KaramelBytes/smushmux/internal/retrieval/chunker.go:125.41,127.19 2 0
github.com/KaramelBytes/smushmux/internal/retrieval/chunker.go:127.19,129.4 1 0
github.com/KaramelBytes/smushmux/internal/retrieval/chunker.go:130.3,130.38 1 0
github.com/KaramelBytes/smushmux/internal/retrieval/chunker.go:132.2,132.12 1 0
github.com/KaramelBytes/smushmux/internal/retrieval/chunker.go:136.33,137.13 1 19
github.com/KaramelBytes/smushmux/internal/retrieval/chunker.go:137.13,139.3 1 0
github.com/KaramelBytes/smushmux/internal/retrieval/chunker.go:140.2,140.27 1 19
github.com/KaramelBytes/smushmux/internal/retrieval/index.go:43.43,44.16 1 6
github.com/KaramelBytes/smushmux/internal/retrieval/index.go:44.16,46.3 1 0
github.com/KaramelBytes/smushmux/internal/retrieval/index.go:47.2,47.26 1 6
github.com/KaramelBytes/smushmux/internal/retrieval/index.go:47.26,49.3 1 0
github.com/KaramelBytes/smushmux/internal/retrieval/index.go:50.2,51.16 2 6
github.com/KaramelBytes/smushmux/internal/retrieval/index.go:51.16,53.3 1 0
github.com/KaramelBytes/smushmux/internal/retrieval/index.go:54.2,55.52 2 6
github.com/KaramelBytes/smushmux/internal/retrieval/index.go:55.52,57.3 1 0
github.com/KaramelBytes/smushmux/internal/retrieval/index.go:58.2,58.29 1 6
github.com/KaramelBytes/smushmux/internal/retrieval/index.go:61.40,63.16 2 6
github.com/KaramelBytes/smushmux/internal/retrieval/index.go:63.16,65.3 1 3
github.com/KaramelBytes/smushmux/internal/retrieval/index.go:66.2,67.48 2 3
github.com/KaramelBytes/smushmux/internal/retrieval/index.go:67.48,69.3 1 0
github.com/KaramelBytes/smushmux/internal/retrieval/index.go:70.2,70.26 1 3
github.com/KaramelBytes/smushmux/internal/retrieval/index.go:70.26,72.3 1 0
github.com/KaramelBytes/smushmux/internal/retrieval/index.go:74.2,74.32 1 3
github.com/KaramelBytes/smushmux/internal/retrieval/index.go:74.32,76.3 1 0
github.com/KaramelBytes/smushmux/internal/retrieval/index.go:77.2,77.18 1 3
github.com/KaramelBytes/smushmux/internal/retrieval/index.go:80.43,82.2 1 7
github.com/KaramelBytes/smushmux/internal/retrieval/index.go:85.47,86.43 1 9
github.com/KaramelBytes/smushmux/internal/retrieval/index.go:86.43,88.3 1 7
github.com/KaramelBytes/smushmux/internal/retrieval/index.go:89.2,89.100 1 2
github.com/KaramelBytes/smushmux/internal/retrieval/index.go:89.100,91.3 1 0
github.com/KaramelBytes/smushmux/internal/retrieval/index.go:92.2,92.88 1 2
github.com/KaramelBytes/smushmux/internal/retrieval/index.go:92.88,94.3 1 0
github.com/KaramelBytes/smushmux/internal/retrieval/index.go:95.2,95.102 1 2
github.com/KaramelBytes/smushmux/internal/retrieval/index.go:95.102,97.3 1 0
github.com/KaramelBytes/smushmux/internal/retrieval/index.go:98.2,98.94 1 2
github.com/KaramelBytes/smushmux/internal/retrieval/index.go:98.94,100.3 1 0
github.com/KaramelBytes/smushmux/internal/retrieval/index.go:101.2,101.13 1 2
github.com/KaramelBytes/smushmux/internal/retrieval/index.go:105.60,106.43 1 8
github.com/KaramelBytes/smushmux/internal/retrieval/index.go:106.43,107.30 1 3
github.com/KaramelBytes/smushmux/internal/retrieval/index.go:107.30,108.15 1 3
github.com/KaramelBytes/smushmux/internal/retrieval/index.go:108.15,109.13 1 0
github.com/KaramelBytes/smushmux/internal/retrieval/index.go:111.4,112.10 2 3
github.com/KaramelBytes/smushmux/internal/retrieval/index.go:112.10,114.5 1 2
github.com/KaramelBytes/smushmux/internal/retrieval/index.go:116.3,116.15 1 1
github.com/KaramelBytes/smushmux/internal/retrieval/index.go:118.2,118.44 1 8
github.com/KaramelBytes/smushmux/internal/retrieval/index.go:118.44,120.3 1 1
github.com/KaramelBytes/smushmux/internal/retrieval/index.go:121.2,121.43 1 7
github.com/KaramelBytes/smushmux/internal/retrieval/index.go:121.43,123.3 1 1
github.com/KaramelBytes/smushmux/internal/retrieval/index.go:124.2,124.13 1 6
github.com/KaramelBytes/smushmux/internal/retrieval/index.go:128.40,129.37 1 3
github.com/KaramelBytes/smushmux/internal/retrieval/index.go:129.37,131.3 1 0
github.com/KaramelBytes/smushmux/internal/retrieval/index.go:132.2,134.19 3 3
github.com/KaramelBytes/smushmux/internal/retrieval/index.go:134.19,140.3 5 9
github.com/KaramelBytes/smushmux/internal/retrieval/index.go:141.2,141.24 1 3
github.com/KaramelBytes/smushmux/internal/retrieval/index.go:141.24,143.3 1 0
github.com/KaramelBytes/smushmux/internal/retrieval/index.go:144.2,144.46 1 3
github.com/KaramelBytes/smushmux/internal/retrieval/index.go:164.160,167.17 3 5
github.com/KaramelBytes/smushmux/internal/retrieval/index.go:167.17,169.3 1 3
github.com/KaramelBytes/smushmux/internal/retrieval/index.go:171.2,173.30 2 5
github.com/KaramelBytes/smushmux/internal/retrieval/index.go:173.30,175.3 1 0
github.com/KaramelBytes/smushmux/internal/retrieval/index.go:176.2,176.27 1 5
github.com/KaramelBytes/smushmux/internal/retrieval/index.go:176.27,178.3 1 0
github.com/KaramelBytes/smushmux/internal/retrieval/index.go:179.2,195.31 4 5
github.com/KaramelBytes/smushmux/internal/retrieval/index.go:195.31,196.52 1 5
github.com/KaramelBytes/smushmux/internal/retrieval/index.go:196.52,197.12 1 0
github.com/KaramelBytes/smushmux/internal/retrieval/index.go:199.3,200.69 2 5
github.com/KaramelBytes/smushmux/internal/retrieval/index.go:200.69,202.4 1 0
github.com/KaramelBytes/smushmux/internal/retrieval/index.go:203.3,205.48 3 5
github.com/KaramelBytes/smushmux/internal/retrieval/index.go:208.2,209.33 2 5
github.com/KaramelBytes/smushmux/internal/retrieval/index.go:209.33,211.3 1 4
github.com/KaramelBytes/smushmux/internal/retrieval/index.go:213.2,220.30 4 5
github.com/KaramelBytes/smushmux/internal/retrieval/index.go:220.30,222.33 2 5
github.com/KaramelBytes/smushmux/internal/retrieval/index.go:222.33,226.58 4 11
github.com/KaramelBytes/smushmux/internal/retrieval/index.go:226.58,227.31 1 2
github.com/KaramelBytes/smushmux/internal/retrieval/index.go:227.31,229.69 2 3
github.com/KaramelBytes/smushmux/internal/retrieval/index.go:229.69,231.12 2 2
github.com/KaramelBytes/smushmux/internal/retrieval/index.go:235.4,235.22 1 11
github.com/KaramelBytes/smushmux/internal/retrieval/index.go:235.22,237.5 1 2
github.com/KaramelBytes/smushmux/internal/retrieval/index.go:237.10,239.5 1 9
github.com/KaramelBytes/smushmux/internal/retrieval/index.go:243.2,243.23 1 5
github.com/KaramelBytes/smushmux/internal/retrieval/index.go:243.23,245.47 2 1
github.com/KaramelBytes/smushmux/internal/retrieval/index.go:245.47,246.56 1 1
github.com/KaramelBytes/smushmux/internal/retrieval/index.go:246.56,248.5 1 1
github.com/KaramelBytes/smushmux/internal/retrieval/index.go:249.4,249.58 1 0
github.com/KaramelBytes/smushmux/internal/retrieval/index.go:251.3,251.40 1 1
github.com/KaramelBytes/smushmux/internal/retrieval/index.go:251.40,253.4 1 0
github.com/KaramelBytes/smushmux/internal/retrieval/index.go:254.3,254.18 1 1
github.com/KaramelBytes/smushmux/internal/retrieval/index.go:257.2,262.67 4 4
github.com/KaramelBytes/smushmux/internal/retrieval/index.go:262.67,264.25 2 4
github.com/KaramelBytes/smushmux/internal/retrieval/index.go:264.25,266.4 1 4
github.com/KaramelBytes/smushmux/internal/retrieval/index.go:268.3,270.35 3 4
github.com/KaramelBytes/smushmux/internal/retrieval/index.go:270.35,272.4 1 9
github.com/KaramelBytes/smushmux/internal/retrieval/index.go:274.3,277.17 3 4
github.com/KaramelBytes/smushmux/internal/retrieval/index.go:277.17,279.4 1 0
github.com/KaramelBytes/smushmux/internal/retrieval/index.go:281.3,284.25 2 4
github.com/KaramelBytes/smushmux/internal/retrieval/index.go:284.25,286.4 1 0
github.com/KaramelBytes/smushmux/internal/retrieval/index.go:289.2,293.25 3 4
github.com/KaramelBytes/smushmux/internal/retrieval/index.go:293.25,294.21 1 9
github.com/KaramelBytes/smushmux/internal/retrieval/index.go:294.21,295.9 1 0
github.com/KaramelBytes/smushmux/internal/retrieval/index.go:297.3,299.39 3 9
github.com/KaramelBytes/smushmux/internal/retrieval/index.go:301.2,301.39 1 4
github.com/KaramelBytes/smushmux/internal/retrieval/index.go:301.39,303.3 1 4
github.com/KaramelBytes/smushmux/internal/retrieval/index.go:305.2,305.46 1 4
github.com/KaramelBytes/smushmux/internal/retrieval/index.go:305.46,306.55 1 5
github.com/KaramelBytes/smushmux/internal/retrieval/index.go:306.55,308.4 1 5
github.com/KaramelBytes/smushmux/internal/retrieval/index.go:309.3,309.57 1 0
github.com/KaramelBytes/smushmux/internal/retrieval/index.go:311.2,311.39 1 4
github.com/KaramelBytes/smushmux/internal/retrieval/index.go:311.39,313.3 1 0
github.com/KaramelBytes/smushmux/internal/retrieval/index.go:314.2,314.17 1 4
github.com/KaramelBytes/smushmux/internal/retrieval/index.go:325.96,327.32 2 1
github.com/KaramelBytes/smushmux/internal/retrieval/index.go:327.32,329.20 2 3
github.com/KaramelBytes/smushmux/internal/retrieval/index.go:329.20,331.4 1 3
github.com/KaramelBytes/smushmux/internal/retrieval/index.go:333.2,333.41 1 1
github.com/KaramelBytes/smushmux/internal/retrieval/index.go:333.41,333.85 1 2
github.com/KaramelBytes/smushmux/internal/retrieval/index.go:334.2,334.36 1 1
github.com/KaramelBytes/smushmux/internal/retrieval/index.go:334.36,336.3 1 1
github.com/KaramelBytes/smushmux/internal/retrieval/index.go:337.2,337.15 1 1
github.com/KaramelBytes/smushmux/internal/retrieval/index.go:341.80,344.27 3 1
github.com/KaramelBytes/smushmux/internal/retrieval/index.go:344.27,346.3 1 1
github.com/KaramelBytes/smushmux/internal/retrieval/index.go:347.2,347.12 1 1
github.com/KaramelBytes/smushmux/cmd/add.go:20.54,22.27 2 7
github.com/KaramelBytes/smushmux/cmd/add.go:22.27,24.4 1 1
github.com/KaramelBytes/smushmux/cmd/add.go:25.3,26.17 2 6
github.com/KaramelBytes/smushmux/cmd/add.go:26.17,28.4 1 0
github.com/KaramelBytes/smushmux/cmd/add.go:29.3,30.17 2 6
github.com/KaramelBytes/smushmux/cmd/add.go:30.17,32.4 1 0
github.com/KaramelBytes/smushmux/cmd/add.go:33.3,33.57 1 6
github.com/KaramelBytes/smushmux/cmd/add.go:33.57,35.4 1 0
github.com/KaramelBytes/smushmux/cmd/add.go:36.3,36.34 1 6
github.com/KaramelBytes/smushmux/cmd/add.go:36.34,38.4 1 0
github.com/KaramelBytes/smushmux/cmd/add.go:39.3,40.13 2 6
github.com/KaramelBytes/smushmux/cmd/add.go:44.13,48.2 3 1
github.com/KaramelBytes/smushmux/cmd/analyze.go:37.54,40.24 3 0
github.com/KaramelBytes/smushmux/cmd/analyze.go:40.24,42.4 1 0
github.com/KaramelBytes/smushmux/cmd/analyze.go:43.3,43.21 1 0
github.com/KaramelBytes/smushmux/cmd/analyze.go:43.21,45.4 1 0
github.com/KaramelBytes/smushmux/cmd/analyze.go:46.3,46.25 1 0
github.com/KaramelBytes/smushmux/cmd/analyze.go:46.25,47.24 1 0
github.com/KaramelBytes/smushmux/cmd/analyze.go:48.13,49.24 1 0
github.com/KaramelBytes/smushmux/cmd/analyze.go:50.21,51.25 1 0
github.com/KaramelBytes/smushmux/cmd/analyze.go:52.13,53.24 1 0
github.com/KaramelBytes/smushmux/cmd/analyze.go:54.12,55.67 1 0
github.com/KaramelBytes/smushmux/cmd/analyze.go:59.3,59.57 1 0
github.com/KaramelBytes/smushmux/cmd/analyze.go:60.21,61.30 1 0
github.com/KaramelBytes/smushmux/cmd/analyze.go:62.19,63.30 1 0
github.com/KaramelBytes/smushmux/cmd/analyze.go:64.11,64.11 0 0
github.com/KaramelBytes/smushmux/cmd/analyze.go:65.11,66.80 1 0
github.com/KaramelBytes/smushmux/cmd/analyze.go:68.3,68.59 1 0
github.com/KaramelBytes/smushmux/cmd/analyze.go:69.12,70.32 1 0
github.com/KaramelBytes/smushmux/cmd/analyze.go:71.12,72.32 1 0
github.com/KaramelBytes/smushmux/cmd/analyze.go:73.21,74.32 1 0
github.com/KaramelBytes/smushmux/cmd/analyze.go:75.11,75.11 0 0
github.com/KaramelBytes/smushmux/cmd/analyze.go:76.11,77.88 1 0
github.com/KaramelBytes/smushmux/cmd/analyze.go:80.3,83.38 4 0
github.com/KaramelBytes/smushmux/cmd/analyze.go:83.38,85.4 1 0
github.com/KaramelBytes/smushmux/cmd/analyze.go:85.9,87.4 1 0
github.com/KaramelBytes/smushmux/cmd/analyze.go:88.3,88.24 1 0
github.com/KaramelBytes/smushmux/cmd/analyze.go:88.24,90.4 1 0
github.com/KaramelBytes/smushmux/cmd/analyze.go:91.3,91.52 1 0
github.com/KaramelBytes/smushmux/cmd/analyze.go:91.52,93.4 1 0
github.com/KaramelBytes/smushmux/cmd/analyze.go:95.3,98.40 4 0
github.com/KaramelBytes/smushmux/cmd/analyze.go:98.40,101.18 3 0
github.com/KaramelBytes/smushmux/cmd/analyze.go:101.18,103.5 1 0
github.com/KaramelBytes/smushmux/cmd/analyze.go:104.9,107.18 3 0
github.com/KaramelBytes/smushmux/cmd/analyze.go:107.18,109.5 1 0
github.com/KaramelBytes/smushmux/cmd/analyze.go:111.3,111.17 1 0
github.com/KaramelBytes/smushmux/cmd/analyze.go:111.17,113.4 1 0
github.com/KaramelBytes/smushmux/cmd/analyze.go:116.3,117.26 2 0
github.com/KaramelBytes/smushmux/cmd/analyze.go:117.26,118.73 1 0
github.com/KaramelBytes/smushmux/cmd/analyze.go:118.73,120.5 1 0
github.com/KaramelBytes/smushmux/cmd/analyze.go:121.4,122.18 2 0
github.com/KaramelBytes/smushmux/cmd/analyze.go:124.3,124.23 1 0
github.com/KaramelBytes/smushmux/cmd/analyze.go:124.23,126.18 2 0
github.com/KaramelBytes/smushmux/cmd/analyze.go:126.18,128.5 1 0
github.com/KaramelBytes/smushmux/cmd/analyze.go:129.4,130.18 2 0
github.com/KaramelBytes/smushmux/cmd/analyze.go:130.18,132.5 1 0
github.com/KaramelBytes/smushmux/cmd/analyze.go:135.4,137.36 3 0
github.com/KaramelBytes/smushmux/cmd/analyze.go:137.36,140.49 2 0
github.com/KaramelBytes/smushmux/cmd/analyze.go:140.49,143.6 2 0
github.com/KaramelBytes/smushmux/cmd/analyze.go:147.4,150.43 3 0
github.com/KaramelBytes/smushmux/cmd/analyze.go:150.43,154.5 1 0
github.com/KaramelBytes/smushmux/cmd/analyze.go:156.4,156.46 1 0
github.com/KaramelBytes/smushmux/cmd/analyze.go:156.46,160.5 2 0
github.com/KaramelBytes/smushmux/cmd/analyze.go:163.4,164.53 2 0
github.com/KaramelBytes/smushmux/cmd/analyze.go:164.53,166.5 1 0
github.com/KaramelBytes/smushmux/cmd/analyze.go:167.4,172.26 4 0
github.com/KaramelBytes/smushmux/cmd/analyze.go:172.26,175.25 3 0
github.com/KaramelBytes/smushmux/cmd/analyze.go:175.25,176.58 1 0
github.com/KaramelBytes/smushmux/cmd/analyze.go:176.58,178.7 1 0
github.com/KaramelBytes/smushmux/cmd/analyze.go:178.12,178.49 1 0
github.com/KaramelBytes/smushmux/cmd/analyze.go:178.49,180.7 1 0
github.com/KaramelBytes/smushmux/cmd/analyze.go:182.5,183.17 2 0
github.com/KaramelBytes/smushmux/cmd/analyze.go:183.17,185.6 1 0
github.com/KaramelBytes/smushmux/cmd/analyze.go:186.5,186.39 1 0
github.com/KaramelBytes/smushmux/cmd/analyze.go:188.4,189.54 2 0
github.com/KaramelBytes/smushmux/cmd/analyze.go:189.54,191.9 2 0
github.com/KaramelBytes/smushmux/cmd/analyze.go:191.9,193.53 2 0
github.com/KaramelBytes/smushmux/cmd/analyze.go:193.53,194.40 1 0
github.com/KaramelBytes/smushmux/cmd/analyze.go:194.40,196.8 1 0
github.com/KaramelBytes/smushmux/cmd/analyze.go:197.7,198.12 2 0
github.com/KaramelBytes/smushmux/cmd/analyze.go:200.6,200.11 1 0
github.com/KaramelBytes/smushmux/cmd/analyze.go:203.4,203.67 1 0
github.com/KaramelBytes/smushmux/cmd/analyze.go:203.67,205.5 1 0
github.com/KaramelBytes/smushmux/cmd/analyze.go:206.4,207.18 2 0
github.com/KaramelBytes/smushmux/cmd/analyze.go:207.18,209.5 1 0
github.com/KaramelBytes/smushmux/cmd/analyze.go:210.4,210.55 1 0
github.com/KaramelBytes/smushmux/cmd/analyze.go:210.55,212.5 1 0
github.com/KaramelBytes/smushmux/cmd/analyze.go:213.4,213.35 1 0
github.com/KaramelBytes/smushmux/cmd/analyze.go:213.35,215.5 1 0
github.com/KaramelBytes/smushmux/cmd/analyze.go:216.4,217.18 2 0
github.com/KaramelBytes/smushmux/cmd/analyze.go:219.3,219.15 1 0
github.com/KaramelBytes/smushmux/cmd/analyze.go:219.15,221.4 1 0
github.com/KaramelBytes/smushmux/cmd/analyze.go:222.3,222.13 1 0
github.com/KaramelBytes/smushmux/cmd/analyze.go:226.13,244.2 17 1
github.com/KaramelBytes/smushmux/cmd/analyze_batch.go:38.54,41.28 3 1
github.com/KaramelBytes/smushmux/cmd/analyze_batch.go:41.28,43.25 2 1
github.com/KaramelBytes/smushmux/cmd/analyze_batch.go:43.25,45.43 1 0
github.com/KaramelBytes/smushmux/cmd/analyze_batch.go:45.43,47.6 1 0
github.com/KaramelBytes/smushmux/cmd/analyze_batch.go:49.4,49.30 1 1
github.com/KaramelBytes/smushmux/cmd/analyze_batch.go:49.30,50.29 1 2
github.com/KaramelBytes/smushmux/cmd/analyze_batch.go:50.29,51.14 1 0
github.com/KaramelBytes/smushmux/cmd/analyze_batch.go:53.5,54.29 2 2
github.com/KaramelBytes/smushmux/cmd/analyze_batch.go:57.3,57.22 1 1
github.com/KaramelBytes/smushmux/cmd/analyze_batch.go:57.22,59.4 1 0
github.com/KaramelBytes/smushmux/cmd/analyze_batch.go:60.3,63.23 3 1
github.com/KaramelBytes/smushmux/cmd/analyze_batch.go:63.23,65.4 1 1
github.com/KaramelBytes/smushmux/cmd/analyze_batch.go:66.3,66.20 1 1
github.com/KaramelBytes/smushmux/cmd/analyze_batch.go:66.20,68.4 1 1
github.com/KaramelBytes/smushmux/cmd/analyze_batch.go:69.3,69.24 1 1
github.com/KaramelBytes/smushmux/cmd/analyze_batch.go:69.24,70.23 1 0
github.com/KaramelBytes/smushmux/cmd/analyze_batch.go:71.13,72.24 1 0
github.com/KaramelBytes/smushmux/cmd/analyze_batch.go:73.21,74.25 1 0
github.com/KaramelBytes/smushmux/cmd/analyze_batch.go:75.13,76.24 1 0
github.com/KaramelBytes/smushmux/cmd/analyze_batch.go:77.12,78.66 1 0
github.com/KaramelBytes/smushmux/cmd/analyze_batch.go:81.3,81.56 1 1
github.com/KaramelBytes/smushmux/cmd/analyze_batch.go:82.21,83.30 1 0
github.com/KaramelBytes/smushmux/cmd/analyze_batch.go:84.19,85.30 1 0
github.com/KaramelBytes/smushmux/cmd/analyze_batch.go:86.11,86.11 0 1
github.com/KaramelBytes/smushmux/cmd/analyze_batch.go:87.11,88.79 1 0
github.com/KaramelBytes/smushmux/cmd/analyze_batch.go:90.3,90.58 1 1
github.com/KaramelBytes/smushmux/cmd/analyze_batch.go:91.12,92.32 1 0
github.com/KaramelBytes/smushmux/cmd/analyze_batch.go:93.12,94.32 1 0
github.com/KaramelBytes/smushmux/cmd/analyze_batch.go:95.21,96.32 1 0
github.com/KaramelBytes/smushmux/cmd/analyze_batch.go:97.11,97.11 0 1
github.com/KaramelBytes/smushmux/cmd/analyze_batch.go:98.11,99.87 1 0
github.com/KaramelBytes/smushmux/cmd/analyze_batch.go:101.3,104.38 4 1
github.com/KaramelBytes/smushmux/cmd/analyze_batch.go:104.38,106.4 1 0
github.com/KaramelBytes/smushmux/cmd/analyze_batch.go:106.9,108.4 1 1
github.com/KaramelBytes/smushmux/cmd/analyze_batch.go:109.3,109.23 1 1
github.com/KaramelBytes/smushmux/cmd/analyze_batch.go:109.23,111.4 1 1
github.com/KaramelBytes/smushmux/cmd/analyze_batch.go:113.3,114.22 2 1
github.com/KaramelBytes/smushmux/cmd/analyze_batch.go:114.22,116.18 2 1
github.com/KaramelBytes/smushmux/cmd/analyze_batch.go:116.18,118.5 1 0
github.com/KaramelBytes/smushmux/cmd/analyze_batch.go:119.4,120.18 2 1
github.com/KaramelBytes/smushmux/cmd/analyze_batch.go:120.18,122.5 1 0
github.com/KaramelBytes/smushmux/cmd/analyze_batch.go:123.4,124.32 2 1
github.com/KaramelBytes/smushmux/cmd/analyze_batch.go:124.32,126.5 1 1
github.com/KaramelBytes/smushmux/cmd/analyze_batch.go:129.3,130.30 2 1
github.com/KaramelBytes/smushmux/cmd/analyze_batch.go:130.30,131.16 1 2
github.com/KaramelBytes/smushmux/cmd/analyze_batch.go:131.16,133.5 1 2
github.com/KaramelBytes/smushmux/cmd/analyze_batch.go:134.4,139.15 6 2
github.com/KaramelBytes/smushmux/cmd/analyze_batch.go:140.17,144.19 4 0
github.com/KaramelBytes/smushmux/cmd/analyze_batch.go:144.19,146.6 1 0
github.com/KaramelBytes/smushmux/cmd/analyze_batch.go:147.24,150.59 2 2
github.com/KaramelBytes/smushmux/cmd/analyze_batch.go:150.59,152.6 1 0
github.com/KaramelBytes/smushmux/cmd/analyze_batch.go:153.5,155.19 3 2
github.com/KaramelBytes/smushmux/cmd/analyze_batch.go:155.19,157.6 1 2
github.com/KaramelBytes/smushmux/cmd/analyze_batch.go:159.4,159.18 1 2
github.com/KaramelBytes/smushmux/cmd/analyze_batch.go:159.18,161.17 1 0
github.com/KaramelBytes/smushmux/cmd/analyze_batch.go:161.17,163.20 2 0
github.com/KaramelBytes/smushmux/cmd/analyze_batch.go:163.20,165.7 1 0
github.com/KaramelBytes/smushmux/cmd/analyze_batch.go:166.6,166.54 1 0
github.com/KaramelBytes/smushmux/cmd/analyze_batch.go:166.54,168.19 1 0
github.com/KaramelBytes/smushmux/cmd/analyze_batch.go:168.19,170.8 1 0
github.com/KaramelBytes/smushmux/cmd/analyze_batch.go:171.12,172.38 1 0
github.com/KaramelBytes/smushmux/cmd/analyze_batch.go:172.38,174.8 1 0
github.com/KaramelBytes/smushmux/cmd/analyze_batch.go:175.7,175.19 1 0
github.com/KaramelBytes/smushmux/cmd/analyze_batch.go:175.19,177.8 1 0
github.com/KaramelBytes/smushmux/cmd/analyze_batch.go:179.6,179.14 1 0
github.com/KaramelBytes/smushmux/cmd/analyze_batch.go:181.5,181.17 1 0
github.com/KaramelBytes/smushmux/cmd/analyze_batch.go:181.17,183.6 1 0
github.com/KaramelBytes/smushmux/cmd/analyze_batch.go:184.5,184.13 1 0
github.com/KaramelBytes/smushmux/cmd/analyze_batch.go:186.4,186.18 1 2
github.com/KaramelBytes/smushmux/cmd/analyze_batch.go:186.18,188.5 1 0
github.com/KaramelBytes/smushmux/cmd/analyze_batch.go:190.4,191.16 2 2
github.com/KaramelBytes/smushmux/cmd/analyze_batch.go:191.16,195.37 3 2
github.com/KaramelBytes/smushmux/cmd/analyze_batch.go:195.37,198.50 2 1
github.com/KaramelBytes/smushmux/cmd/analyze_batch.go:198.50,201.7 2 1
github.com/KaramelBytes/smushmux/cmd/analyze_batch.go:203.5,205.44 3 2
github.com/KaramelBytes/smushmux/cmd/analyze_batch.go:205.44,208.6 1 0
github.com/KaramelBytes/smushmux/cmd/analyze_batch.go:209.5,209.59 1 2
github.com/KaramelBytes/smushmux/cmd/analyze_batch.go:209.59,212.6 2 0
github.com/KaramelBytes/smushmux/cmd/analyze_batch.go:214.5,215.54 2 2
github.com/KaramelBytes/smushmux/cmd/analyze_batch.go:215.54,217.6 1 0
github.com/KaramelBytes/smushmux/cmd/analyze_batch.go:218.5,221.26 4 2
github.com/KaramelBytes/smushmux/cmd/analyze_batch.go:221.26,224.26 3 0
github.com/KaramelBytes/smushmux/cmd/analyze_batch.go:224.26,225.59 1 0
github.com/KaramelBytes/smushmux/cmd/analyze_batch.go:225.59,227.8 1 0
github.com/KaramelBytes/smushmux/cmd/analyze_batch.go:227.13,227.50 1 0
github.com/KaramelBytes/smushmux/cmd/analyze_batch.go:227.50,229.8 1 0
github.com/KaramelBytes/smushmux/cmd/analyze_batch.go:231.6,232.18 2 0
github.com/KaramelBytes/smushmux/cmd/analyze_batch.go:232.18,234.7 1 0
github.com/KaramelBytes/smushmux/cmd/analyze_batch.go:235.6,235.40 1 0
github.com/KaramelBytes/smushmux/cmd/analyze_batch.go:237.5,238.55 2 2
github.com/KaramelBytes/smushmux/cmd/analyze_batch.go:238.55,240.10 2 1
github.com/KaramelBytes/smushmux/cmd/analyze_batch.go:240.10,242.54 2 1
github.com/KaramelBytes/smushmux/cmd/analyze_batch.go:242.54,243.20 1 1
github.com/KaramelBytes/smushmux/cmd/analyze_batch.go:243.20,245.9 1 1
github.com/KaramelBytes/smushmux/cmd/analyze_batch.go:246.8,247.13 2 1
github.com/KaramelBytes/smushmux/cmd/analyze_batch.go:249.7,249.12 1 0
github.com/KaramelBytes/smushmux/cmd/analyze_batch.go:252.5,252.68 1 2
github.com/KaramelBytes/smushmux/cmd/analyze_batch.go:252.68,254.6 1 0
github.com/KaramelBytes/smushmux/cmd/analyze_batch.go:255.5,256.19 2 2
github.com/KaramelBytes/smushmux/cmd/analyze_batch.go:256.19,258.6 1 2
github.com/KaramelBytes/smushmux/cmd/analyze_batch.go:259.5,259.56 1 2
github.com/KaramelBytes/smushmux/cmd/analyze_batch.go:259.56,261.6 1 0
github.com/KaramelBytes/smushmux/cmd/analyze_batch.go:262.5,262.36 1 2
github.com/KaramelBytes/smushmux/cmd/analyze_batch.go:262.36,264.6 1 0
github.com/KaramelBytes/smushmux/cmd/analyze_batch.go:265.5,265.17 1 2
github.com/KaramelBytes/smushmux/cmd/analyze_batch.go:265.17,267.6 1 2
github.com/KaramelBytes/smushmux/cmd/analyze_batch.go:268.5,268.19 1 2
github.com/KaramelBytes/smushmux/cmd/analyze_batch.go:270.4,270.16 1 2
github.com/KaramelBytes/smushmux/cmd/analyze_batch.go:270.16,271.17 1 0
github.com/KaramelBytes/smushmux/cmd/analyze_batch.go:271.17,273.6 1 0
github.com/KaramelBytes/smushmux/cmd/analyze_batch.go:276.3,276.13 1 1
github.com/KaramelBytes/smushmux/cmd/analyze_batch.go:280.13,298.2 17 1
github.com/KaramelBytes/smushmux/cmd/config.go:19.54,20.17 1 2
github.com/KaramelBytes/smushmux/cmd/config.go:20.17,23.4 2 1
github.com/KaramelBytes/smushmux/cmd/config.go:24.3,26.32 3 1
github.com/KaramelBytes/smushmux/cmd/config.go:26.32,28.4 1 1
github.com/KaramelBytes/smushmux/cmd/config.go:29.3,29.31 1 1
github.com/KaramelBytes/smushmux/cmd/config.go:29.31,31.4 1 1
github.com/KaramelBytes/smushmux/cmd/config.go:32.3,32.34 1 1
github.com/KaramelBytes/smushmux/cmd/config.go:32.34,34.4 1 1
github.com/KaramelBytes/smushmux/cmd/config.go:35.3,35.28 1 1
github.com/KaramelBytes/smushmux/cmd/config.go:35.28,37.4 1 1
github.com/KaramelBytes/smushmux/cmd/config.go:38.3,38.33 1 1
github.com/KaramelBytes/smushmux/cmd/config.go:38.33,40.4 1 1
github.com/KaramelBytes/smushmux/cmd/config.go:41.3,44.13 4 1
github.com/KaramelBytes/smushmux/cmd/config.go:52.54,54.17 2 5
github.com/KaramelBytes/smushmux/cmd/config.go:54.17,56.18 2 0
github.com/KaramelBytes/smushmux/cmd/config.go:56.18,58.5 1 0
github.com/KaramelBytes/smushmux/cmd/config.go:59.4,59.11 1 0
github.com/KaramelBytes/smushmux/cmd/config.go:61.3,61.14 1 5
github.com/KaramelBytes/smushmux/cmd/config.go:62.18,63.20 1 0
github.com/KaramelBytes/smushmux/cmd/config.go:64.24,65.26 1 0
github.com/KaramelBytes/smushmux/cmd/config.go:66.27,67.15 1 2
github.com/KaramelBytes/smushmux/cmd/config.go:68.50,69.39 1 0
github.com/KaramelBytes/smushmux/cmd/config.go:70.46,71.35 1 1
github.com/KaramelBytes/smushmux/cmd/config.go:72.12,73.86 1 1
github.com/KaramelBytes/smushmux/cmd/config.go:75.26,76.28 1 0
github.com/KaramelBytes/smushmux/cmd/config.go:77.29,78.15 1 0
github.com/KaramelBytes/smushmux/cmd/config.go:79.50,80.41 1 0
github.com/KaramelBytes/smushmux/cmd/config.go:81.46,82.37 1 0
github.com/KaramelBytes/smushmux/cmd/config.go:83.12,84.88 1 0
github.com/KaramelBytes/smushmux/cmd/config.go:86.26,88.27 2 1
github.com/KaramelBytes/smushmux/cmd/config.go:88.27,90.5 1 1
github.com/KaramelBytes/smushmux/cmd/config.go:91.4,91.25 1 0
github.com/KaramelBytes/smushmux/cmd/config.go:92.30,94.27 2 0
github.com/KaramelBytes/smushmux/cmd/config.go:94.27,96.5 1 0
github.com/KaramelBytes/smushmux/cmd/config.go:97.4,97.29 1 0
github.com/KaramelBytes/smushmux/cmd/config.go:98.21,100.18 2 1
github.com/KaramelBytes/smushmux/cmd/config.go:100.18,102.5 1 0
github.com/KaramelBytes/smushmux/cmd/config.go:103.4,103.21 1 1
github.com/KaramelBytes/smushmux/cmd/config.go:104.22,106.18 2 1
github.com/KaramelBytes/smushmux/cmd/config.go:106.18,108.5 1 1
github.com/KaramelBytes/smushmux/cmd/config.go:109.4,109.23 1 0
github.com/KaramelBytes/smushmux/cmd/config.go:110.23,111.25 1 0
github.com/KaramelBytes/smushmux/cmd/config.go:112.11,113.45 1 0
github.com/KaramelBytes/smushmux/cmd/config.go:115.3,115.51 1 2
github.com/KaramelBytes/smushmux/cmd/config.go:115.51,117.4 1 0
github.com/KaramelBytes/smushmux/cmd/config.go:118.3,119.13 2 2
github.com/KaramelBytes/smushmux/cmd/config.go:123.13,127.2 3 1
github.com/KaramelBytes/smushmux/cmd/config.go:129.28,130.13 1 4
github.com/KaramelBytes/smushmux/cmd/config.go:130.13,132.3 1 1
github.com/KaramelBytes/smushmux/cmd/config.go:133.2,133.17 1 3
github.com/KaramelBytes/smushmux/cmd/config.go:133.17,135.3 1 1
github.com/KaramelBytes/smushmux/cmd/config.go:136.2,136.38 1 2
github.com/KaramelBytes/smushmux/cmd/explain.go:78.18,100.39 3 18
github.com/KaramelBytes/smushmux/cmd/explain.go:100.39,103.35 3 9
github.com/KaramelBytes/smushmux/cmd/explain.go:103.35,105.4 1 1
github.com/KaramelBytes/smushmux/cmd/explain.go:106.3,112.5 1 9
github.com/KaramelBytes/smushmux/cmd/explain.go:116.2,117.30 2 18
github.com/KaramelBytes/smushmux/cmd/explain.go:117.30,119.3 1 34
github.com/KaramelBytes/smushmux/cmd/explain.go:120.2,121.25 2 18
github.com/KaramelBytes/smushmux/cmd/explain.go:121.25,130.3 2 34
github.com/KaramelBytes/smushmux/cmd/explain.go:131.2,131.10 1 18
github.com/KaramelBytes/smushmux/cmd/explain.go:135.58,149.25 10 14
github.com/KaramelBytes/smushmux/cmd/explain.go:149.25,151.3 1 1
github.com/KaramelBytes/smushmux/cmd/explain.go:152.2,159.23 6 14
github.com/KaramelBytes/smushmux/cmd/explain.go:159.23,161.3 1 1
github.com/KaramelBytes/smushmux/cmd/explain.go:161.8,163.3 1 13
github.com/KaramelBytes/smushmux/cmd/explain.go:164.2,164.23 1 14
github.com/KaramelBytes/smushmux/cmd/explain.go:164.23,166.3 1 1
github.com/KaramelBytes/smushmux/cmd/explain.go:166.8,168.3 1 13
github.com/KaramelBytes/smushmux/cmd/explain.go:169.2,169.19 1 14
github.com/KaramelBytes/smushmux/cmd/explain.go:169.19,171.3 1 4
github.com/KaramelBytes/smushmux/cmd/explain.go:172.2,176.24 3 14
github.com/KaramelBytes/smushmux/cmd/explain.go:176.24,182.3 5 5
github.com/KaramelBytes/smushmux/cmd/explain.go:182.8,184.3 1 9
github.com/KaramelBytes/smushmux/cmd/explain.go:185.2,189.27 3 14
github.com/KaramelBytes/smushmux/cmd/explain.go:189.27,191.3 1 0
github.com/KaramelBytes/smushmux/cmd/explain.go:192.2,192.32 1 14
github.com/KaramelBytes/smushmux/cmd/explain.go:192.32,194.26 2 26
github.com/KaramelBytes/smushmux/cmd/explain.go:194.26,196.4 1 26
github.com/KaramelBytes/smushmux/cmd/explain.go:197.3,198.18 2 26
github.com/KaramelBytes/smushmux/cmd/explain.go:198.18,200.4 1 11
github.com/KaramelBytes/smushmux/cmd/explain.go:201.3,202.18 2 26
github.com/KaramelBytes/smushmux/cmd/explain.go:202.18,204.4 1 11
github.com/KaramelBytes/smushmux/cmd/explain.go:205.3,206.20 2 26
github.com/KaramelBytes/smushmux/cmd/explain.go:206.20,208.4 1 11
github.com/KaramelBytes/smushmux/cmd/explain.go:209.3,211.50 3 26
github.com/KaramelBytes/smushmux/cmd/explain.go:215.2,215.31 1 14
github.com/KaramelBytes/smushmux/cmd/explain.go:215.31,221.28 6 3
github.com/KaramelBytes/smushmux/cmd/explain.go:221.28,223.4 1 1
github.com/KaramelBytes/smushmux/cmd/explain.go:224.3,225.41 2 3
github.com/KaramelBytes/smushmux/cmd/explain.go:225.41,228.4 2 5
github.com/KaramelBytes/smushmux/cmd/explain.go:233.42,234.13 1 26
github.com/KaramelBytes/smushmux/cmd/explain.go:234.13,236.3 1 18
github.com/KaramelBytes/smushmux/cmd/explain.go:237.2,237.10 1 8
github.com/KaramelBytes/smushmux/cmd/generate.go:26.90,28.2 1 0
github.com/KaramelBytes/smushmux/cmd/generate.go:33.84,35.2 1 2
github.com/KaramelBytes/smushmux/cmd/generate.go:72.54,73.27 1 6
github.com/KaramelBytes/smushmux/cmd/generate.go:73.27,75.4 1 0
github.com/KaramelBytes/smushmux/cmd/generate.go:77.3,77.14 1 6
github.com/KaramelBytes/smushmux/cmd/generate.go:77.14,79.4 1 0
github.com/KaramelBytes/smushmux/cmd/generate.go:83.3,83.33 1 6
github.com/KaramelBytes/smushmux/cmd/generate.go:83.33,85.33 2 6
github.com/KaramelBytes/smushmux/cmd/generate.go:85.33,87.5 1 42
github.com/KaramelBytes/smushmux/cmd/generate.go:88.4,88.33 1 6
github.com/KaramelBytes/smushmux/cmd/generate.go:88.33,90.5 1 0
github.com/KaramelBytes/smushmux/cmd/generate.go:91.4,91.33 1 6
github.com/KaramelBytes/smushmux/cmd/generate.go:91.33,93.5 1 2
github.com/KaramelBytes/smushmux/cmd/generate.go:94.4,94.33 1 6
github.com/KaramelBytes/smushmux/cmd/generate.go:94.33,96.5 1 6
github.com/KaramelBytes/smushmux/cmd/generate.go:97.4,97.29 1 6
github.com/KaramelBytes/smushmux/cmd/generate.go:97.29,99.5 1 1
github.com/KaramelBytes/smushmux/cmd/generate.go:100.4,100.26 1 6
github.com/KaramelBytes/smushmux/cmd/generate.go:100.26,102.5 1 1
github.com/KaramelBytes/smushmux/cmd/generate.go:103.4,103.31 1 6
github.com/KaramelBytes/smushmux/cmd/generate.go:103.31,105.5 1 1
github.com/KaramelBytes/smushmux/cmd/generate.go:106.4,106.32 1 6
github.com/KaramelBytes/smushmux/cmd/generate.go:106.32,108.5 1 6
github.com/KaramelBytes/smushmux/cmd/generate.go:109.4,109.28 1 6
github.com/KaramelBytes/smushmux/cmd/generate.go:109.28,111.5 1 0
github.com/KaramelBytes/smushmux/cmd/generate.go:112.4,112.28 1 6
github.com/KaramelBytes/smushmux/cmd/generate.go:112.28,114.5 1 3
github.com/KaramelBytes/smushmux/cmd/generate.go:117.3,118.17 2 6
github.com/KaramelBytes/smushmux/cmd/generate.go:118.17,120.4 1 0
github.com/KaramelBytes/smushmux/cmd/generate.go:121.3,122.17 2 6
github.com/KaramelBytes/smushmux/cmd/generate.go:122.17,124.4 1 0
github.com/KaramelBytes/smushmux/cmd/generate.go:126.3,127.24 2 6
github.com/KaramelBytes/smushmux/cmd/generate.go:127.24,128.55 1 1
github.com/KaramelBytes/smushmux/cmd/generate.go:128.55,132.5 3 1
github.com/KaramelBytes/smushmux/cmd/generate.go:132.10,134.5 1 0
github.com/KaramelBytes/smushmux/cmd/generate.go:138.3,138.27 1 6
github.com/KaramelBytes/smushmux/cmd/generate.go:138.27,141.45 3 0
github.com/KaramelBytes/smushmux/cmd/generate.go:141.45,144.5 2 0
github.com/KaramelBytes/smushmux/cmd/generate.go:144.10,146.27 1 0
github.com/KaramelBytes/smushmux/cmd/generate.go:147.46,149.27 2 0
github.com/KaramelBytes/smushmux/cmd/generate.go:152.4,152.22 1 0
github.com/KaramelBytes/smushmux/cmd/generate.go:152.22,153.53 1 0
github.com/KaramelBytes/smushmux/cmd/generate.go:153.53,157.6 3 0
github.com/KaramelBytes/smushmux/cmd/generate.go:157.11,157.26 1 0
github.com/KaramelBytes/smushmux/cmd/generate.go:157.26,159.6 1 0
github.com/KaramelBytes/smushmux/cmd/generate.go:161.4,161.36 1 0
github.com/KaramelBytes/smushmux/cmd/generate.go:161.36,164.40 2 0
github.com/KaramelBytes/smushmux/cmd/generate.go:164.40,166.6 1 0
github.com/KaramelBytes/smushmux/cmd/generate.go:167.5,167.54 1 0
github.com/KaramelBytes/smushmux/cmd/generate.go:167.54,169.20 2 0
github.com/KaramelBytes/smushmux/cmd/generate.go:169.20,171.7 1 0
github.com/KaramelBytes/smushmux/cmd/generate.go:172.6,172.81 1 0
github.com/KaramelBytes/smushmux/cmd/generate.go:173.11,175.6 1 0
github.com/KaramelBytes/smushmux/cmd/generate.go:178.3,179.17 2 6
github.com/KaramelBytes/smushmux/cmd/generate.go:179.17,181.4 1 0
github.com/KaramelBytes/smushmux/cmd/generate.go:183.3,201.17 3 6
github.com/KaramelBytes/smushmux/cmd/generate.go:201.17,203.4 1 0
github.com/KaramelBytes/smushmux/cmd/generate.go:206.3,206.52 1 6
github.com/KaramelBytes/smushmux/cmd/generate.go:206.52,207.17 1 0
github.com/KaramelBytes/smushmux/cmd/generate.go:207.17,209.5 1 0
github.com/KaramelBytes/smushmux/cmd/generate.go:210.4,211.38 2 0
github.com/KaramelBytes/smushmux/cmd/generate.go:214.3,217.66 3 6
github.com/KaramelBytes/smushmux/cmd/generate.go:217.66,219.4 1 0
github.com/KaramelBytes/smushmux/cmd/generate.go:220.3,220.21 1 6
github.com/KaramelBytes/smushmux/cmd/generate.go:220.21,222.4 1 5
github.com/KaramelBytes/smushmux/cmd/generate.go:224.3,225.63 2 6
github.com/KaramelBytes/smushmux/cmd/generate.go:225.63,227.4 1 0
github.com/KaramelBytes/smushmux/cmd/generate.go:228.3,228.16 1 6
github.com/KaramelBytes/smushmux/cmd/generate.go:228.16,230.4 1 6
github.com/KaramelBytes/smushmux/cmd/generate.go:233.3,234.33 2 6
github.com/KaramelBytes/smushmux/cmd/generate.go:234.33,236.4 1 7
github.com/KaramelBytes/smushmux/cmd/generate.go:237.3,239.19 3 6
github.com/KaramelBytes/smushmux/cmd/generate.go:239.19,241.4 1 0
github.com/KaramelBytes/smushmux/cmd/generate.go:243.3,243.16 1 6
github.com/KaramelBytes/smushmux/cmd/generate.go:243.16,245.4 1 6
github.com/KaramelBytes/smushmux/cmd/generate.go:248.3,249.42 2 6
github.com/KaramelBytes/smushmux/cmd/generate.go:249.42,251.59 2 6
github.com/KaramelBytes/smushmux/cmd/generate.go:251.59,255.18 2 1
github.com/KaramelBytes/smushmux/cmd/generate.go:255.18,257.6 1 1
github.com/KaramelBytes/smushmux/cmd/generate.go:259.5,264.20 2 1
github.com/KaramelBytes/smushmux/cmd/generate.go:264.20,266.7 1 0
github.com/KaramelBytes/smushmux/cmd/generate.go:267.6,267.70 1 1
github.com/KaramelBytes/smushmux/cmd/generate.go:267.70,269.33 2 1
github.com/KaramelBytes/smushmux/cmd/generate.go:269.33,271.8 1 0
github.com/KaramelBytes/smushmux/cmd/generate.go:273.7,282.27 1 1
github.com/KaramelBytes/smushmux/cmd/generate.go:286.4,286.68 1 5
github.com/KaramelBytes/smushmux/cmd/generate.go:286.68,288.18 2 5
github.com/KaramelBytes/smushmux/cmd/generate.go:288.18,290.6 1 5
github.com/KaramelBytes/smushmux/cmd/generate.go:294.3,294.64 1 5
github.com/KaramelBytes/smushmux/cmd/generate.go:294.64,296.4 1 1
github.com/KaramelBytes/smushmux/cmd/generate.go:298.3,298.17 1 4
github.com/KaramelBytes/smushmux/cmd/generate.go:298.17,300.15 2 3
github.com/KaramelBytes/smushmux/cmd/generate.go:300.15,302.5 1 0
github.com/KaramelBytes/smushmux/cmd/generate.go:304.4,305.72 2 3
github.com/KaramelBytes/smushmux/cmd/generate.go:305.72,307.5 1 0
github.com/KaramelBytes/smushmux/cmd/generate.go:308.4,309.74 2 3
github.com/KaramelBytes/smushmux/cmd/generate.go:309.74,311.5 1 0
github.com/KaramelBytes/smushmux/cmd/generate.go:312.4,313.80 2 3
github.com/KaramelBytes/smushmux/cmd/generate.go:313.80,315.5 1 0
github.com/KaramelBytes/smushmux/cmd/generate.go:316.4,317.54 2 3
github.com/KaramelBytes/smushmux/cmd/generate.go:317.54,319.5 1 0
github.com/KaramelBytes/smushmux/cmd/generate.go:320.4,341.47 2 3
github.com/KaramelBytes/smushmux/cmd/generate.go:344.3,344.16 1 4
github.com/KaramelBytes/smushmux/cmd/generate.go:344.16,345.17 1 4
github.com/KaramelBytes/smushmux/cmd/generate.go:345.17,351.5 4 4
github.com/KaramelBytes/smushmux/cmd/generate.go:352.4,353.14 2 4
github.com/KaramelBytes/smushmux/cmd/generate.go:356.3,356.34 1 0
github.com/KaramelBytes/smushmux/cmd/generate.go:356.34,359.4 2 0
github.com/KaramelBytes/smushmux/cmd/generate.go:361.3,365.17 2 0
github.com/KaramelBytes/smushmux/cmd/generate.go:365.17,367.4 1 0
github.com/KaramelBytes/smushmux/cmd/generate.go:370.3,371.22 2 0
github.com/KaramelBytes/smushmux/cmd/generate.go:371.22,373.4 1 0
github.com/KaramelBytes/smushmux/cmd/generate.go:374.3,387.22 4 0
github.com/KaramelBytes/smushmux/cmd/generate.go:387.22,388.17 1 0
github.com/KaramelBytes/smushmux/cmd/generate.go:388.17,390.5 1 0
github.com/KaramelBytes/smushmux/cmd/generate.go:392.3,392.57 1 0
github.com/KaramelBytes/smushmux/cmd/generate.go:392.57,393.17 1 0
github.com/KaramelBytes/smushmux/cmd/generate.go:393.17,395.5 1 0
github.com/KaramelBytes/smushmux/cmd/generate.go:398.3,398.16 1 0
github.com/KaramelBytes/smushmux/cmd/generate.go:398.16,400.4 1 0
github.com/KaramelBytes/smushmux/cmd/generate.go:401.3,409.17 2 0
github.com/KaramelBytes/smushmux/cmd/generate.go:409.17,411.4 1 0
github.com/KaramelBytes/smushmux/cmd/generate.go:412.3,412.14 1 0
github.com/KaramelBytes/smushmux/cmd/generate.go:412.14,414.4 1 0
github.com/KaramelBytes/smushmux/cmd/generate.go:415.3,416.17 2 0
github.com/KaramelBytes/smushmux/cmd/generate.go:416.17,427.11 2 0
github.com/KaramelBytes/smushmux/cmd/generate.go:428.34,429.42 1 0
github.com/KaramelBytes/smushmux/cmd/generate.go:429.42,431.6 1 0
github.com/KaramelBytes/smushmux/cmd/generate.go:432.5,432.97 1 0
github.com/KaramelBytes/smushmux/cmd/generate.go:433.34,434.131 1 0
github.com/KaramelBytes/smushmux/cmd/generate.go:435.32,436.29 1 0
github.com/KaramelBytes/smushmux/cmd/generate.go:436.29,438.6 1 0
github.com/KaramelBytes/smushmux/cmd/generate.go:439.5,439.73 1 0
github.com/KaramelBytes/smushmux/cmd/generate.go:440.32,441.42 1 0
github.com/KaramelBytes/smushmux/cmd/generate.go:441.42,443.6 1 0
github.com/KaramelBytes/smushmux/cmd/generate.go:444.5,444.155 1 0
github.com/KaramelBytes/smushmux/cmd/generate.go:445.32,447.23 1 0
github.com/KaramelBytes/smushmux/cmd/generate.go:447.23,452.6 1 0
github.com/KaramelBytes/smushmux/cmd/generate.go:453.5,453.90 1 0
github.com/KaramelBytes/smushmux/cmd/generate.go:454.31,455.83 1 0
github.com/KaramelBytes/smushmux/cmd/generate.go:456.31,457.98 1 0
github.com/KaramelBytes/smushmux/cmd/generate.go:458.12,459.52 1 0
github.com/KaramelBytes/smushmux/cmd/generate.go:462.3,462.29 1 0
github.com/KaramelBytes/smushmux/cmd/generate.go:462.29,464.4 1 0
github.com/KaramelBytes/smushmux/cmd/generate.go:465.3,465.27 1 0
github.com/KaramelBytes/smushmux/cmd/generate.go:465.27,467.4 1 0
github.com/KaramelBytes/smushmux/cmd/generate.go:468.3,480.18 2 0
github.com/KaramelBytes/smushmux/cmd/generate.go:480.18,482.4 1 0
github.com/KaramelBytes/smushmux/cmd/generate.go:483.3,483.13 1 0
github.com/KaramelBytes/smushmux/cmd/generate.go:487.13,514.2 25 1
github.com/KaramelBytes/smushmux/cmd/generate_helpers.go:41.212,42.19 1 8
github.com/KaramelBytes/smushmux/cmd/generate_helpers.go:42.19,44.3 1 6
github.com/KaramelBytes/smushmux/cmd/generate_helpers.go:46.2,47.65 2 2
github.com/KaramelBytes/smushmux/cmd/generate_helpers.go:47.65,49.3 1 1
github.com/KaramelBytes/smushmux/cmd/generate_helpers.go:50.2,50.20 1 2
github.com/KaramelBytes/smushmux/cmd/generate_helpers.go:50.20,52.3 1 1
github.com/KaramelBytes/smushmux/cmd/generate_helpers.go:54.2,55.64 2 2
github.com/KaramelBytes/smushmux/cmd/generate_helpers.go:55.64,57.3 1 1
github.com/KaramelBytes/smushmux/cmd/generate_helpers.go:58.2,58.22 1 2
github.com/KaramelBytes/smushmux/cmd/generate_helpers.go:58.22,59.36 1 1
github.com/KaramelBytes/smushmux/cmd/generate_helpers.go:59.36,61.4 1 0
github.com/KaramelBytes/smushmux/cmd/generate_helpers.go:61.9,63.4 1 1
github.com/KaramelBytes/smushmux/cmd/generate_helpers.go:66.2,66.29 1 2
github.com/KaramelBytes/smushmux/cmd/generate_helpers.go:66.29,68.3 1 0
github.com/KaramelBytes/smushmux/cmd/generate_helpers.go:69.2,69.28 1 2
github.com/KaramelBytes/smushmux/cmd/generate_helpers.go:69.28,71.3 1 0
github.com/KaramelBytes/smushmux/cmd/generate_helpers.go:73.2,74.16 2 2
github.com/KaramelBytes/smushmux/cmd/generate_helpers.go:74.16,76.3 1 0
github.com/KaramelBytes/smushmux/cmd/generate_helpers.go:78.2,79.33 2 2
github.com/KaramelBytes/smushmux/cmd/generate_helpers.go:79.33,81.3 1 2
github.com/KaramelBytes/smushmux/cmd/generate_helpers.go:83.2,93.16 2 2
github.com/KaramelBytes/smushmux/cmd/generate_helpers.go:93.16,94.36 1 1
github.com/KaramelBytes/smushmux/cmd/generate_helpers.go:94.36,96.4 1 0
github.com/KaramelBytes/smushmux/cmd/generate_helpers.go:97.3,97.36 1 1
github.com/KaramelBytes/smushmux/cmd/generate_helpers.go:97.36,99.4 1 0
github.com/KaramelBytes/smushmux/cmd/generate_helpers.go:100.3,100.39 1 1
github.com/KaramelBytes/smushmux/cmd/generate_helpers.go:100.39,102.4 1 0
github.com/KaramelBytes/smushmux/cmd/generate_helpers.go:105.2,106.16 2 2
github.com/KaramelBytes/smushmux/cmd/generate_helpers.go:106.16,108.3 1 0
github.com/KaramelBytes/smushmux/cmd/generate_helpers.go:110.2,111.37 2 2
github.com/KaramelBytes/smushmux/cmd/generate_helpers.go:111.37,113.3 1 0
github.com/KaramelBytes/smushmux/cmd/generate_helpers.go:115.2,116.54 2 2
github.com/KaramelBytes/smushmux/cmd/generate_helpers.go:116.54,118.3 1 0
github.com/KaramelBytes/smushmux/cmd/generate_helpers.go:119.2,119.15 1 2
github.com/KaramelBytes/smushmux/cmd/generate_helpers.go:119.15,121.3 1 1
github.com/KaramelBytes/smushmux/cmd/generate_helpers.go:123.2,124.33 2 2
github.com/KaramelBytes/smushmux/cmd/generate_helpers.go:124.33,126.3 1 1
github.com/KaramelBytes/smushmux/cmd/generate_helpers.go:127.2,127.18 1 2
github.com/KaramelBytes/smushmux/cmd/generate_helpers.go:127.18,129.3 1 0
github.com/KaramelBytes/smushmux/cmd/generate_helpers.go:131.2,132.23 2 2
github.com/KaramelBytes/smushmux/cmd/generate_helpers.go:132.23,134.3 1 0
github.com/KaramelBytes/smushmux/cmd/generate_helpers.go:136.2,138.28 3 2
github.com/KaramelBytes/smushmux/cmd/generate_helpers.go:138.28,142.3 3 2
github.com/KaramelBytes/smushmux/cmd/generate_helpers.go:144.2,145.62 2 2
github.com/KaramelBytes/smushmux/cmd/generate_helpers.go:148.141,150.42 2 0
github.com/KaramelBytes/smushmux/cmd/generate_helpers.go:150.42,152.3 1 0
github.com/KaramelBytes/smushmux/cmd/generate_helpers.go:154.2,154.18 1 0
github.com/KaramelBytes/smushmux/cmd/generate_helpers.go:155.25,157.17 2 0
github.com/KaramelBytes/smushmux/cmd/generate_helpers.go:157.17,158.55 1 0
github.com/KaramelBytes/smushmux/cmd/generate_helpers.go:158.55,160.5 1 0
github.com/KaramelBytes/smushmux/cmd/generate_helpers.go:162.3,162.55 1 0
github.com/KaramelBytes/smushmux/cmd/generate_helpers.go:162.55,164.4 1 0
github.com/KaramelBytes/smushmux/cmd/generate_helpers.go:165.3,165.17 1 0
github.com/KaramelBytes/smushmux/cmd/generate_helpers.go:165.17,167.4 1 0
github.com/KaramelBytes/smushmux/cmd/generate_helpers.go:168.3,168.61 1 0
github.com/KaramelBytes/smushmux/cmd/generate_helpers.go:168.61,169.54 1 0
github.com/KaramelBytes/smushmux/cmd/generate_helpers.go:169.54,171.5 1 0
github.com/KaramelBytes/smushmux/cmd/generate_helpers.go:173.3,173.45 1 0
github.com/KaramelBytes/smushmux/cmd/generate_helpers.go:173.45,175.4 1 0
github.com/KaramelBytes/smushmux/cmd/generate_helpers.go:176.3,177.83 2 0
github.com/KaramelBytes/smushmux/cmd/generate_helpers.go:177.83,179.4 1 0
github.com/KaramelBytes/smushmux/cmd/generate_helpers.go:180.10,182.53 2 0
github.com/KaramelBytes/smushmux/cmd/generate_helpers.go:182.53,184.4 1 0
github.com/KaramelBytes/smushmux/cmd/generate_helpers.go:185.3,186.55 2 0
github.com/KaramelBytes/smushmux/cmd/generate_helpers.go:195.88,200.16 5 2
github.com/KaramelBytes/smushmux/cmd/generate_helpers.go:200.16,201.29 1 1
github.com/KaramelBytes/smushmux/cmd/generate_helpers.go:201.29,203.4 1 0
github.com/KaramelBytes/smushmux/cmd/generate_helpers.go:204.3,204.31 1 1
github.com/KaramelBytes/smushmux/cmd/generate_helpers.go:204.31,206.4 1 0
github.com/KaramelBytes/smushmux/cmd/generate_helpers.go:207.3,207.31 1 1
github.com/KaramelBytes/smushmux/cmd/generate_helpers.go:207.31,209.4 1 0
github.com/KaramelBytes/smushmux/cmd/generate_helpers.go:210.3,210.30 1 1
github.com/KaramelBytes/smushmux/cmd/generate_helpers.go:210.30,212.4 1 0
github.com/KaramelBytes/smushmux/cmd/generate_helpers.go:215.2,216.67 2 2
github.com/KaramelBytes/smushmux/cmd/generate_helpers.go:216.67,218.3 1 1
github.com/KaramelBytes/smushmux/cmd/generate_helpers.go:219.2,219.24 1 2
github.com/KaramelBytes/smushmux/cmd/generate_helpers.go:219.24,221.3 1 0
github.com/KaramelBytes/smushmux/cmd/generate_helpers.go:223.2,223.22 1 2
github.com/KaramelBytes/smushmux/cmd/generate_helpers.go:224.15,225.35 1 1
github.com/KaramelBytes/smushmux/cmd/generate_helpers.go:226.66,227.39 1 0
github.com/KaramelBytes/smushmux/cmd/generate_helpers.go:228.16,229.35 1 1
github.com/KaramelBytes/smushmux/cmd/generate_helpers.go:232.2,233.52 2 2
github.com/KaramelBytes/smushmux/cmd/generate_helpers.go:233.52,235.3 1 0
github.com/KaramelBytes/smushmux/cmd/generate_helpers.go:237.2,245.39 2 2
github.com/KaramelBytes/smushmux/cmd/generate_helpers.go:245.39,247.17 2 2
github.com/KaramelBytes/smushmux/cmd/generate_helpers.go:247.17,248.55 1 2
github.com/KaramelBytes/smushmux/cmd/generate_helpers.go:248.55,250.5 1 0
github.com/KaramelBytes/smushmux/cmd/generate_helpers.go:252.3,252.55 1 2
github.com/KaramelBytes/smushmux/cmd/generate_helpers.go:252.55,254.4 1 1
github.com/KaramelBytes/smushmux/cmd/generate_helpers.go:255.3,255.17 1 2
github.com/KaramelBytes/smushmux/cmd/generate_helpers.go:255.17,257.4 1 1
github.com/KaramelBytes/smushmux/cmd/generate_helpers.go:258.3,259.61 2 2
github.com/KaramelBytes/smushmux/cmd/generate_helpers.go:259.61,260.54 1 0
github.com/KaramelBytes/smushmux/cmd/generate_helpers.go:260.54,262.5 1 0
github.com/KaramelBytes/smushmux/cmd/generate_helpers.go:264.3,264.45 1 2
github.com/KaramelBytes/smushmux/cmd/generate_helpers.go:264.45,266.4 1 0
github.com/KaramelBytes/smushmux/cmd/generate_helpers.go:269.2,270.9 2 2
github.com/KaramelBytes/smushmux/cmd/generate_helpers.go:270.9,272.3 1 0
github.com/KaramelBytes/smushmux/cmd/generate_helpers.go:273.2,273.34 1 2
github.com/KaramelBytes/smushmux/cmd/generate_helpers.go:276.82,277.20 1 10
github.com/KaramelBytes/smushmux/cmd/generate_helpers.go:277.20,279.3 1 2
github.com/KaramelBytes/smushmux/cmd/generate_helpers.go:280.2,280.57 1 8
github.com/KaramelBytes/smushmux/cmd/generate_helpers.go:280.57,282.3 1 1
github.com/KaramelBytes/smushmux/cmd/generate_helpers.go:283.2,283.42 1 7
github.com/KaramelBytes/smushmux/cmd/generate_helpers.go:283.42,285.3 1 1
github.com/KaramelBytes/smushmux/cmd/generate_helpers.go:286.2,286.29 1 6
github.com/KaramelBytes/smushmux/cmd/generate_helpers.go:289.50,290.49 1 7
github.com/KaramelBytes/smushmux/cmd/generate_helpers.go:290.49,292.3 1 2
github.com/KaramelBytes/smushmux/cmd/generate_helpers.go:293.2,293.12 1 5
github.com/KaramelBytes/smushmux/cmd/generate_helpers.go:305.124,306.19 1 3
github.com/KaramelBytes/smushmux/cmd/generate_helpers.go:306.19,308.3 1 0
github.com/KaramelBytes/smushmux/cmd/generate_helpers.go:310.2,311.22 2 3
github.com/KaramelBytes/smushmux/cmd/generate_helpers.go:311.22,313.3 1 1
github.com/KaramelBytes/smushmux/cmd/generate_helpers.go:314.2,315.24 2 3
github.com/KaramelBytes/smushmux/cmd/generate_helpers.go:315.24,317.3 1 1
github.com/KaramelBytes/smushmux/cmd/generate_helpers.go:319.2,320.9 2 3
github.com/KaramelBytes/smushmux/cmd/generate_helpers.go:320.9,321.18 1 1
github.com/KaramelBytes/smushmux/cmd/generate_helpers.go:321.18,323.4 1 1
github.com/KaramelBytes/smushmux/cmd/generate_helpers.go:324.3,324.20 1 1
github.com/KaramelBytes/smushmux/cmd/generate_helpers.go:327.2,327.37 1 2
github.com/KaramelBytes/smushmux/cmd/generate_helpers.go:327.37,330.3 2 1
github.com/KaramelBytes/smushmux/cmd/generate_helpers.go:331.2,331.17 1 2
github.com/KaramelBytes/smushmux/cmd/generate_helpers.go:331.17,333.3 1 1
github.com/KaramelBytes/smushmux/cmd/generate_helpers.go:335.2,335.59 1 2
github.com/KaramelBytes/smushmux/cmd/generate_helpers.go:335.59,337.3 1 2
github.com/KaramelBytes/smushmux/cmd/generate_helpers.go:337.17,339.3 1 1
github.com/KaramelBytes/smushmux/cmd/generate_helpers.go:341.2,341.17 1 1
github.com/KaramelBytes/smushmux/cmd/generate_helpers.go:341.17,343.3 1 1
github.com/KaramelBytes/smushmux/cmd/generate_helpers.go:344.2,344.18 1 1
github.com/KaramelBytes/smushmux/cmd/generate_helpers.go:360.69,362.14 2 1
github.com/KaramelBytes/smushmux/cmd/generate_helpers.go:362.14,364.3 1 0
github.com/KaramelBytes/smushmux/cmd/generate_helpers.go:366.2,366.15 1 1
github.com/KaramelBytes/smushmux/cmd/generate_helpers.go:366.15,376.17 3 0
github.com/KaramelBytes/smushmux/cmd/generate_helpers.go:376.17,378.4 1 0
github.com/KaramelBytes/smushmux/cmd/generate_helpers.go:379.3,379.29 1 0
github.com/KaramelBytes/smushmux/cmd/generate_helpers.go:380.8,381.17 1 1
github.com/KaramelBytes/smushmux/cmd/generate_helpers.go:381.17,383.4 1 0
github.com/KaramelBytes/smushmux/cmd/generate_helpers.go:383.9,386.4 2 1
github.com/KaramelBytes/smushmux/cmd/generate_helpers.go:389.2,389.27 1 1
github.com/KaramelBytes/smushmux/cmd/generate_helpers.go:389.27,391.3 1 0
github.com/KaramelBytes/smushmux/cmd/generate_helpers.go:393.2,393.27 1 1
github.com/KaramelBytes/smushmux/cmd/generate_helpers.go:394.36,395.79 1 1
github.com/KaramelBytes/smushmux/cmd/generate_helpers.go:395.79,397.4 1 0
github.com/KaramelBytes/smushmux/cmd/generate_helpers.go:398.14,408.17 3 0
github.com/KaramelBytes/smushmux/cmd/generate_helpers.go:408.17,410.4 1 0
github.com/KaramelBytes/smushmux/cmd/generate_helpers.go:411.3,411.65 1 0
github.com/KaramelBytes/smushmux/cmd/generate_helpers.go:411.65,413.4 1 0
github.com/KaramelBytes/smushmux/cmd/generate_helpers.go:414.10,415.92 1 0
github.com/KaramelBytes/smushmux/cmd/generate_helpers.go:418.2,418.17 1 1
github.com/KaramelBytes/smushmux/cmd/generate_helpers.go:418.17,420.3 1 1
github.com/KaramelBytes/smushmux/cmd/generate_helpers.go:421.2,421.12 1 1
github.com/KaramelBytes/smushmux/cmd/init.go:23.54,26.17 3 8
github.com/KaramelBytes/smushmux/cmd/init.go:26.17,28.4 1 0
github.com/KaramelBytes/smushmux/cmd/init.go:29.3,31.64 2 8
github.com/KaramelBytes/smushmux/cmd/init.go:31.64,33.50 2 1
github.com/KaramelBytes/smushmux/cmd/init.go:33.50,35.5 1 1
github.com/KaramelBytes/smushmux/cmd/init.go:36.4,37.18 2 0
github.com/KaramelBytes/smushmux/cmd/init.go:37.18,39.5 1 0
github.com/KaramelBytes/smushmux/cmd/init.go:40.4,40.24 1 0
github.com/KaramelBytes/smushmux/cmd/init.go:40.24,42.5 1 0
github.com/KaramelBytes/smushmux/cmd/init.go:43.9,43.47 1 7
github.com/KaramelBytes/smushmux/cmd/init.go:43.47,45.4 1 0
github.com/KaramelBytes/smushmux/cmd/init.go:46.3,46.57 1 7
github.com/KaramelBytes/smushmux/cmd/init.go:46.57,48.4 1 0
github.com/KaramelBytes/smushmux/cmd/init.go:49.3,50.34 2 7
github.com/KaramelBytes/smushmux/cmd/init.go:50.34,52.4 1 0
github.com/KaramelBytes/smushmux/cmd/init.go:53.3,54.13 2 7
github.com/KaramelBytes/smushmux/cmd/init.go:58.43,59.41 1 36
github.com/KaramelBytes/smushmux/cmd/init.go:59.41,61.34 2 12
github.com/KaramelBytes/smushmux/cmd/init.go:61.34,63.18 2 1
github.com/KaramelBytes/smushmux/cmd/init.go:63.18,65.5 1 0
github.com/KaramelBytes/smushmux/cmd/init.go:66.4,69.34 4 1
github.com/KaramelBytes/smushmux/cmd/init.go:71.3,72.53 2 12
github.com/KaramelBytes/smushmux/cmd/init.go:72.53,74.4 1 0
github.com/KaramelBytes/smushmux/cmd/init.go:75.3,75.18 1 12
github.com/KaramelBytes/smushmux/cmd/init.go:77.2,78.16 2 24
github.com/KaramelBytes/smushmux/cmd/init.go:78.16,80.3 1 0
github.com/KaramelBytes/smushmux/cmd/init.go:81.2,82.52 2 24
github.com/KaramelBytes/smushmux/cmd/init.go:82.52,84.3 1 0
github.com/KaramelBytes/smushmux/cmd/init.go:85.2,85.17 1 24
github.com/KaramelBytes/smushmux/cmd/init.go:88.59,89.16 1 26
github.com/KaramelBytes/smushmux/cmd/init.go:89.16,91.3 1 1
github.com/KaramelBytes/smushmux/cmd/init.go:92.2,93.16 2 25
github.com/KaramelBytes/smushmux/cmd/init.go:93.16,95.3 1 0
github.com/KaramelBytes/smushmux/cmd/init.go:96.2,96.39 1 25
github.com/KaramelBytes/smushmux/cmd/init.go:99.13,102.2 2 1
github.com/KaramelBytes/smushmux/cmd/instruct.go:18.54,20.29 2 5
github.com/KaramelBytes/smushmux/cmd/instruct.go:20.29,22.4 1 0
github.com/KaramelBytes/smushmux/cmd/instruct.go:23.3,24.17 2 5
github.com/KaramelBytes/smushmux/cmd/instruct.go:24.17,26.4 1 0
github.com/KaramelBytes/smushmux/cmd/instruct.go:27.3,28.17 2 5
github.com/KaramelBytes/smushmux/cmd/instruct.go:28.17,30.4 1 0
github.com/KaramelBytes/smushmux/cmd/instruct.go:31.3,32.34 2 5
github.com/KaramelBytes/smushmux/cmd/instruct.go:32.34,34.4 1 0
github.com/KaramelBytes/smushmux/cmd/instruct.go:35.3,36.13 2 5
github.com/KaramelBytes/smushmux/cmd/instruct.go:40.13,43.2 2 1
github.com/KaramelBytes/smushmux/cmd/list.go:22.54,23.31 1 3
github.com/KaramelBytes/smushmux/cmd/list.go:23.31,25.4 1 1
github.com/KaramelBytes/smushmux/cmd/list.go:26.3,26.19 1 2
github.com/KaramelBytes/smushmux/cmd/list.go:26.19,28.4 1 0
github.com/KaramelBytes/smushmux/cmd/list.go:30.3,30.25 1 2
github.com/KaramelBytes/smushmux/cmd/list.go:30.25,32.4 1 1
github.com/KaramelBytes/smushmux/cmd/list.go:33.3,34.17 2 1
github.com/KaramelBytes/smushmux/cmd/list.go:34.17,36.4 1 0
github.com/KaramelBytes/smushmux/cmd/list.go:37.3,38.17 2 1
github.com/KaramelBytes/smushmux/cmd/list.go:38.17,40.4 1 0
github.com/KaramelBytes/smushmux/cmd/list.go:41.3,41.28 1 1
github.com/KaramelBytes/smushmux/cmd/list.go:41.28,44.4 2 0
github.com/KaramelBytes/smushmux/cmd/list.go:45.3,46.31 2 1
github.com/KaramelBytes/smushmux/cmd/list.go:46.31,48.4 1 1
github.com/KaramelBytes/smushmux/cmd/list.go:49.3,50.26 2 1
github.com/KaramelBytes/smushmux/cmd/list.go:50.26,53.4 2 1
github.com/KaramelBytes/smushmux/cmd/list.go:54.3,54.13 1 1
github.com/KaramelBytes/smushmux/cmd/list.go:58.30,60.16 2 2
github.com/KaramelBytes/smushmux/cmd/list.go:60.16,62.3 1 0
github.com/KaramelBytes/smushmux/cmd/list.go:63.2,64.16 2 2
github.com/KaramelBytes/smushmux/cmd/list.go:64.16,66.3 1 0
github.com/KaramelBytes/smushmux/cmd/list.go:67.2,68.25 2 2
github.com/KaramelBytes/smushmux/cmd/list.go:68.25,69.17 1 2
github.com/KaramelBytes/smushmux/cmd/list.go:69.17,70.12 1 0
github.com/KaramelBytes/smushmux/cmd/list.go:72.3,73.40 2 2
github.com/KaramelBytes/smushmux/cmd/list.go:73.40,76.4 2 1
github.com/KaramelBytes/smushmux/cmd/list.go:78.2,78.12 1 2
github.com/KaramelBytes/smushmux/cmd/list.go:78.12,80.3 1 1
github.com/KaramelBytes/smushmux/cmd/list.go:81.2,81.12 1 2
github.com/KaramelBytes/smushmux/cmd/list.go:84.13,89.2 4 1
github.com/KaramelBytes/smushmux/cmd/models.go:29.54,33.22 3 1
github.com/KaramelBytes/smushmux/cmd/models.go:33.22,35.4 1 2
github.com/KaramelBytes/smushmux/cmd/models.go:36.3,40.26 5 1
github.com/KaramelBytes/smushmux/cmd/models.go:40.26,42.4 1 2
github.com/KaramelBytes/smushmux/cmd/models.go:43.3,43.23 1 1
github.com/KaramelBytes/smushmux/cmd/models.go:55.54,56.21 1 1
github.com/KaramelBytes/smushmux/cmd/models.go:56.21,58.4 1 1
github.com/KaramelBytes/smushmux/cmd/models.go:59.3,60.17 2 0
github.com/KaramelBytes/smushmux/cmd/models.go:60.17,62.4 1 0
github.com/KaramelBytes/smushmux/cmd/models.go:63.3,63.16 1 0
github.com/KaramelBytes/smushmux/cmd/models.go:63.16,66.4 2 0
github.com/KaramelBytes/smushmux/cmd/models.go:66.9,69.4 2 0
github.com/KaramelBytes/smushmux/cmd/models.go:70.3,70.13 1 0
github.com/KaramelBytes/smushmux/cmd/models.go:75.38,78.14 1 4
github.com/KaramelBytes/smushmux/cmd/models.go:79.20,80.65 1 2
github.com/KaramelBytes/smushmux/cmd/models.go:80.65,82.4 1 1
github.com/KaramelBytes/smushmux/cmd/models.go:84.3,84.100 1 1
github.com/KaramelBytes/smushmux/cmd/models.go:85.16,86.61 1 1
github.com/KaramelBytes/smushmux/cmd/models.go:86.61,88.4 1 0
github.com/KaramelBytes/smushmux/cmd/models.go:89.3,89.12 1 1
github.com/KaramelBytes/smushmux/cmd/models.go:90.19,91.64 1 0
github.com/KaramelBytes/smushmux/cmd/models.go:91.64,93.4 1 0
github.com/KaramelBytes/smushmux/cmd/models.go:94.3,94.12 1 0
github.com/KaramelBytes/smushmux/cmd/models.go:95.10,96.12 1 1
github.com/KaramelBytes/smushmux/cmd/models.go:110.54,111.44 1 1
github.com/KaramelBytes/smushmux/cmd/models.go:111.44,112.48 1 1
github.com/KaramelBytes/smushmux/cmd/models.go:112.48,114.5 1 0
github.com/KaramelBytes/smushmux/cmd/models.go:117.3,117.44 1 1
github.com/KaramelBytes/smushmux/cmd/models.go:117.44,118.57 1 1
github.com/KaramelBytes/smushmux/cmd/models.go:118.57,119.19 1 1
github.com/KaramelBytes/smushmux/cmd/models.go:119.19,122.6 2 0
github.com/KaramelBytes/smushmux/cmd/models.go:122.11,125.6 2 1
github.com/KaramelBytes/smushmux/cmd/models.go:127.5,127.26 1 1
github.com/KaramelBytes/smushmux/cmd/models.go:127.26,129.20 2 1
github.com/KaramelBytes/smushmux/cmd/models.go:129.20,131.7 1 0
github.com/KaramelBytes/smushmux/cmd/models.go:132.6,132.67 1 1
github.com/KaramelBytes/smushmux/cmd/models.go:132.67,134.7 1 0
github.com/KaramelBytes/smushmux/cmd/models.go:135.6,135.61 1 1
github.com/KaramelBytes/smushmux/cmd/models.go:137.5,137.15 1 1
github.com/KaramelBytes/smushmux/cmd/models.go:140.3,140.21 1 0
github.com/KaramelBytes/smushmux/cmd/models.go:140.21,142.4 1 0
github.com/KaramelBytes/smushmux/cmd/models.go:143.3,145.17 3 0
github.com/KaramelBytes/smushmux/cmd/models.go:145.17,147.4 1 0
github.com/KaramelBytes/smushmux/cmd/models.go:148.3,149.54 2 0
github.com/KaramelBytes/smushmux/cmd/models.go:149.54,152.4 2 0
github.com/KaramelBytes/smushmux/cmd/models.go:153.3,155.40 3 0
github.com/KaramelBytes/smushmux/cmd/models.go:155.40,157.4 1 0
github.com/KaramelBytes/smushmux/cmd/models.go:159.3,159.24 1 0
github.com/KaramelBytes/smushmux/cmd/models.go:159.24,161.18 2 0
github.com/KaramelBytes/smushmux/cmd/models.go:161.18,163.5 1 0
github.com/KaramelBytes/smushmux/cmd/models.go:164.4,164.65 1 0
github.com/KaramelBytes/smushmux/cmd/models.go:164.65,166.5 1 0
github.com/KaramelBytes/smushmux/cmd/models.go:167.4,167.52 1 0
github.com/KaramelBytes/smushmux/cmd/models.go:169.3,169.17 1 0
github.com/KaramelBytes/smushmux/cmd/models.go:169.17,172.4 2 0
github.com/KaramelBytes/smushmux/cmd/models.go:172.9,175.4 2 0
github.com/KaramelBytes/smushmux/cmd/models.go:176.3,176.13 1 0
github.com/KaramelBytes/smushmux/cmd/models.go:180.13,193.2 10 1
github.com/KaramelBytes/smushmux/cmd/project.go:24.54,25.22 1 6
github.com/KaramelBytes/smushmux/cmd/project.go:25.22,27.4 1 1
github.com/KaramelBytes/smushmux/cmd/project.go:28.3,29.17 2 5
github.com/KaramelBytes/smushmux/cmd/project.go:29.17,31.4 1 0
github.com/KaramelBytes/smushmux/cmd/project.go:32.3,33.17 2 5
github.com/KaramelBytes/smushmux/cmd/project.go:33.17,35.4 1 0
github.com/KaramelBytes/smushmux/cmd/project.go:36.3,36.22 1 5
github.com/KaramelBytes/smushmux/cmd/project.go:36.22,38.4 1 0
github.com/KaramelBytes/smushmux/cmd/project.go:39.3,39.14 1 5
github.com/KaramelBytes/smushmux/cmd/project.go:39.14,41.4 1 2
github.com/KaramelBytes/smushmux/cmd/project.go:41.9,42.39 1 3
github.com/KaramelBytes/smushmux/cmd/project.go:42.39,44.5 1 1
github.com/KaramelBytes/smushmux/cmd/project.go:45.4,45.28 1 2
github.com/KaramelBytes/smushmux/cmd/project.go:47.3,47.34 1 4
github.com/KaramelBytes/smushmux/cmd/project.go:47.34,49.4 1 0
github.com/KaramelBytes/smushmux/cmd/project.go:50.3,50.14 1 4
github.com/KaramelBytes/smushmux/cmd/project.go:50.14,52.4 1 2
github.com/KaramelBytes/smushmux/cmd/project.go:52.9,54.4 1 2
github.com/KaramelBytes/smushmux/cmd/project.go:55.3,55.13 1 4
github.com/KaramelBytes/smushmux/cmd/project.go:59.13,65.2 4 1
github.com/KaramelBytes/smushmux/cmd/root.go:37.16,40.42 2 0
github.com/KaramelBytes/smushmux/cmd/root.go:40.42,43.3 2 0
github.com/KaramelBytes/smushmux/cmd/root.go:46.13,54.2 6 1
github.com/KaramelBytes/smushmux/cmd/root.go:56.19,58.16 2 1
github.com/KaramelBytes/smushmux/cmd/root.go:58.16,62.3 2 0
github.com/KaramelBytes/smushmux/cmd/root.go:63.2,67.57 3 1
github.com/KaramelBytes/smushmux/cmd/root.go:67.57,69.3 1 1
github.com/KaramelBytes/smushmux/cmd/root.go:70.2,70.56 1 1
github.com/KaramelBytes/smushmux/cmd/root.go:70.56,72.3 1 1
github.com/KaramelBytes/smushmux/cmd/root.go:73.2,73.60 1 1
github.com/KaramelBytes/smushmux/cmd/root.go:73.60,75.3 1 1
github.com/KaramelBytes/smushmux/cmd/root.go:76.2,76.58 1 1
github.com/KaramelBytes/smushmux/cmd/root.go:76.58,78.3 1 1
github.com/KaramelBytes/smushmux/cmd/root.go:81.2,81.24 1 1
github.com/KaramelBytes/smushmux/cmd/root.go:81.24,83.44 2 0
github.com/KaramelBytes/smushmux/cmd/root.go:83.44,85.30 1 0
github.com/KaramelBytes/smushmux/cmd/root.go:86.22,87.101 1 0
github.com/KaramelBytes/smushmux/cmd/root.go:90.3,90.16 1 0
github.com/KaramelBytes/smushmux/cmd/root.go:90.16,91.69 1 0
github.com/KaramelBytes/smushmux/cmd/root.go:91.69,93.5 1 0
github.com/KaramelBytes/smushmux/cmd/root.go:99.57,102.16 3 2
github.com/KaramelBytes/smushmux/cmd/root.go:102.16,104.3 1 0
github.com/KaramelBytes/smushmux/cmd/root.go:105.2,106.53 2 2
github.com/KaramelBytes/smushmux/cmd/root.go:106.53,109.3 2 1
github.com/KaramelBytes/smushmux/cmd/root.go:110.2,112.39 3 1
github.com/KaramelBytes/smushmux/cmd/root.go:112.39,114.3 1 0
github.com/KaramelBytes/smushmux/cmd/root.go:115.2,115.11 1 1
github.com/KaramelBytes/smushmux/cmd/root.go:115.11,117.3 1 0
github.com/KaramelBytes/smushmux/cmd/root.go:117.8,119.3 1 1
github.com/KaramelBytes/smushmux/cmd/root.go:120.2,120.12 1 1
github.com/KaramelBytes/smushmux/internal/project/project.go:44.61,55.2 1 1
github.com/KaramelBytes/smushmux/internal/project/project.go:58.48,61.16 3 0
github.com/KaramelBytes/smushmux/internal/project/project.go:61.16,62.37 1 0
github.com/KaramelBytes/smushmux/internal/project/project.go:62.37,64.4 1 0
github.com/KaramelBytes/smushmux/internal/project/project.go:65.3,65.50 1 0
github.com/KaramelBytes/smushmux/internal/project/project.go:67.2,68.46 2 0
github.com/KaramelBytes/smushmux/internal/project/project.go:68.46,70.3 1 0
github.com/KaramelBytes/smushmux/internal/project/project.go:71.2,72.16 2 0
github.com/KaramelBytes/smushmux/internal/project/project.go:76.36,76.56 1 0
github.com/KaramelBytes/smushmux/internal/project/project.go:79.32,80.21 1 0
github.com/KaramelBytes/smushmux/internal/project/project.go:80.21,82.3 1 0
github.com/KaramelBytes/smushmux/internal/project/project.go:83.2,83.58 1 0
github.com/KaramelBytes/smushmux/internal/project/project.go:83.58,85.3 1 0
github.com/KaramelBytes/smushmux/internal/project/project.go:86.2,88.16 3 0
github.com/KaramelBytes/smushmux/internal/project/project.go:88.16,90.3 1 0
github.com/KaramelBytes/smushmux/internal/project/project.go:91.2,91.77 1 0
github.com/KaramelBytes/smushmux/internal/project/project.go:95.63,98.16 2 2
github.com/KaramelBytes/smushmux/internal/project/project.go:98.16,100.3 1 0
github.com/KaramelBytes/smushmux/internal/project/project.go:103.2,103.40 1 2
github.com/KaramelBytes/smushmux/internal/project/project.go:103.40,105.29 2 1
github.com/KaramelBytes/smushmux/internal/project/project.go:105.29,108.8 1 0
github.com/KaramelBytes/smushmux/internal/project/project.go:112.6,113.38 2 2
github.com/KaramelBytes/smushmux/internal/project/project.go:113.38,115.7 1 1
github.com/KaramelBytes/smushmux/internal/project/project.go:118.6,119.20 2 2
github.com/KaramelBytes/smushmux/internal/project/project.go:119.20,121.7 1 0
github.com/KaramelBytes/smushmux/internal/project/project.go:123.6,130.44 5 2
github.com/KaramelBytes/smushmux/internal/project/project.go:130.44,133.7 1 0
github.com/KaramelBytes/smushmux/internal/project/project.go:135.6,135.47 1 2
github.com/KaramelBytes/smushmux/internal/project/project.go:135.47,139.7 2 0
github.com/KaramelBytes/smushmux/internal/project/project.go:141.6,142.20 2 2
github.com/KaramelBytes/smushmux/internal/project/project.go:142.20,144.7 1 0
github.com/KaramelBytes/smushmux/internal/project/project.go:145.6,156.24 4 2
github.com/KaramelBytes/smushmux/internal/project/project.go:156.24,158.3 1 0
github.com/KaramelBytes/smushmux/internal/project/project.go:159.2,161.12 3 2
github.com/KaramelBytes/smushmux/internal/project/project.go:164.56,167.2 2 1
github.com/KaramelBytes/smushmux/internal/project/project.go:170.54,171.14 1 1
github.com/KaramelBytes/smushmux/internal/project/project.go:171.14,173.3 1 0
github.com/KaramelBytes/smushmux/internal/project/project.go:174.2,174.27 1 1
github.com/KaramelBytes/smushmux/internal/project/project.go:174.27,176.3 1 0
github.com/KaramelBytes/smushmux/internal/project/project.go:178.2,191.30 9 1
github.com/KaramelBytes/smushmux/internal/project/project.go:191.30,193.3 1 2
github.com/KaramelBytes/smushmux/internal/project/project.go:194.2,195.25 2 1
github.com/KaramelBytes/smushmux/internal/project/project.go:195.25,199.26 4 2
github.com/KaramelBytes/smushmux/internal/project/project.go:199.26,203.4 3 2
github.com/KaramelBytes/smushmux/internal/project/project.go:204.3,206.25 3 2
github.com/KaramelBytes/smushmux/internal/project/project.go:210.2,215.28 5 1
github.com/KaramelBytes/smushmux/internal/analysis/table.go:44.31,55.2 1 3
github.com/KaramelBytes/smushmux/internal/analysis/table.go:122.60,124.16 2 1
github.com/KaramelBytes/smushmux/internal/analysis/table.go:124.16,126.3 1 0
github.com/KaramelBytes/smushmux/internal/analysis/table.go:127.2,130.16 3 1
github.com/KaramelBytes/smushmux/internal/analysis/table.go:130.16,134.3 1 0
github.com/KaramelBytes/smushmux/internal/analysis/table.go:135.2,143.16 7 1
github.com/KaramelBytes/smushmux/internal/analysis/table.go:143.16,144.29 1 0
github.com/KaramelBytes/smushmux/internal/analysis/table.go:144.29,146.4 1 0
github.com/KaramelBytes/smushmux/internal/analysis/table.go:147.3,147.49 1 0
github.com/KaramelBytes/smushmux/internal/analysis/table.go:149.2,150.15 2 1
github.com/KaramelBytes/smushmux/internal/analysis/table.go:150.15,152.3 1 0
github.com/KaramelBytes/smushmux/internal/analysis/table.go:155.2,178.24 4 1
github.com/KaramelBytes/smushmux/internal/analysis/table.go:178.24,185.3 4 7
github.com/KaramelBytes/smushmux/internal/analysis/table.go:187.2,189.18 3 1
github.com/KaramelBytes/smushmux/internal/analysis/table.go:189.18,191.3 1 0
github.com/KaramelBytes/smushmux/internal/analysis/table.go:192.2,193.20 2 1
github.com/KaramelBytes/smushmux/internal/analysis/table.go:193.20,195.3 1 0
github.com/KaramelBytes/smushmux/internal/analysis/table.go:196.2,222.6 7 1
github.com/KaramelBytes/smushmux/internal/analysis/table.go:222.6,224.17 2 11
github.com/KaramelBytes/smushmux/internal/analysis/table.go:224.17,225.30 1 1
github.com/KaramelBytes/smushmux/internal/analysis/table.go:225.30,226.10 1 1
github.com/KaramelBytes/smushmux/internal/analysis/table.go:228.4,228.62 1 0
github.com/KaramelBytes/smushmux/internal/analysis/table.go:230.3,232.22 2 10
github.com/KaramelBytes/smushmux/internal/analysis/table.go:232.22,237.4 3 0
github.com/KaramelBytes/smushmux/internal/analysis/table.go:239.3,239.31 1 10
github.com/KaramelBytes/smushmux/internal/analysis/table.go:239.31,240.12 1 1
github.com/KaramelBytes/smushmux/internal/analysis/table.go:242.3,244.36 2 9
github.com/KaramelBytes/smushmux/internal/analysis/table.go:244.36,248.4 3 3
github.com/KaramelBytes/smushmux/internal/analysis/table.go:250.3,251.27 2 9
github.com/KaramelBytes/smushmux/internal/analysis/table.go:251.27,253.37 2 9
github.com/KaramelBytes/smushmux/internal/analysis/table.go:253.37,255.31 2 9
github.com/KaramelBytes/smushmux/internal/analysis/table.go:255.31,256.14 1 0
github.com/KaramelBytes/smushmux/internal/analysis/table.go:258.5,259.78 2 9
github.com/KaramelBytes/smushmux/internal/analysis/table.go:261.4,261.22 1 9
github.com/KaramelBytes/smushmux/internal/analysis/table.go:261.22,263.5 1 9
github.com/KaramelBytes/smushmux/internal/analysis/table.go:267.3,269.25 2 9
github.com/KaramelBytes/smushmux/internal/analysis/table.go:269.25,271.4 1 1
github.com/KaramelBytes/smushmux/internal/analysis/table.go:272.3,272.29 1 9
github.com/KaramelBytes/smushmux/internal/analysis/table.go:272.29,274.15 2 63
github.com/KaramelBytes/smushmux/internal/analysis/table.go:274.15,276.13 2 0
github.com/KaramelBytes/smushmux/internal/analysis/table.go:278.4,281.48 3 63
github.com/KaramelBytes/smushmux/internal/analysis/table.go:281.48,284.25 2 0
github.com/KaramelBytes/smushmux/internal/analysis/table.go:284.25,286.6 1 0
github.com/KaramelBytes/smushmux/internal/analysis/table.go:288.4,288.49 1 63
github.com/KaramelBytes/smushmux/internal/analysis/table.go:288.49,289.46 1 36
github.com/KaramelBytes/smushmux/internal/analysis/table.go:289.46,290.63 1 18
github.com/KaramelBytes/smushmux/internal/analysis/table.go:290.63,294.7 2 18
github.com/KaramelBytes/smushmux/internal/analysis/table.go:296.5,299.18 3 36
github.com/KaramelBytes/smushmux/internal/analysis/table.go:299.18,301.6 1 10
github.com/KaramelBytes/smushmux/internal/analysis/table.go:302.5,302.18 1 36
github.com/KaramelBytes/smushmux/internal/analysis/table.go:302.18,304.6 1 16
github.com/KaramelBytes/smushmux/internal/analysis/table.go:305.5,308.25 4 36
github.com/KaramelBytes/smushmux/internal/analysis/table.go:308.25,310.6 1 36
github.com/KaramelBytes/smushmux/internal/analysis/table.go:312.5,314.19 2 36
github.com/KaramelBytes/smushmux/internal/analysis/table.go:314.19,316.19 2 36
github.com/KaramelBytes/smushmux/internal/analysis/table.go:316.19,319.7 2 2
github.com/KaramelBytes/smushmux/internal/analysis/table.go:320.6,322.50 3 36
github.com/KaramelBytes/smushmux/internal/analysis/table.go:322.50,324.7 1 21
github.com/KaramelBytes/smushmux/internal/analysis/table.go:325.6,325.50 1 36
github.com/KaramelBytes/smushmux/internal/analysis/table.go:325.50,327.7 1 18
github.com/KaramelBytes/smushmux/internal/analysis/table.go:329.5,329.13 1 36
github.com/KaramelBytes/smushmux/internal/analysis/table.go:332.4,332.38 1 27
github.com/KaramelBytes/smushmux/internal/analysis/table.go:332.38,334.13 2 0
github.com/KaramelBytes/smushmux/internal/analysis/table.go:337.4,338.28 2 27
github.com/KaramelBytes/smushmux/internal/analysis/table.go:338.28,339.21 1 27
github.com/KaramelBytes/smushmux/internal/analysis/table.go:339.21,341.6 1 27
github.com/KaramelBytes/smushmux/internal/analysis/table.go:343.4,343.25 1 27
github.com/KaramelBytes/smushmux/internal/analysis/table.go:343.25,345.5 1 9
github.com/KaramelBytes/smushmux/internal/analysis/table.go:348.3,348.17 1 9
github.com/KaramelBytes/smushmux/internal/analysis/table.go:348.17,350.17 2 9
github.com/KaramelBytes/smushmux/internal/analysis/table.go:350.17,353.5 2 0
github.com/KaramelBytes/smushmux/internal/analysis/table.go:354.4,354.13 1 9
github.com/KaramelBytes/smushmux/internal/analysis/table.go:357.3,357.44 1 9
github.com/KaramelBytes/smushmux/internal/analysis/table.go:357.44,361.27 2 9
github.com/KaramelBytes/smushmux/internal/analysis/table.go:361.27,363.5 1 36
github.com/KaramelBytes/smushmux/internal/analysis/table.go:364.4,365.35 2 9
github.com/KaramelBytes/smushmux/internal/analysis/table.go:365.35,368.28 3 27
github.com/KaramelBytes/smushmux/internal/analysis/table.go:368.28,373.19 5 54
github.com/KaramelBytes/smushmux/internal/analysis/table.go:373.19,376.7 2 6
github.com/KaramelBytes/smushmux/internal/analysis/table.go:377.6,382.23 6 54
github.com/KaramelBytes/smushmux/internal/analysis/table.go:387.3,387.58 1 9
github.com/KaramelBytes/smushmux/internal/analysis/table.go:387.58,389.27 2 9
github.com/KaramelBytes/smushmux/internal/analysis/table.go:389.27,391.5 1 36
github.com/KaramelBytes/smushmux/internal/analysis/table.go:392.4,394.17 3 9
github.com/KaramelBytes/smushmux/internal/analysis/table.go:394.17,397.5 2 2
github.com/KaramelBytes/smushmux/internal/analysis/table.go:398.4,398.35 1 9
github.com/KaramelBytes/smushmux/internal/analysis/table.go:398.35,401.28 3 27
github.com/KaramelBytes/smushmux/internal/analysis/table.go:401.28,406.19 5 54
github.com/KaramelBytes/smushmux/internal/analysis/table.go:406.19,409.7 2 12
github.com/KaramelBytes/smushmux/internal/analysis/table.go:410.6,415.23 6 54
github.com/KaramelBytes/smushmux/internal/analysis/table.go:422.2,424.27 3 1
github.com/KaramelBytes/smushmux/internal/analysis/table.go:424.27,425.15 1 7
github.com/KaramelBytes/smushmux/internal/analysis/table.go:425.15,426.12 1 0
github.com/KaramelBytes/smushmux/internal/analysis/table.go:428.3,431.66 3 7
github.com/KaramelBytes/smushmux/internal/analysis/table.go:431.66,436.15 5 4
github.com/KaramelBytes/smushmux/internal/analysis/table.go:436.15,438.5 1 4
github.com/KaramelBytes/smushmux/internal/analysis/table.go:439.4,440.50 2 4
github.com/KaramelBytes/smushmux/internal/analysis/table.go:440.50,443.17 3 4
github.com/KaramelBytes/smushmux/internal/analysis/table.go:443.17,445.6 1 4
github.com/KaramelBytes/smushmux/internal/analysis/table.go:446.5,448.16 3 4
github.com/KaramelBytes/smushmux/internal/analysis/table.go:448.16,449.41 1 4
github.com/KaramelBytes/smushmux/internal/analysis/table.go:449.41,452.19 3 36
github.com/KaramelBytes/smushmux/internal/analysis/table.go:452.19,454.8 1 4
github.com/KaramelBytes/smushmux/internal/analysis/table.go:455.7,455.23 1 36
github.com/KaramelBytes/smushmux/internal/analysis/table.go:455.23,457.8 1 12
github.com/KaramelBytes/smushmux/internal/analysis/table.go:460.5,464.27 4 4
github.com/KaramelBytes/smushmux/internal/analysis/table.go:466.9,466.48 1 3
github.com/KaramelBytes/smushmux/internal/analysis/table.go:466.48,468.4 1 0
github.com/KaramelBytes/smushmux/internal/analysis/table.go:468.9,468.29 1 3
github.com/KaramelBytes/smushmux/internal/analysis/table.go:468.29,472.29 3 3
github.com/KaramelBytes/smushmux/internal/analysis/table.go:472.29,474.5 1 14
github.com/KaramelBytes/smushmux/internal/analysis/table.go:475.4,475.41 1 3
github.com/KaramelBytes/smushmux/internal/analysis/table.go:475.41,476.39 1 25
github.com/KaramelBytes/smushmux/internal/analysis/table.go:476.39,478.6 1 22
github.com/KaramelBytes/smushmux/internal/analysis/table.go:479.5,479.41 1 3
github.com/KaramelBytes/smushmux/internal/analysis/table.go:481.4,481.21 1 3
github.com/KaramelBytes/smushmux/internal/analysis/table.go:481.21,483.5 1 1
github.com/KaramelBytes/smushmux/internal/analysis/table.go:484.4,485.26 2 3
github.com/KaramelBytes/smushmux/internal/analysis/table.go:486.9,486.26 1 0
github.com/KaramelBytes/smushmux/internal/analysis/table.go:486.26,489.4 2 0
github.com/KaramelBytes/smushmux/internal/analysis/table.go:490.3,491.33 2 7
github.com/KaramelBytes/smushmux/internal/analysis/table.go:494.2,494.30 1 1
github.com/KaramelBytes/smushmux/internal/analysis/table.go:494.30,496.3 1 1
github.com/KaramelBytes/smushmux/internal/analysis/table.go:499.2,499.21 1 1
github.com/KaramelBytes/smushmux/internal/analysis/table.go:499.21,501.29 2 1
github.com/KaramelBytes/smushmux/internal/analysis/table.go:501.29,503.32 2 2
github.com/KaramelBytes/smushmux/internal/analysis/table.go:503.32,504.25 1 8
github.com/KaramelBytes/smushmux/internal/analysis/table.go:504.25,505.14 1 0
github.com/KaramelBytes/smushmux/internal/analysis/table.go:507.5,508.132 2 8
github.com/KaramelBytes/smushmux/internal/analysis/table.go:511.4,511.24 1 2
github.com/KaramelBytes/smushmux/internal/analysis/table.go:511.24,512.35 1 2
github.com/KaramelBytes/smushmux/internal/analysis/table.go:512.35,515.30 2 2
github.com/KaramelBytes/smushmux/internal/analysis/table.go:515.30,516.32 1 12
github.com/KaramelBytes/smushmux/internal/analysis/table.go:516.32,517.16 1 0
github.com/KaramelBytes/smushmux/internal/analysis/table.go:520.7,523.21 4 12
github.com/KaramelBytes/smushmux/internal/analysis/table.go:523.21,524.16 1 0
github.com/KaramelBytes/smushmux/internal/analysis/table.go:526.7,527.16 2 12
github.com/KaramelBytes/smushmux/internal/analysis/table.go:527.16,529.8 1 1
github.com/KaramelBytes/smushmux/internal/analysis/table.go:529.13,529.24 1 11
github.com/KaramelBytes/smushmux/internal/analysis/table.go:529.24,531.8 1 0
[...]
github.com/KaramelBytes/smushmux/internal/ai/client.go:386.92,388.3 1 0
github.com/KaramelBytes/smushmux/internal/ai/client.go:390.2,390.28 1 1
github.com/KaramelBytes/smushmux/internal/ai/client.go:390.28,392.3 1 1
github.com/KaramelBytes/smushmux/internal/ai/client.go:393.2,393.15 1 0
github.com/KaramelBytes/smushmux/internal/ai/client.go:396.53,397.27 1 1
github.com/KaramelBytes/smushmux/internal/ai/client.go:397.27,398.28 1 2
github.com/KaramelBytes/smushmux/internal/ai/client.go:398.28,400.4 1 0
github.com/KaramelBytes/smushmux/internal/ai/client.go:402.2,402.13 1 1
github.com/KaramelBytes/smushmux/internal/ai/client.go:405.53,406.27 1 2
github.com/KaramelBytes/smushmux/internal/ai/client.go:406.27,407.27 1 5
github.com/KaramelBytes/smushmux/internal/ai/client.go:407.27,409.4 1 1
github.com/KaramelBytes/smushmux/internal/ai/client.go:411.2,411.14 1 1
github.com/KaramelBytes/smushmux/internal/ai/client.go:414.39,415.26 1 10
github.com/KaramelBytes/smushmux/internal/ai/client.go:415.26,417.3 1 2
github.com/KaramelBytes/smushmux/internal/ai/client.go:418.2,418.67 1 8
github.com/KaramelBytes/smushmux/internal/ai/client.go:422.51,423.17 1 6
github.com/KaramelBytes/smushmux/internal/ai/client.go:423.17,425.3 1 0
github.com/KaramelBytes/smushmux/internal/ai/client.go:427.2,428.25 2 6
github.com/KaramelBytes/smushmux/internal/ai/client.go:428.25,429.39 1 22
github.com/KaramelBytes/smushmux/internal/ai/client.go:429.39,431.4 1 2
github.com/KaramelBytes/smushmux/internal/ai/client.go:433.2,433.11 1 4
github.com/KaramelBytes/smushmux/internal/ai/client.go:437.48,438.12 1 1
github.com/KaramelBytes/smushmux/internal/ai/client.go:438.12,440.3 1 0
github.com/KaramelBytes/smushmux/internal/ai/client.go:442.2,444.14 3 1
github.com/KaramelBytes/smushmux/internal/ai/client.go:444.14,446.3 1 0
github.com/KaramelBytes/smushmux/internal/ai/client.go:447.2,447.12 1 1
github.com/KaramelBytes/smushmux/internal/ai/client.go:452.103,453.20 1 3
github.com/KaramelBytes/smushmux/internal/ai/client.go:453.20,455.3 1 0
github.com/KaramelBytes/smushmux/internal/ai/client.go:456.2,456.51 1 3
github.com/KaramelBytes/smushmux/internal/ai/client.go:456.51,458.3 1 0
github.com/KaramelBytes/smushmux/internal/ai/client.go:459.2,464.23 2 3
github.com/KaramelBytes/smushmux/internal/ai/client.go:464.23,466.3 1 0
github.com/KaramelBytes/smushmux/internal/ai/client.go:467.2,467.25 1 3
github.com/KaramelBytes/smushmux/internal/ai/client.go:467.25,469.3 1 0
github.com/KaramelBytes/smushmux/internal/ai/client.go:470.2,471.16 2 3
github.com/KaramelBytes/smushmux/internal/ai/client.go:471.16,473.3 1 0
github.com/KaramelBytes/smushmux/internal/ai/client.go:474.2,476.16 3 3
github.com/KaramelBytes/smushmux/internal/ai/client.go:476.16,478.3 1 0
github.com/KaramelBytes/smushmux/internal/ai/client.go:479.2,485.16 6 3
github.com/KaramelBytes/smushmux/internal/ai/client.go:485.16,487.3 1 0
github.com/KaramelBytes/smushmux/internal/ai/client.go:488.2,489.53 2 3
github.com/KaramelBytes/smushmux/internal/ai/client.go:489.53,494.49 5 1
github.com/KaramelBytes/smushmux/internal/ai/client.go:494.49,495.44 1 1
github.com/KaramelBytes/smushmux/internal/ai/client.go:495.44,497.5 1 1
github.com/KaramelBytes/smushmux/internal/ai/client.go:498.4,498.42 1 1
github.com/KaramelBytes/smushmux/internal/ai/client.go:498.42,500.5 1 1
github.com/KaramelBytes/smushmux/internal/ai/client.go:502.3,502.40 1 1
github.com/KaramelBytes/smushmux/internal/ai/client.go:504.2,514.21 5 2
github.com/KaramelBytes/smushmux/internal/ai/client.go:514.21,515.23 1 10
github.com/KaramelBytes/smushmux/internal/ai/client.go:515.23,517.4 1 0
github.com/KaramelBytes/smushmux/internal/ai/client.go:518.3,519.17 2 10
github.com/KaramelBytes/smushmux/internal/ai/client.go:519.17,520.12 1 4
github.com/KaramelBytes/smushmux/internal/ai/client.go:522.3,522.39 1 6
github.com/KaramelBytes/smushmux/internal/ai/client.go:522.39,524.24 2 6
github.com/KaramelBytes/smushmux/internal/ai/client.go:524.24,525.10 1 2
github.com/KaramelBytes/smushmux/internal/ai/client.go:527.4,528.59 2 4
github.com/KaramelBytes/smushmux/internal/ai/client.go:528.59,529.27 1 3
github.com/KaramelBytes/smushmux/internal/ai/client.go:529.27,531.6 1 3
github.com/KaramelBytes/smushmux/internal/ai/client.go:535.2,535.38 1 2
github.com/KaramelBytes/smushmux/internal/ai/client.go:535.38,537.3 1 0
github.com/KaramelBytes/smushmux/internal/ai/client.go:538.2,538.12 1 2
github.com/KaramelBytes/smushmux/internal/ai/errors.go:11.36,13.2 1 1
github.com/KaramelBytes/smushmux/internal/ai/errors.go:21.41,22.22 1 0
github.com/KaramelBytes/smushmux/internal/ai/errors.go:22.22,24.3 1 0
github.com/KaramelBytes/smushmux/internal/ai/errors.go:25.2,25.60 1 0
github.com/KaramelBytes/smushmux/internal/ai/errors.go:31.45,33.2 1 0
github.com/KaramelBytes/smushmux/internal/ai/errors.go:38.42,38.103 1 1
github.com/KaramelBytes/smushmux/internal/ai/errors.go:43.45,45.2 1 1
github.com/KaramelBytes/smushmux/internal/ai/errors.go:50.38,50.102 1 0
github.com/KaramelBytes/smushmux/internal/ai/errors.go:58.43,59.14 1 1
github.com/KaramelBytes/smushmux/internal/ai/errors.go:59.14,61.3 1 0
github.com/KaramelBytes/smushmux/internal/ai/errors.go:62.2,62.18 1 1
github.com/KaramelBytes/smushmux/internal/ai/errors.go:62.18,64.3 1 1
github.com/KaramelBytes/smushmux/internal/ai/errors.go:65.2,65.55 1 0
github.com/KaramelBytes/smushmux/internal/ai/models.go:128.49,131.2 2 4
github.com/KaramelBytes/smushmux/internal/ai/models.go:135.88,137.9 2 2
github.com/KaramelBytes/smushmux/internal/ai/models.go:137.9,139.3 1 1
github.com/KaramelBytes/smushmux/internal/ai/models.go:140.2,142.31 3 1
github.com/KaramelBytes/smushmux/internal/ai/models.go:151.69,153.16 2 2
github.com/KaramelBytes/smushmux/internal/ai/models.go:153.16,155.3 1 1
github.com/KaramelBytes/smushmux/internal/ai/models.go:156.2,159.39 4 1
github.com/KaramelBytes/smushmux/internal/ai/models.go:159.39,161.3 1 0
github.com/KaramelBytes/smushmux/internal/ai/models.go:162.2,162.15 1 1
github.com/KaramelBytes/smushmux/internal/ai/models.go:166.46,167.14 1 2
github.com/KaramelBytes/smushmux/internal/ai/models.go:167.14,169.3 1 0
github.com/KaramelBytes/smushmux/internal/ai/models.go:170.2,170.12 1 2
github.com/KaramelBytes/smushmux/internal/ai/models.go:174.43,175.14 1 1
github.com/KaramelBytes/smushmux/internal/ai/models.go:175.14,177.3 1 0
github.com/KaramelBytes/smushmux/internal/ai/models.go:178.2,178.22 1 1
github.com/KaramelBytes/smushmux/internal/ai/models.go:178.22,180.3 1 1
github.com/KaramelBytes/smushmux/internal/ai/models.go:184.37,186.27 2 3
github.com/KaramelBytes/smushmux/internal/ai/models.go:186.27,188.3 1 21
github.com/KaramelBytes/smushmux/internal/ai/models.go:189.2,189.12 1 3
github.com/KaramelBytes/smushmux/internal/ai/ollama_client.go:25.125,26.16 1 5
github.com/KaramelBytes/smushmux/internal/ai/ollama_client.go:26.16,28.3 1 1
github.com/KaramelBytes/smushmux/internal/ai/ollama_client.go:29.2,29.22 1 5
github.com/KaramelBytes/smushmux/internal/ai/ollama_client.go:29.22,31.3 1 0
github.com/KaramelBytes/smushmux/internal/ai/ollama_client.go:32.2,32.19 1 5
github.com/KaramelBytes/smushmux/internal/ai/ollama_client.go:32.19,34.3 1 0
github.com/KaramelBytes/smushmux/internal/ai/ollama_client.go:35.2,35.20 1 5
github.com/KaramelBytes/smushmux/internal/ai/ollama_client.go:35.20,37.3 1 4
github.com/KaramelBytes/smushmux/internal/ai/ollama_client.go:38.2,38.19 1 5
github.com/KaramelBytes/smushmux/internal/ai/ollama_client.go:38.19,40.3 1 4
github.com/KaramelBytes/smushmux/internal/ai/ollama_client.go:41.2,47.3 1 5
github.com/KaramelBytes/smushmux/internal/ai/ollama_client.go:71.102,72.21 1 4
github.com/KaramelBytes/smushmux/internal/ai/ollama_client.go:72.21,74.3 1 0
github.com/KaramelBytes/smushmux/internal/ai/ollama_client.go:75.2,75.28 1 4
github.com/KaramelBytes/smushmux/internal/ai/ollama_client.go:75.28,77.3 1 1
github.com/KaramelBytes/smushmux/internal/ai/ollama_client.go:80.2,81.35 2 3
github.com/KaramelBytes/smushmux/internal/ai/ollama_client.go:81.35,86.3 1 6
github.com/KaramelBytes/smushmux/internal/ai/ollama_client.go:88.2,94.25 2 3
github.com/KaramelBytes/smushmux/internal/ai/ollama_client.go:94.25,96.3 1 0
github.com/KaramelBytes/smushmux/internal/ai/ollama_client.go:97.2,97.23 1 3
github.com/KaramelBytes/smushmux/internal/ai/ollama_client.go:97.23,99.3 1 1
github.com/KaramelBytes/smushmux/internal/ai/ollama_client.go:101.2,102.16 2 3
github.com/KaramelBytes/smushmux/internal/ai/ollama_client.go:102.16,104.3 1 0
github.com/KaramelBytes/smushmux/internal/ai/ollama_client.go:106.2,109.18 4 3
github.com/KaramelBytes/smushmux/internal/ai/ollama_client.go:109.18,111.3 1 0
github.com/KaramelBytes/smushmux/internal/ai/ollama_client.go:113.2,114.54 2 3
github.com/KaramelBytes/smushmux/internal/ai/ollama_client.go:114.54,115.23 1 3
github.com/KaramelBytes/smushmux/internal/ai/ollama_client.go:115.23,117.4 1 0
github.com/KaramelBytes/smushmux/internal/ai/ollama_client.go:118.3,119.17 2 3
github.com/KaramelBytes/smushmux/internal/ai/ollama_client.go:119.17,121.4 1 0
github.com/KaramelBytes/smushmux/internal/ai/ollama_client.go:122.3,125.17 3 3
github.com/KaramelBytes/smushmux/internal/ai/ollama_client.go:125.17,127.55 1 0
github.com/KaramelBytes/smushmux/internal/ai/ollama_client.go:127.55,130.13 3 0
github.com/KaramelBytes/smushmux/internal/ai/ollama_client.go:132.4,132.57 1 0
github.com/KaramelBytes/smushmux/internal/ai/ollama_client.go:134.3,135.10 2 3
github.com/KaramelBytes/smushmux/internal/ai/ollama_client.go:135.10,137.55 2 3
github.com/KaramelBytes/smushmux/internal/ai/ollama_client.go:137.55,142.45 5 1
github.com/KaramelBytes/smushmux/internal/ai/ollama_client.go:142.45,144.6 1 1
github.com/KaramelBytes/smushmux/internal/ai/ollama_client.go:145.5,145.71 1 1
github.com/KaramelBytes/smushmux/internal/ai/ollama_client.go:145.71,147.6 1 0
github.com/KaramelBytes/smushmux/internal/ai/ollama_client.go:149.5,149.47 1 1
github.com/KaramelBytes/smushmux/internal/ai/ollama_client.go:149.47,153.6 2 0
github.com/KaramelBytes/smushmux/internal/ai/ollama_client.go:154.5,154.31 1 1
github.com/KaramelBytes/smushmux/internal/ai/ollama_client.go:154.31,157.6 2 0
github.com/KaramelBytes/smushmux/internal/ai/ollama_client.go:158.5,158.31 1 1
github.com/KaramelBytes/smushmux/internal/ai/ollama_client.go:158.31,161.6 2 1
github.com/KaramelBytes/smushmux/internal/ai/ollama_client.go:162.5,163.11 2 0
github.com/KaramelBytes/smushmux/internal/ai/ollama_client.go:165.4,166.68 2 2
github.com/KaramelBytes/smushmux/internal/ai/ollama_client.go:166.68,169.5 2 0
github.com/KaramelBytes/smushmux/internal/ai/ollama_client.go:170.4,173.17 3 2
github.com/KaramelBytes/smushmux/internal/ai/ollama_client.go:175.3,175.21 1 3
github.com/KaramelBytes/smushmux/internal/ai/ollama_client.go:175.21,177.4 1 2
github.com/KaramelBytes/smushmux/internal/ai/ollama_client.go:178.3,178.28 1 1
github.com/KaramelBytes/smushmux/internal/ai/ollama_client.go:178.28,181.12 3 0
github.com/KaramelBytes/smushmux/internal/ai/ollama_client.go:183.3,183.8 1 1
github.com/KaramelBytes/smushmux/internal/ai/ollama_client.go:185.2,185.21 1 1
github.com/KaramelBytes/smushmux/internal/ai/ollama_client.go:191.109,192.21 1 1
github.com/KaramelBytes/smushmux/internal/ai/ollama_client.go:192.21,194.3 1 0
github.com/KaramelBytes/smushmux/internal/ai/ollama_client.go:195.2,195.28 1 1
github.com/KaramelBytes/smushmux/internal/ai/ollama_client.go:195.28,197.3 1 1
github.com/KaramelBytes/smushmux/internal/ai/ollama_client.go:200.2,201.35 2 0
github.com/KaramelBytes/smushmux/internal/ai/ollama_client.go:201.35,206.3 1 0
github.com/KaramelBytes/smushmux/internal/ai/ollama_client.go:208.2,214.25 2 0
github.com/KaramelBytes/smushmux/internal/ai/ollama_client.go:214.25,216.3 1 0
github.com/KaramelBytes/smushmux/internal/ai/ollama_client.go:217.2,217.23 1 0
github.com/KaramelBytes/smushmux/internal/ai/ollama_client.go:217.23,219.3 1 0
github.com/KaramelBytes/smushmux/internal/ai/ollama_client.go:220.2,221.16 2 0
github.com/KaramelBytes/smushmux/internal/ai/ollama_client.go:221.16,223.3 1 0
github.com/KaramelBytes/smushmux/internal/ai/ollama_client.go:225.2,227.16 3 0
github.com/KaramelBytes/smushmux/internal/ai/ollama_client.go:227.16,229.3 1 0
github.com/KaramelBytes/smushmux/internal/ai/ollama_client.go:230.2,233.16 3 0
github.com/KaramelBytes/smushmux/internal/ai/ollama_client.go:233.16,235.3 1 0
github.com/KaramelBytes/smushmux/internal/ai/ollama_client.go:236.2,237.53 2 0
github.com/KaramelBytes/smushmux/internal/ai/ollama_client.go:237.53,242.43 5 0
github.com/KaramelBytes/smushmux/internal/ai/ollama_client.go:242.43,244.4 1 0
github.com/KaramelBytes/smushmux/internal/ai/ollama_client.go:245.3,245.69 1 0
github.com/KaramelBytes/smushmux/internal/ai/ollama_client.go:245.69,247.4 1 0
github.com/KaramelBytes/smushmux/internal/ai/ollama_client.go:248.3,248.45 1 0
github.com/KaramelBytes/smushmux/internal/ai/ollama_client.go:248.45,250.4 1 0
github.com/KaramelBytes/smushmux/internal/ai/ollama_client.go:251.3,251.29 1 0
github.com/KaramelBytes/smushmux/internal/ai/ollama_client.go:251.29,253.4 1 0
github.com/KaramelBytes/smushmux/internal/ai/ollama_client.go:254.3,254.29 1 0
github.com/KaramelBytes/smushmux/internal/ai/ollama_client.go:254.29,256.4 1 0
github.com/KaramelBytes/smushmux/internal/ai/ollama_client.go:257.3,257.16 1 0
github.com/KaramelBytes/smushmux/internal/ai/ollama_client.go:260.2,261.6 2 0
github.com/KaramelBytes/smushmux/internal/ai/ollama_client.go:261.6,262.23 1 0
github.com/KaramelBytes/smushmux/internal/ai/ollama_client.go:262.23,264.4 1 0
github.com/KaramelBytes/smushmux/internal/ai/ollama_client.go:265.3,266.44 2 0
github.com/KaramelBytes/smushmux/internal/ai/ollama_client.go:266.44,267.30 1 0
github.com/KaramelBytes/smushmux/internal/ai/ollama_client.go:267.30,268.10 1 0
github.com/KaramelBytes/smushmux/internal/ai/ollama_client.go:270.4,270.47 1 0
github.com/KaramelBytes/smushmux/internal/ai/ollama_client.go:272.3,272.46 1 0
github.com/KaramelBytes/smushmux/internal/ai/ollama_client.go:272.46,274.4 1 0
github.com/KaramelBytes/smushmux/internal/ai/ollama_client.go:275.3,275.17 1 0
github.com/KaramelBytes/smushmux/internal/ai/ollama_client.go:275.17,276.9 1 0
github.com/KaramelBytes/smushmux/internal/ai/ollama_client.go:279.2,279.12 1 0
github.com/KaramelBytes/smushmux/internal/ai/ollama_embeddings.go:18.78,19.16 1 2
github.com/KaramelBytes/smushmux/internal/ai/ollama_embeddings.go:19.16,21.3 1 0
github.com/KaramelBytes/smushmux/internal/ai/ollama_embeddings.go:22.2,22.18 1 2
github.com/KaramelBytes/smushmux/internal/ai/ollama_embeddings.go:22.18,24.3 1 0
github.com/KaramelBytes/smushmux/internal/ai/ollama_embeddings.go:25.2,25.81 1 2
github.com/KaramelBytes/smushmux/internal/ai/ollama_embeddings.go:30.106,39.27 4 2
github.com/KaramelBytes/smushmux/internal/ai/ollama_embeddings.go:39.27,42.17 3 3
github.com/KaramelBytes/smushmux/internal/ai/ollama_embeddings.go:42.17,44.4 1 0
github.com/KaramelBytes/smushmux/internal/ai/ollama_embeddings.go:45.3,47.17 3 3
github.com/KaramelBytes/smushmux/internal/ai/ollama_embeddings.go:47.17,49.4 1 0
github.com/KaramelBytes/smushmux/internal/ai/ollama_embeddings.go:50.3,50.10 1 3
github.com/KaramelBytes/smushmux/internal/ai/ollama_embeddings.go:50.10,52.55 2 3
github.com/KaramelBytes/smushmux/internal/ai/ollama_embeddings.go:52.55,56.5 3 1
github.com/KaramelBytes/smushmux/internal/ai/ollama_embeddings.go:57.4,58.71 2 2
github.com/KaramelBytes/smushmux/internal/ai/ollama_embeddings.go:58.71,61.5 2 0
github.com/KaramelBytes/smushmux/internal/ai/ollama_embeddings.go:62.4,63.32 2 2
github.com/KaramelBytes/smushmux/internal/ai/ollama_embeddings.go:63.32,65.5 1 6
github.com/KaramelBytes/smushmux/internal/ai/ollama_embeddings.go:66.4,66.26 1 2
github.com/KaramelBytes/smushmux/internal/ai/ollama_embeddings.go:68.3,68.17 1 3
github.com/KaramelBytes/smushmux/internal/ai/ollama_embeddings.go:68.17,70.4 1 1
github.com/KaramelBytes/smushmux/internal/ai/ollama_embeddings.go:72.2,72.17 1 1
github.com/KaramelBytes/smushmux/internal/ai/presets.go:5.66,6.18 1 1
github.com/KaramelBytes/smushmux/internal/ai/presets.go:7.20,40.10 1 1
github.com/KaramelBytes/smushmux/internal/ai/presets.go:41.16,56.10 1 0
github.com/KaramelBytes/smushmux/internal/ai/presets.go:57.19,65.10 1 0
github.com/KaramelBytes/smushmux/internal/ai/presets.go:66.26,80.10 1 0
github.com/KaramelBytes/smushmux/internal/ai/presets.go:81.23,95.10 1 0
github.com/KaramelBytes/smushmux/internal/ai/presets.go:96.25,141.10 1 0
github.com/KaramelBytes/smushmux/internal/ai/presets.go:142.10,143.20 1 0
github.com/KaramelBytes/smushmux/internal/ai/presets.go:149.59,150.20 1 5
github.com/KaramelBytes/smushmux/internal/ai/presets.go:150.20,152.3 1 1
github.com/KaramelBytes/smushmux/internal/ai/presets.go:153.2,153.14 1 5
github.com/KaramelBytes/smushmux/internal/ai/presets.go:154.15,155.19 1 2
github.com/KaramelBytes/smushmux/internal/ai/presets.go:156.21,157.44 1 1
github.com/KaramelBytes/smushmux/internal/ai/presets.go:158.17,159.37 1 0
github.com/KaramelBytes/smushmux/internal/ai/presets.go:160.20,161.43 1 0
github.com/KaramelBytes/smushmux/internal/ai/presets.go:162.27,163.42 1 1
github.com/KaramelBytes/smushmux/internal/ai/presets.go:164.24,165.51 1 0
github.com/KaramelBytes/smushmux/internal/ai/presets.go:167.18,168.19 1 2
github.com/KaramelBytes/smushmux/internal/ai/presets.go:169.31,170.32 1 0
github.com/KaramelBytes/smushmux/internal/ai/presets.go:171.20,172.46 1 1
github.com/KaramelBytes/smushmux/internal/ai/presets.go:173.27,174.40 1 0
github.com/KaramelBytes/smushmux/internal/ai/presets.go:175.24,176.52 1 1
github.com/KaramelBytes/smushmux/internal/ai/presets.go:178.22,179.19 1 0
github.com/KaramelBytes/smushmux/internal/ai/presets.go:180.34,181.46 1 0
github.com/KaramelBytes/smushmux/internal/ai/presets.go:182.17,183.32 1 0
github.com/KaramelBytes/smushmux/internal/ai/presets.go:184.27,185.40 1 0
github.com/KaramelBytes/smushmux/internal/ai/presets.go:186.24,187.52 1 0
github.com/KaramelBytes/smushmux/internal/ai/presets.go:190.2,190.18 1 1
github.com/KaramelBytes/smushmux/internal/ai/runtime_registry.go:24.53,24.75 1 2
github.com/KaramelBytes/smushmux/internal/ai/runtime_registry.go:27.65,28.33 1 3
github.com/KaramelBytes/smushmux/internal/ai/runtime_registry.go:28.33,30.3 1 2
github.com/KaramelBytes/smushmux/internal/ai/runtime_registry.go:31.2,31.19 1 1
github.com/KaramelBytes/smushmux/internal/ai/runtime_registry.go:35.13,36.68 1 1
github.com/KaramelBytes/smushmux/internal/ai/runtime_registry.go:36.68,37.25 1 1
github.com/KaramelBytes/smushmux/internal/ai/runtime_registry.go:37.25,39.4 1 1
github.com/KaramelBytes/smushmux/internal/ai/runtime_registry.go:40.3,40.22 1 1
github.com/KaramelBytes/smushmux/internal/ai/runtime_registry.go:40.22,42.4 1 1
github.com/KaramelBytes/smushmux/internal/ai/runtime_registry.go:43.3,43.23 1 1
github.com/KaramelBytes/smushmux/internal/ai/runtime_registry.go:43.23,45.4 1 1
github.com/KaramelBytes/smushmux/internal/ai/runtime_registry.go:46.3,46.22 1 1
github.com/KaramelBytes/smushmux/internal/ai/runtime_registry.go:46.22,48.4 1 1
github.com/KaramelBytes/smushmux/internal/ai/runtime_registry.go:49.3,49.81 1 1
github.com/KaramelBytes/smushmux/internal/ai/runtime_registry.go:51.2,51.64 1 1
github.com/KaramelBytes/smushmux/internal/ai/runtime_registry.go:51.64,52.25 1 1
github.com/KaramelBytes/smushmux/internal/ai/runtime_registry.go:52.25,54.4 1 1
github.com/KaramelBytes/smushmux/internal/ai/runtime_registry.go:55.3,55.22 1 1
github.com/KaramelBytes/smushmux/internal/ai/runtime_registry.go:55.22,57.4 1 1
github.com/KaramelBytes/smushmux/internal/ai/runtime_registry.go:58.3,58.23 1 1
github.com/KaramelBytes/smushmux/internal/ai/runtime_registry.go:58.23,60.4 1 1
github.com/KaramelBytes/smushmux/internal/ai/runtime_registry.go:61.3,61.22 1 1
github.com/KaramelBytes/smushmux/internal/ai/runtime_registry.go:61.22,63.4 1 1
github.com/KaramelBytes/smushmux/internal/ai/runtime_registry.go:64.3,64.85 1 1
