mode: atomic
github.com/KaramelBytes/smushmux/internal/retrieval/chunker.go:9.66,10.20 1 7
github.com/KaramelBytes/smushmux/internal/retrieval/chunker.go:10.20,12.3 1 0
github.com/KaramelBytes/smushmux/internal/retrieval/chunker.go:13.2,13.17 1 7
github.com/KaramelBytes/smushmux/internal/retrieval/chunker.go:13.17,15.3 1 0
github.com/KaramelBytes/smushmux/internal/retrieval/chunker.go:16.2,20.26 5 7
github.com/KaramelBytes/smushmux/internal/retrieval/chunker.go:20.26,22.20 2 17
github.com/KaramelBytes/smushmux/internal/retrieval/chunker.go:22.20,23.23 1 0
github.com/KaramelBytes/smushmux/internal/retrieval/chunker.go:23.23,25.20 2 0
github.com/KaramelBytes/smushmux/internal/retrieval/chunker.go:25.20,27.6 1 0
github.com/KaramelBytes/smushmux/internal/retrieval/chunker.go:27.11,30.6 2 0
github.com/KaramelBytes/smushmux/internal/retrieval/chunker.go:32.4,34.12 3 0
github.com/KaramelBytes/smushmux/internal/retrieval/chunker.go:36.3,36.49 1 17
github.com/KaramelBytes/smushmux/internal/retrieval/chunker.go:36.49,38.19 2 8
github.com/KaramelBytes/smushmux/internal/retrieval/chunker.go:38.19,40.5 1 1
github.com/KaramelBytes/smushmux/internal/retrieval/chunker.go:40.10,43.5 2 7
github.com/KaramelBytes/smushmux/internal/retrieval/chunker.go:45.3,46.17 2 17
github.com/KaramelBytes/smushmux/internal/retrieval/chunker.go:48.2,48.21 1 7
github.com/KaramelBytes/smushmux/internal/retrieval/chunker.go:48.21,50.3 1 7
github.com/KaramelBytes/smushmux/internal/retrieval/chunker.go:51.2,51.15 1 7
github.com/KaramelBytes/smushmux/internal/retrieval/chunker.go:54.41,57.24 3 7
github.com/KaramelBytes/smushmux/internal/retrieval/chunker.go:57.24,59.14 2 17
github.com/KaramelBytes/smushmux/internal/retrieval/chunker.go:59.14,61.4 1 17
github.com/KaramelBytes/smushmux/internal/retrieval/chunker.go:63.2,63.49 1 7
github.com/KaramelBytes/smushmux/internal/retrieval/chunker.go:63.49,65.3 1 0
github.com/KaramelBytes/smushmux/internal/retrieval/chunker.go:66.2,66.12 1 7
github.com/KaramelBytes/smushmux/internal/retrieval/chunker.go:69.67,72.39 3 1
github.com/KaramelBytes/smushmux/internal/retrieval/chunker.go:72.39,74.41 2 2
github.com/KaramelBytes/smushmux/internal/retrieval/chunker.go:74.41,75.9 1 1
github.com/KaramelBytes/smushmux/internal/retrieval/chunker.go:77.3,78.14 2 1
github.com/KaramelBytes/smushmux/internal/retrieval/chunker.go:80.2,80.20 1 1
github.com/KaramelBytes/smushmux/internal/retrieval/chunker.go:83.58,88.27 5 0
github.com/KaramelBytes/smushmux/internal/retrieval/chunker.go:88.27,90.21 2 0
github.com/KaramelBytes/smushmux/internal/retrieval/chunker.go:90.21,91.20 1 0
github.com/KaramelBytes/smushmux/internal/retrieval/chunker.go:91.20,95.5 3 0
github.com/KaramelBytes/smushmux/internal/retrieval/chunker.go:96.4,97.12 2 0
github.com/KaramelBytes/smushmux/internal/retrieval/chunker.go:99.3,99.41 1 0
github.com/KaramelBytes/smushmux/internal/retrieval/chunker.go:99.41,103.4 3 0
github.com/KaramelBytes/smushmux/internal/retrieval/chunker.go:104.3,105.12 2 0
github.com/KaramelBytes/smushmux/internal/retrieval/chunker.go:107.2,107.18 1 0
github.com/KaramelBytes/smushmux/internal/retrieval/chunker.go:107.18,109.3 1 0
github.com/KaramelBytes/smushmux/internal/retrieval/chunker.go:110.2,110.19 1 0
github.com/KaramelBytes/smushmux/internal/retrieval/chunker.go:110.19,112.3 1 0
github.com/KaramelBytes/smushmux/internal/retrieval/chunker.go:113.2,113.12 1 0
github.com/KaramelBytes/smushmux/internal/retrieval/chunker.go:116.53,117.20 1 0
github.com/KaramelBytes/smushmux/internal/retrieval/chunker.go:117.20,119.3 1 0
github.com/KaramelBytes/smushmux/internal/retrieval/chunker.go:120.2,121.17 2 0
github.com/KaramelBytes/smushmux/internal/retrieval/chunker.go:121.17,123.3 1 0
github.com/KaramelBytes/smushmux/internal/retrieval/chunker.go:124.2,125.41 2 0
github.com/KaramelBytes/smushmux/internal/retrieval/chunker.go:125.41,127.19 2 0
github.com/KaramelBytes/smushmux/internal/retrieval/chunker.go:127.19,129.4 1 0
github.com/KaramelBytes/smushmux/internal/retrieval/chunker.go:130.3,130.38 1 0
github.com/KaramelBytes/smushmux/internal/retrieval/chunker.go:132.2,132.12 1 0
github.com/KaramelBytes/smushmux/internal/retrieval/chunker.go:136.33,137.13 1 19
github.com/KaramelBytes/smushmux/internal/retrieval/chunker.go:137.13,139.3 1 0
github.com/KaramelBytes/smushmux/internal/retrieval/chunker.go:140.2,140.27 1 19
github.com/KaramelBytes/smushmux/internal/retrieval/index.go:43.43,44.16 1 6
github.com/KaramelBytes/smushmux/internal/retrieval/index.go:44.16,46.3 1 0
github.com/KaramelBytes/smushmux/internal/retrieval/index.go:47.2,47.26 1 6
github.com/KaramelBytes/smushmux/internal/retrieval/index.go:47.26,49.3 1 0
github.com/KaramelBytes/smushmux/internal/retrieval/index.go:50.2,51.16 2 6
github.com/KaramelBytes/smushmux/internal/retrieval/index.go:51.16,53.3 1 0
github.com/KaramelBytes/smushmux/internal/retrieval/index.go:54.2,55.52 2 6
github.com/KaramelBytes/smushmux/internal/retrieval/index.go:55.52,57.3 1 0
github.com/KaramelBytes/smushmux/internal/retrieval/index.go:58.2,58.29 1 6
github.com/KaramelBytes/smushmux/internal/retrieval/index.go:61.40,63.16 2 6
github.com/KaramelBytes/smushmux/internal/retrieval/index.go:63.16,65.3 1 3
github.com/KaramelBytes/smushmux/internal/retrieval/index.go:66.2,67.48 2 3
github.com/KaramelBytes/smushmux/internal/retrieval/index.go:67.48,69.3 1 0
github.com/KaramelBytes/smushmux/internal/retrieval/index.go:70.2,70.26 1 3
github.com/KaramelBytes/smushmux/internal/retrieval/index.go:70.26,72.3 1 0
github.com/KaramelBytes/smushmux/internal/retrieval/index.go:74.2,74.32 1 3
github.com/KaramelBytes/smushmux/internal/retrieval/index.go:74.32,76.3 1 0
github.com/KaramelBytes/smushmux/internal/retrieval/index.go:77.2,77.18 1 3
github.com/KaramelBytes/smushmux/internal/retrieval/index.go:80.43,82.2 1 7
github.com/KaramelBytes/smushmux/internal/retrieval/index.go:85.47,86.43 1 9
github.com/KaramelBytes/smushmux/internal/retrieval/index.go:86.43,88.3 1 7
github.com/KaramelBytes/smushmux/internal/retrieval/index.go:89.2,89.100 1 2
github.com/KaramelBytes/smushmux/internal/retrieval/index.go:89.100,91.3 1 0
github.com/KaramelBytes/smushmux/internal/retrieval/index.go:92.2,92.88 1 2
github.com/KaramelBytes/smushmux/internal/retrieval/index.go:92.88,94.3 1 0
github.com/KaramelBytes/smushmux/internal/retrieval/index.go:95.2,95.102 1 2
github.com/KaramelBytes/smushmux/internal/retrieval/index.go:95.102,97.3 1 0
github.com/KaramelBytes/smushmux/internal/retrieval/index.go:98.2,98.94 1 2
github.com/KaramelBytes/smushmux/internal/retrieval/index.go:98.94,100.3 1 0
github.com/KaramelBytes/smushmux/internal/retrieval/index.go:101.2,101.13 1 2
github.com/KaramelBytes/smushmux/internal/retrieval/index.go:105.60,106.43 1 8
github.com/KaramelBytes/smushmux/internal/retrieval/index.go:106.43,107.30 1 3
github.com/KaramelBytes/smushmux/internal/retrieval/index.go:107.30,108.15 1 3
github.com/KaramelBytes/smushmux/internal/retrieval/index.go:108.15,109.13 1 0
github.com/KaramelBytes/smushmux/internal/retrieval/index.go:111.4,112.10 2 3
github.com/KaramelBytes/smushmux/internal/retrieval/index.go:112.10,114.5 1 2
github.com/KaramelBytes/smushmux/internal/retrieval/index.go:116.3,116.15 1 1
github.com/KaramelBytes/smushmux/internal/retrieval/index.go:118.2,118.44 1 8
github.com/KaramelBytes/smushmux/internal/retrieval/index.go:118.44,120.3 1 1
github.com/KaramelBytes/smushmux/internal/retrieval/index.go:121.2,121.43 1 7
github.com/KaramelBytes/smushmux/internal/retrieval/index.go:121.43,123.3 1 1
github.com/KaramelBytes/smushmux/internal/retrieval/index.go:124.2,124.13 1 6
github.com/KaramelBytes/smushmux/internal/retrieval/index.go:128.40,129.37 1 3
github.com/KaramelBytes/smushmux/internal/retrieval/index.go:129.37,131.3 1 0
github.com/KaramelBytes/smushmux/internal/retrieval/index.go:132.2,134.19 3 3
github.com/KaramelBytes/smushmux/internal/retrieval/index.go:134.19,140.3 5 9
github.com/KaramelBytes/smushmux/internal/retrieval/index.go:141.2,141.24 1 3
github.com/KaramelBytes/smushmux/internal/retrieval/index.go:141.24,143.3 1 0
github.com/KaramelBytes/smushmux/internal/retrieval/index.go:144.2,144.46 1 3
github.com/KaramelBytes/smushmux/internal/retrieval/index.go:164.160,167.17 3 5
github.com/KaramelBytes/smushmux/internal/retrieval/index.go:167.17,169.3 1 3
github.com/KaramelBytes/smushmux/internal/retrieval/index.go:171.2,173.30 2 5
github.com/KaramelBytes/smushmux/internal/retrieval/index.go:173.30,175.3 1 0
github.com/KaramelBytes/smushmux/internal/retrieval/index.go:176.2,176.27 1 5
github.com/KaramelBytes/smushmux/internal/retrieval/index.go:176.27,178.3 1 0
github.com/KaramelBytes/smushmux/internal/retrieval/index.go:179.2,195.31 4 5
github.com/KaramelBytes/smushmux/internal/retrieval/index.go:195.31,196.52 1 5
github.com/KaramelBytes/smushmux/internal/retrieval/index.go:196.52,197.12 1 0
github.com/KaramelBytes/smushmux/internal/retrieval/index.go:199.3,200.69 2 5
github.com/KaramelBytes/smushmux/internal/retrieval/index.go:200.69,202.4 1 0
github.com/KaramelBytes/smushmux/internal/retrieval/index.go:203.3,205.48 3 5
github.com/KaramelBytes/smushmux/internal/retrieval/index.go:208.2,209.33 2 5
github.com/KaramelBytes/smushmux/internal/retrieval/index.go:209.33,211.3 1 4
github.com/KaramelBytes/smushmux/internal/retrieval/index.go:213.2,220.30 4 5
github.com/KaramelBytes/smushmux/internal/retrieval/index.go:220.30,222.33 2 5
github.com/KaramelBytes/smushmux/internal/retrieval/index.go:222.33,226.58 4 11
github.com/KaramelBytes/smushmux/internal/retrieval/index.go:226.58,227.31 1 2
github.com/KaramelBytes/smushmux/internal/retrieval/index.go:227.31,229.69 2 3
github.com/KaramelBytes/smushmux/internal/retrieval/index.go:229.69,231.12 2 2
github.com/KaramelBytes/smushmux/internal/retrieval/index.go:235.4,235.22 1 11
github.com/KaramelBytes/smushmux/internal/retrieval/index.go:235.22,237.5 1 2
github.com/KaramelBytes/smushmux/internal/retrieval/index.go:237.10,239.5 1 9
github.com/KaramelBytes/smushmux/internal/retrieval/index.go:243.2,243.23 1 5
github.com/KaramelBytes/smushmux/internal/retrieval/index.go:243.23,245.47 2 1
github.com/KaramelBytes/smushmux/internal/retrieval/index.go:245.47,246.56 1 1
github.com/KaramelBytes/smushmux/internal/retrieval/index.go:246.56,248.5 1 1
github.com/KaramelBytes/smushmux/internal/retrieval/index.go:249.4,249.58 1 0
github.com/KaramelBytes/smushmux/internal/retrieval/index.go:251.3,251.40 1 1
github.com/KaramelBytes/smushmux/internal/retrieval/index.go:251.40,253.4 1 0
github.com/KaramelBytes/smushmux/internal/retrieval/index.go:254.3,254.18 1 1
github.com/KaramelBytes/smushmux/internal/retrieval/index.go:257.2,262.67 4 4
github.com/KaramelBytes/smushmux/internal/retrieval/index.go:262.67,264.25 2 4
github.com/KaramelBytes/smushmux/internal/retrieval/index.go:264.25,266.4 1 4
github.com/KaramelBytes/smushmux/internal/retrieval/index.go:268.3,270.35 3 4
github.com/KaramelBytes/smushmux/internal/retrieval/index.go:270.35,272.4 1 9
github.com/KaramelBytes/smushmux/internal/retrieval/index.go:274.3,277.17 3 4
github.com/KaramelBytes/smushmux/internal/retrieval/index.go:277.17,279.4 1 0
github.com/KaramelBytes/smushmux/internal/retrieval/index.go:281.3,284.25 2 4
github.com/KaramelBytes/smushmux/internal/retrieval/index.go:284.25,286.4 1 0
github.com/KaramelBytes/smushmux/internal/retrieval/index.go:289.2,293.25 3 4
github.com/KaramelBytes/smushmux/internal/retrieval/index.go:293.25,294.21 1 9
github.com/KaramelBytes/smushmux/internal/retrieval/index.go:294.21,295.9 1 0
github.com/KaramelBytes/smushmux/internal/retrieval/index.go:297.3,299.39 3 9
github.com/KaramelBytes/smushmux/internal/retrieval/index.go:301.2,301.39 1 4
github.com/KaramelBytes/smushmux/internal/retrieval/index.go:301.39,303.3 1 4
github.com/KaramelBytes/smushmux/internal/retrieval/index.go:305.2,305.46 1 4
github.com/KaramelBytes/smushmux/internal/retrieval/index.go:305.46,306.55 1 5
github.com/KaramelBytes/smushmux/internal/retrieval/index.go:306.55,308.4 1 5
github.com/KaramelBytes/smushmux/internal/retrieval/index.go:309.3,309.57 1 0
github.com/KaramelBytes/smushmux/internal/retrieval/index.go:311.2,311.39 1 4
github.com/KaramelBytes/smushmux/internal/retrieval/index.go:311.39,313.3 1 0
github.com/KaramelBytes/smushmux/internal/retrieval/index.go:314.2,314.17 1 4
github.com/KaramelBytes/smushmux/internal/retrieval/index.go:325.96,327.32 2 1
github.com/KaramelBytes/smushmux/internal/retrieval/index.go:327.32,329.20 2 3
github.com/KaramelBytes/smushmux/internal/retrieval/index.go:329.20,331.4 1 3
github.com/KaramelBytes/smushmux/internal/retrieval/index.go:333.2,333.41 1 1
github.com/KaramelBytes/smushmux/internal/retrieval/index.go:333.41,333.85 1 2
github.com/KaramelBytes/smushmux/internal/retrieval/index.go:334.2,334.36 1 1
github.com/KaramelBytes/smushmux/internal/retrieval/index.go:334.36,336.3 1 1
github.com/KaramelBytes/smushmux/internal/retrieval/index.go:337.2,337.15 1 1
github.com/KaramelBytes/smushmux/internal/retrieval/index.go:341.80,344.27 3 1
github.com/KaramelBytes/smushmux/internal/retrieval/index.go:344.27,346.3 1 1
github.com/KaramelBytes/smushmux/internal/retrieval/index.go:347.2,347.12 1 1
github.com/KaramelBytes/smushmux/internal/ai/client.go:79.35,80.21 1 3
github.com/KaramelBytes/smushmux/internal/ai/client.go:80.21,81.19 1 3
github.com/KaramelBytes/smushmux/internal/ai/client.go:81.19,82.25 1 1
github.com/KaramelBytes/smushmux/internal/ai/client.go:82.25,84.5 1 1
github.com/KaramelBytes/smushmux/internal/ai/client.go:85.4,85.98 1 0
github.com/KaramelBytes/smushmux/internal/ai/client.go:87.3,87.24 1 2
github.com/KaramelBytes/smushmux/internal/ai/client.go:87.24,89.4 1 0
github.com/KaramelBytes/smushmux/internal/ai/client.go:90.3,90.81 1 2
github.com/KaramelBytes/smushmux/internal/ai/client.go:92.2,92.23 1 0
github.com/KaramelBytes/smushmux/internal/ai/client.go:92.23,94.3 1 0
github.com/KaramelBytes/smushmux/internal/ai/client.go:95.2,95.58 1 0
github.com/KaramelBytes/smushmux/internal/ai/client.go:99.49,101.2 1 1
github.com/KaramelBytes/smushmux/internal/ai/client.go:104.115,105.22 1 13
github.com/KaramelBytes/smushmux/internal/ai/client.go:105.22,107.3 1 0
github.com/KaramelBytes/smushmux/internal/ai/client.go:108.2,108.19 1 13
github.com/KaramelBytes/smushmux/internal/ai/client.go:108.19,110.3 1 0
github.com/KaramelBytes/smushmux/internal/ai/client.go:111.2,111.20 1 13
github.com/KaramelBytes/smushmux/internal/ai/client.go:111.20,113.3 1 2
github.com/KaramelBytes/smushmux/internal/ai/client.go:114.2,114.19 1 13
github.com/KaramelBytes/smushmux/internal/ai/client.go:114.19,116.3 1 2
github.com/KaramelBytes/smushmux/internal/ai/client.go:117.2,124.3 1 13
github.com/KaramelBytes/smushmux/internal/ai/client.go:128.142,130.19 2 9
github.com/KaramelBytes/smushmux/internal/ai/client.go:130.19,132.3 1 9
github.com/KaramelBytes/smushmux/internal/ai/client.go:133.2,133.10 1 9
github.com/KaramelBytes/smushmux/internal/ai/client.go:136.52,137.17 1 6
github.com/KaramelBytes/smushmux/internal/ai/client.go:137.17,139.3 1 0
github.com/KaramelBytes/smushmux/internal/ai/client.go:140.2,140.12 1 6
github.com/KaramelBytes/smushmux/internal/ai/client.go:143.96,144.20 1 3
github.com/KaramelBytes/smushmux/internal/ai/client.go:144.20,146.3 1 0
github.com/KaramelBytes/smushmux/internal/ai/client.go:147.2,147.51 1 3
github.com/KaramelBytes/smushmux/internal/ai/client.go:147.51,149.3 1 0
github.com/KaramelBytes/smushmux/internal/ai/client.go:150.2,151.16 2 3
github.com/KaramelBytes/smushmux/internal/ai/client.go:151.16,153.3 1 0
github.com/KaramelBytes/smushmux/internal/ai/client.go:154.2,158.18 4 3
github.com/KaramelBytes/smushmux/internal/ai/client.go:158.18,160.3 1 0
github.com/KaramelBytes/smushmux/internal/ai/client.go:163.2,165.54 3 3
github.com/KaramelBytes/smushmux/internal/ai/client.go:165.54,167.23 1 5
github.com/KaramelBytes/smushmux/internal/ai/client.go:167.23,169.4 1 0
github.com/KaramelBytes/smushmux/internal/ai/client.go:170.3,171.17 2 5
github.com/KaramelBytes/smushmux/internal/ai/client.go:171.17,173.4 1 0
github.com/KaramelBytes/smushmux/internal/ai/client.go:174.3,180.17 6 5
github.com/KaramelBytes/smushmux/internal/ai/client.go:180.17,182.55 1 0
github.com/KaramelBytes/smushmux/internal/ai/client.go:182.55,186.13 4 0
github.com/KaramelBytes/smushmux/internal/ai/client.go:188.4,188.51 1 0
github.com/KaramelBytes/smushmux/internal/ai/client.go:190.3,190.10 1 5
github.com/KaramelBytes/smushmux/internal/ai/client.go:190.10,192.55 2 5
github.com/KaramelBytes/smushmux/internal/ai/client.go:192.55,200.51 6 3
github.com/KaramelBytes/smushmux/internal/ai/client.go:200.51,201.46 1 3
github.com/KaramelBytes/smushmux/internal/ai/client.go:201.46,203.7 1 3
github.com/KaramelBytes/smushmux/internal/ai/client.go:204.6,204.44 1 3
github.com/KaramelBytes/smushmux/internal/ai/client.go:204.44,206.7 1 1
github.com/KaramelBytes/smushmux/internal/ai/client.go:207.11,208.48 1 0
github.com/KaramelBytes/smushmux/internal/ai/client.go:208.48,210.7 1 0
github.com/KaramelBytes/smushmux/internal/ai/client.go:211.6,211.46 1 0
github.com/KaramelBytes/smushmux/internal/ai/client.go:211.46,213.7 1 0
github.com/KaramelBytes/smushmux/internal/ai/client.go:216.5,216.135 1 3
github.com/KaramelBytes/smushmux/internal/ai/client.go:216.135,218.56 1 2
github.com/KaramelBytes/smushmux/internal/ai/client.go:218.56,219.74 1 2
github.com/KaramelBytes/smushmux/internal/ai/client.go:219.74,223.8 3 1
github.com/KaramelBytes/smushmux/internal/ai/client.go:225.6,228.56 3 1
github.com/KaramelBytes/smushmux/internal/ai/client.go:228.56,230.7 1 0
github.com/KaramelBytes/smushmux/internal/ai/client.go:231.6,233.12 3 1
github.com/KaramelBytes/smushmux/internal/ai/client.go:236.5,238.11 2 1
github.com/KaramelBytes/smushmux/internal/ai/client.go:240.4,240.66 1 2
github.com/KaramelBytes/smushmux/internal/ai/client.go:240.66,243.5 2 0
github.com/KaramelBytes/smushmux/internal/ai/client.go:245.4,247.17 2 2
github.com/KaramelBytes/smushmux/internal/ai/client.go:250.3,250.21 1 5
github.com/KaramelBytes/smushmux/internal/ai/client.go:250.21,252.4 1 2
github.com/KaramelBytes/smushmux/internal/ai/client.go:253.3,253.46 1 3
github.com/KaramelBytes/smushmux/internal/ai/client.go:253.46,255.12 1 2
github.com/KaramelBytes/smushmux/internal/ai/client.go:257.3,257.8 1 1
github.com/KaramelBytes/smushmux/internal/ai/client.go:259.2,259.21 1 1
github.com/KaramelBytes/smushmux/internal/ai/client.go:264.97,265.20 1 6
github.com/KaramelBytes/smushmux/internal/ai/client.go:265.20,267.3 1 1
github.com/KaramelBytes/smushmux/internal/ai/client.go:268.2,268.17 1 5
github.com/KaramelBytes/smushmux/internal/ai/client.go:268.17,270.3 1 1
github.com/KaramelBytes/smushmux/internal/ai/client.go:271.2,271.22 1 4
github.com/KaramelBytes/smushmux/internal/ai/client.go:271.22,273.3 1 1
github.com/KaramelBytes/smushmux/internal/ai/client.go:274.2,275.16 2 3
github.com/KaramelBytes/smushmux/internal/ai/client.go:275.16,277.3 1 0
github.com/KaramelBytes/smushmux/internal/ai/client.go:278.2,280.16 3 3
github.com/KaramelBytes/smushmux/internal/ai/client.go:280.16,282.3 1 0
github.com/KaramelBytes/smushmux/internal/ai/client.go:283.2,289.16 6 3
github.com/KaramelBytes/smushmux/internal/ai/client.go:289.16,291.3 1 0
github.com/KaramelBytes/smushmux/internal/ai/client.go:292.2,293.53 2 3
github.com/KaramelBytes/smushmux/internal/ai/client.go:293.53,298.49 5 1
github.com/KaramelBytes/smushmux/internal/ai/client.go:298.49,299.44 1 1
github.com/KaramelBytes/smushmux/internal/ai/client.go:299.44,301.5 1 1
github.com/KaramelBytes/smushmux/internal/ai/client.go:302.4,302.42 1 1
github.com/KaramelBytes/smushmux/internal/ai/client.go:302.42,304.5 1 1
github.com/KaramelBytes/smushmux/internal/ai/client.go:306.3,306.45 1 1
github.com/KaramelBytes/smushmux/internal/ai/client.go:308.2,309.64 2 2
github.com/KaramelBytes/smushmux/internal/ai/client.go:309.64,311.3 1 1
github.com/KaramelBytes/smushmux/internal/ai/client.go:312.2,313.29 2 1
github.com/KaramelBytes/smushmux/internal/ai/client.go:313.29,315.33 2 2
github.com/KaramelBytes/smushmux/internal/ai/client.go:315.33,317.4 1 3
github.com/KaramelBytes/smushmux/internal/ai/client.go:318.3,318.19 1 2
github.com/KaramelBytes/smushmux/internal/ai/client.go:320.2,320.21 1 1
github.com/KaramelBytes/smushmux/internal/ai/client.go:323.40,326.27 2 3
github.com/KaramelBytes/smushmux/internal/ai/client.go:326.27,327.21 1 1
github.com/KaramelBytes/smushmux/internal/ai/client.go:327.21,329.4 1 1
github.com/KaramelBytes/smushmux/internal/ai/client.go:332.2,332.28 1 2
github.com/KaramelBytes/smushmux/internal/ai/client.go:332.28,334.3 1 1
github.com/KaramelBytes/smushmux/internal/ai/client.go:335.2,335.14 1 1
github.com/KaramelBytes/smushmux/internal/ai/client.go:339.52,341.43 1 5
github.com/KaramelBytes/smushmux/internal/ai/client.go:341.43,343.3 1 4
github.com/KaramelBytes/smushmux/internal/ai/client.go:345.2,345.45 1 1
github.com/KaramelBytes/smushmux/internal/ai/client.go:345.45,347.12 2 0
github.com/KaramelBytes/smushmux/internal/ai/client.go:347.12,349.4 1 0
github.com/KaramelBytes/smushmux/internal/ai/client.go:350.3,350.31 1 0
github.com/KaramelBytes/smushmux/internal/ai/client.go:352.2,352.52 1 1
github.com/KaramelBytes/smushmux/internal/ai/client.go:356.68,361.65 4 8
github.com/KaramelBytes/smushmux/internal/ai/client.go:361.65,363.3 1 2
github.com/KaramelBytes/smushmux/internal/ai/client.go:365.2,365.38 1 6
github.com/KaramelBytes/smushmux/internal/ai/client.go:365.38,367.51 2 1
github.com/KaramelBytes/smushmux/internal/ai/client.go:367.51,368.70 1 1
github.com/KaramelBytes/smushmux/internal/ai/client.go:368.70,370.5 1 1
github.com/KaramelBytes/smushmux/internal/ai/client.go:372.3,372.59 1 1
github.com/KaramelBytes/smushmux/internal/ai/client.go:375.2,375.31 1 5
github.com/KaramelBytes/smushmux/internal/ai/client.go:375.31,376.81 1 2
github.com/KaramelBytes/smushmux/internal/ai/client.go:376.81,378.4 1 2
github.com/KaramelBytes/smushmux/internal/ai/client.go:379.3,379.16 1 0
github.com/KaramelBytes/smushmux/internal/ai/client.go:382.2,382.33 1 3
github.com/KaramelBytes/smushmux/internal/ai/client.go:382.33,384.3 1 2
github.com/KaramelBytes/smushmux/internal/ai/client.go:386.2,386.92 1 1
github.com/KaramelBytes/smushmux/internal/ai/client.go:386.92,388.3 1 0
github.com/KaramelBytes/smushmux/internal/ai/client.go:390.2,390.28 1 1
github.com/KaramelBytes/smushmux/internal/ai/client.go:390.28,392.3 1 1
github.com/KaramelBytes/smushmux/internal/ai/client.go:393.2,393.15 1 0
github.com/KaramelBytes/smushmux/internal/ai/client.go:396.53,397.27 1 1
github.com/KaramelBytes/smushmux/internal/ai/client.go:397.27,398.28 1 2
github.com/KaramelBytes/smushmux/internal/ai/client.go:398.28,400.4 1 0
github.com/KaramelBytes/smushmux/internal/ai/client.go:402.2,402.13 1 1
github.com/KaramelBytes/smushmux/internal/ai/client.go:405.53,406.27 1 2
github.com/KaramelBytes/smushmux/internal/ai/client.go:406.27,407.27 1 5
github.com/KaramelBytes/smushmux/internal/ai/client.go:407.27,409.4 1 1
github.com/KaramelBytes/smushmux/internal/ai/client.go:411.2,411.14 1 1
github.com/KaramelBytes/smushmux/internal/ai/client.go:414.39,415.26 1 10
github.com/KaramelBytes/smushmux/internal/ai/client.go:415.26,417.3 1 2
github.com/KaramelBytes/smushmux/internal/ai/client.go:418.2,418.67 1 8
github.com/KaramelBytes/smushmux/internal/ai/client.go:422.51,423.17 1 6
github.com/KaramelBytes/smushmux/internal/ai/client.go:423.17,425.3 1 0
github.com/KaramelBytes/smushmux/internal/ai/client.go:427.2,428.25 2 6
github.com/KaramelBytes/smushmux/internal/ai/client.go:428.25,429.39 1 22
github.com/KaramelBytes/smushmux/internal/ai/client.go:429.39,431.4 1 2
github.com/KaramelBytes/smushmux/internal/ai/client.go:433.2,433.11 1 4
github.com/KaramelBytes/smushmux/internal/ai/client.go:437.48,438.12 1 1
github.com/KaramelBytes/smushmux/internal/ai/client.go:438.12,440.3 1 0
github.com/KaramelBytes/smushmux/internal/ai/client.go:442.2,444.14 3 1
github.com/KaramelBytes/smushmux/internal/ai/client.go:444.14,446.3 1 0
github.com/KaramelBytes/smushmux/internal/ai/client.go:447.2,447.12 1 1
github.com/KaramelBytes/smushmux/internal/ai/client.go:452.103,453.20 1 3
github.com/KaramelBytes/smushmux/internal/ai/client.go:453.20,455.3 1 0
github.com/KaramelBytes/smushmux/internal/ai/client.go:456.2,456.51 1 3
github.com/KaramelBytes/smushmux/internal/ai/client.go:456.51,458.3 1 0
github.com/KaramelBytes/smushmux/internal/ai/client.go:459.2,464.23 2 3
github.com/KaramelBytes/smushmux/internal/ai/client.go:464.23,466.3 1 0
github.com/KaramelBytes/smushmux/internal/ai/client.go:467.2,467.25 1 3
github.com/KaramelBytes/smushmux/internal/ai/client.go:467.25,469.3 1 0
github.com/KaramelBytes/smushmux/internal/ai/client.go:470.2,471.16 2 3
github.com/KaramelBytes/smushmux/internal/ai/client.go:471.16,473.3 1 0
github.com/KaramelBytes/smushmux/internal/ai/client.go:474.2,476.16 3 3
github.com/KaramelBytes/smushmux/internal/ai/client.go:476.16,478.3 1 0
github.com/KaramelBytes/smushmux/internal/ai/client.go:479.2,485.16 6 3
github.com/KaramelBytes/smushmux/internal/ai/client.go:485.16,487.3 1 0
github.com/KaramelBytes/smushmux/internal/ai/client.go:488.2,489.53 2 3
github.com/KaramelBytes/smushmux/internal/ai/client.go:489.53,494.49 5 1
github.com/KaramelBytes/smushmux/internal/ai/client.go:494.49,495.44 1 1
github.com/KaramelBytes/smushmux/internal/ai/client.go:495.44,497.5 1 1
github.com/KaramelBytes/smushmux/internal/ai/client.go:498.4,498.42 1 1
github.com/KaramelBytes/smushmux/internal/ai/client.go:498.42,500.5 1 1
github.com/KaramelBytes/smushmux/internal/ai/client.go:502.3,502.40 1 1
github.com/KaramelBytes/smushmux/internal/ai/client.go:504.2,514.21 5 2
github.com/KaramelBytes/smushmux/internal/ai/client.go:514.21,515.23 1 10
github.com/KaramelBytes/smushmux/internal/ai/client.go:515.23,517.4 1 0
github.com/KaramelBytes/smushmux/internal/ai/client.go:518.3,519.17 2 10
github.com/KaramelBytes/smushmux/internal/ai/client.go:519.17,520.12 1 4
github.com/KaramelBytes/smushmux/internal/ai/client.go:522.3,522.39 1 6
github.com/KaramelBytes/smushmux/internal/ai/client.go:522.39,524.24 2 6
github.com/KaramelBytes/smushmux/internal/ai/client.go:524.24,525.10 1 2
github.com/KaramelBytes/smushmux/internal/ai/client.go:527.4,528.59 2 4
github.com/KaramelBytes/smushmux/internal/ai/client.go:528.59,529.27 1 3
github.com/KaramelBytes/smushmux/internal/ai/client.go:529.27,531.6 1 3
github.com/KaramelBytes/smushmux/internal/ai/client.go:535.2,535.38 1 2
github.com/KaramelBytes/smushmux/internal/ai/client.go:535.38,537.3 1 0
github.com/KaramelBytes/smushmux/internal/ai/client.go:538.2,538.12 1 2
github.com/KaramelBytes/smushmux/internal/ai/errors.go:11.36,13.2 1 1
github.com/KaramelBytes/smushmux/internal/ai/errors.go:21.41,22.22 1 0
github.com/KaramelBytes/smushmux/internal/ai/errors.go:22.22,24.3 1 0
github.com/KaramelBytes/smushmux/internal/ai/errors.go:25.2,25.60 1 0
github.com/KaramelBytes/smushmux/internal/ai/errors.go:31.45,33.2 1 0
github.com/KaramelBytes/smushmux/internal/ai/errors.go:38.42,38.103 1 1
github.com/KaramelBytes/smushmux/internal/ai/errors.go:43.45,45.2 1 1
github.com/KaramelBytes/smushmux/internal/ai/errors.go:50.38,50.102 1 0
github.com/KaramelBytes/smushmux/internal/ai/errors.go:58.43,59.14 1 1
github.com/KaramelBytes/smushmux/internal/ai/errors.go:59.14,61.3 1 0
github.com/KaramelBytes/smushmux/internal/ai/errors.go:62.2,62.18 1 1
github.com/KaramelBytes/smushmux/internal/ai/errors.go:62.18,64.3 1 1
github.com/KaramelBytes/smushmux/internal/ai/errors.go:65.2,65.55 1 0
github.com/KaramelBytes/smushmux/internal/ai/models.go:128.49,131.2 2 4
github.com/KaramelBytes/smushmux/internal/ai/models.go:135.88,137.9 2 2
github.com/KaramelBytes/smushmux/internal/ai/models.go:137.9,139.3 1 1
github.com/KaramelBytes/smushmux/internal/ai/models.go:140.2,142.31 3 1
github.com/KaramelBytes/smushmux/internal/ai/models.go:151.69,153.16 2 2
github.com/KaramelBytes/smushmux/internal/ai/models.go:153.16,155.3 1 1
github.com/KaramelBytes/smushmux/internal/ai/models.go:156.2,159.39 4 1
github.com/KaramelBytes/smushmux/internal/ai/models.go:159.39,161.3 1 0
github.com/KaramelBytes/smushmux/internal/ai/models.go:162.2,162.15 1 1
github.com/KaramelBytes/smushmux/internal/ai/models.go:166.46,167.14 1 2
github.com/KaramelBytes/smushmux/internal/ai/models.go:167.14,169.3 1 0
github.com/KaramelBytes/smushmux/internal/ai/models.go:170.2,170.12 1 2
github.com/KaramelBytes/smushmux/internal/ai/models.go:174.43,175.14 1 1
github.com/KaramelBytes/smushmux/internal/ai/models.go:175.14,177.3 1 0
github.com/KaramelBytes/smushmux/internal/ai/models.go:178.2,178.22 1 1
github.com/KaramelBytes/smushmux/internal/ai/models.go:178.22,180.3 1 1
github.com/KaramelBytes/smushmux/internal/ai/models.go:184.37,186.27 2 3
github.com/KaramelBytes/smushmux/internal/ai/models.go:186.27,188.3 1 21
github.com/KaramelBytes/smushmux/internal/ai/models.go:189.2,189.12 1 3
github.com/KaramelBytes/smushmux/internal/ai/ollama_client.go:25.125,26.16 1 5
github.com/KaramelBytes/smushmux/internal/ai/ollama_client.go:26.16,28.3 1 1
github.com/KaramelBytes/smushmux/internal/ai/ollama_client.go:29.2,29.22 1 5
github.com/KaramelBytes/smushmux/internal/ai/ollama_client.go:29.22,31.3 1 0
github.com/KaramelBytes/smushmux/internal/ai/ollama_client.go:32.2,32.19 1 5
github.com/KaramelBytes/smushmux/internal/ai/ollama_client.go:32.19,34.3 1 0
github.com/KaramelBytes/smushmux/internal/ai/ollama_client.go:35.2,35.20 1 5
github.com/KaramelBytes/smushmux/internal/ai/ollama_client.go:35.20,37.3 1 4
github.com/KaramelBytes/smushmux/internal/ai/ollama_client.go:38.2,38.19 1 5
github.com/KaramelBytes/smushmux/internal/ai/ollama_client.go:38.19,40.3 1 4
github.com/KaramelBytes/smushmux/internal/ai/ollama_client.go:41.2,47.3 1 5
github.com/KaramelBytes/smushmux/internal/ai/ollama_client.go:71.102,72.21 1 4
github.com/KaramelBytes/smushmux/internal/ai/ollama_client.go:72.21,74.3 1 0
github.com/KaramelBytes/smushmux/internal/ai/ollama_client.go:75.2,75.28 1 4
github.com/KaramelBytes/smushmux/internal/ai/ollama_client.go:75.28,77.3 1 1
github.com/KaramelBytes/smushmux/internal/ai/ollama_client.go:80.2,81.35 2 3
github.com/KaramelBytes/smushmux/internal/ai/ollama_client.go:81.35,86.3 1 6
github.com/KaramelBytes/smushmux/internal/ai/ollama_client.go:88.2,94.25 2 3
github.com/KaramelBytes/smushmux/internal/ai/ollama_client.go:94.25,96.3 1 0
github.com/KaramelBytes/smushmux/internal/ai/ollama_client.go:97.2,97.23 1 3
github.com/KaramelBytes/smushmux/internal/ai/ollama_client.go:97.23,99.3 1 1
github.com/KaramelBytes/smushmux/internal/ai/ollama_client.go:101.2,102.16 2 3
github.com/KaramelBytes/smushmux/internal/ai/ollama_client.go:102.16,104.3 1 0
github.com/KaramelBytes/smushmux/internal/ai/ollama_client.go:106.2,109.18 4 3
github.com/KaramelBytes/smushmux/internal/ai/ollama_client.go:109.18,111.3 1 0
github.com/KaramelBytes/smushmux/internal/ai/ollama_client.go:113.2,114.54 2 3
github.com/KaramelBytes/smushmux/internal/ai/ollama_client.go:114.54,115.23 1 3
github.com/KaramelBytes/smushmux/internal/ai/ollama_client.go:115.23,117.4 1 0
github.com/KaramelBytes/smushmux/internal/ai/ollama_client.go:118.3,119.17 2 3
github.com/KaramelBytes/smushmux/internal/ai/ollama_client.go:119.17,121.4 1 0
github.com/KaramelBytes/smushmux/internal/ai/ollama_client.go:122.3,125.17 3 3
github.com/KaramelBytes/smushmux/internal/ai/ollama_client.go:125.17,127.55 1 0
github.com/KaramelBytes/smushmux/internal/ai/ollama_client.go:127.55,130.13 3 0
github.com/KaramelBytes/smushmux/internal/ai/ollama_client.go:132.4,132.57 1 0
github.com/KaramelBytes/smushmux/internal/ai/ollama_client.go:134.3,135.10 2 3
github.com/KaramelBytes/smushmux/internal/ai/ollama_client.go:135.10,137.55 2 3
github.com/KaramelBytes/smushmux/internal/ai/ollama_client.go:137.55,142.45 5 1
github.com/KaramelBytes/smushmux/internal/ai/ollama_client.go:142.45,144.6 1 1
github.com/KaramelBytes/smushmux/internal/ai/ollama_client.go:145.5,145.71 1 1
github.com/KaramelBytes/smushmux/internal/ai/ollama_client.go:145.71,147.6 1 0
github.com/KaramelBytes/smushmux/internal/ai/ollama_client.go:149.5,149.47 1 1
github.com/KaramelBytes/smushmux/internal/ai/ollama_client.go:149.47,153.6 2 0
github.com/KaramelBytes/smushmux/internal/ai/ollama_client.go:154.5,154.31 1 1
github.com/KaramelBytes/smushmux/internal/ai/ollama_client.go:154.31,157.6 2 0
github.com/KaramelBytes/smushmux/internal/ai/ollama_client.go:158.5,158.31 1 1
github.com/KaramelBytes/smushmux/internal/ai/ollama_client.go:158.31,161.6 2 1
github.com/KaramelBytes/smushmux/internal/ai/ollama_client.go:162.5,163.11 2 0
github.com/KaramelBytes/smushmux/internal/ai/ollama_client.go:165.4,166.68 2 2
github.com/KaramelBytes/smushmux/internal/ai/ollama_client.go:166.68,169.5 2 0
github.com/KaramelBytes/smushmux/internal/ai/ollama_client.go:170.4,173.17 3 2
github.com/KaramelBytes/smushmux/internal/ai/ollama_client.go:175.3,175.21 1 3
github.com/KaramelBytes/smushmux/internal/ai/ollama_client.go:175.21,177.4 1 2
github.com/KaramelBytes/smushmux/internal/ai/ollama_client.go:178.3,178.28 1 1
github.com/KaramelBytes/smushmux/internal/ai/ollama_client.go:178.28,181.12 3 0
github.com/KaramelBytes/smushmux/internal/ai/ollama_client.go:183.3,183.8 1 1
github.com/KaramelBytes/smushmux/internal/ai/ollama_client.go:185.2,185.21 1 1
github.com/KaramelBytes/smushmux/internal/ai/ollama_client.go:191.109,192.21 1 1
github.com/KaramelBytes/smushmux/internal/ai/ollama_client.go:192.21,194.3 1 0
github.com/KaramelBytes/smushmux/internal/ai/ollama_client.go:195.2,195.28 1 1
github.com/KaramelBytes/smushmux/internal/ai/ollama_client.go:195.28,197.3 1 1
github.com/KaramelBytes/smushmux/internal/ai/ollama_client.go:200.2,201.35 2 0
github.com/KaramelBytes/smushmux/internal/ai/ollama_client.go:201.35,206.3 1 0
github.com/KaramelBytes/smushmux/internal/ai/ollama_client.go:208.2,214.25 2 0
github.com/KaramelBytes/smushmux/internal/ai/ollama_client.go:214.25,216.3 1 0
github.com/KaramelBytes/smushmux/internal/ai/ollama_client.go:217.2,217.23 1 0
github.com/KaramelBytes/smushmux/internal/ai/ollama_client.go:217.23,219.3 1 0
github.com/KaramelBytes/smushmux/internal/ai/ollama_client.go:220.2,221.16 2 0
github.com/KaramelBytes/smushmux/internal/ai/ollama_client.go:221.16,223.3 1 0
github.com/KaramelBytes/smushmux/internal/ai/ollama_client.go:225.2,227.16 3 0
github.com/KaramelBytes/smushmux/internal/ai/ollama_client.go:227.16,229.3 1 0
github.com/KaramelBytes/smushmux/internal/ai/ollama_client.go:230.2,233.16 3 0
github.com/KaramelBytes/smushmux/internal/ai/ollama_client.go:233.16,235.3 1 0
github.com/KaramelBytes/smushmux/internal/ai/ollama_client.go:236.2,237.53 2 0
github.com/KaramelBytes/smushmux/internal/ai/ollama_client.go:237.53,242.43 5 0
github.com/KaramelBytes/smushmux/internal/ai/ollama_client.go:242.43,244.4 1 0
github.com/KaramelBytes/smushmux/internal/ai/ollama_client.go:245.3,245.69 1 0
github.com/KaramelBytes/smushmux/internal/ai/ollama_client.go:245.69,247.4 1 0
github.com/KaramelBytes/smushmux/internal/ai/ollama_client.go:248.3,248.45 1 0
github.com/KaramelBytes/smushmux/internal/ai/ollama_client.go:248.45,250.4 1 0
github.com/KaramelBytes/smushmux/internal/ai/ollama_client.go:251.3,251.29 1 0
github.com/KaramelBytes/smushmux/internal/ai/ollama_client.go:251.29,253.4 1 0
github.com/KaramelBytes/smushmux/internal/ai/ollama_client.go:254.3,254.29 1 0
github.com/KaramelBytes/smushmux/internal/ai/ollama_client.go:254.29,256.4 1 0
github.com/KaramelBytes/smushmux/internal/ai/ollama_client.go:257.3,257.16 1 0
github.com/KaramelBytes/smushmux/internal/ai/ollama_client.go:260.2,261.6 2 0
github.com/KaramelBytes/smushmux/internal/ai/ollama_client.go:261.6,262.23 1 0
github.com/KaramelBytes/smushmux/internal/ai/ollama_client.go:262.23,264.4 1 0
github.com/KaramelBytes/smushmux/internal/ai/ollama_client.go:265.3,266.44 2 0
github.com/KaramelBytes/smushmux/internal/ai/ollama_client.go:266.44,267.30 1 0
github.com/KaramelBytes/smushmux/internal/ai/ollama_client.go:267.30,268.10 1 0
github.com/KaramelBytes/smushmux/internal/ai/ollama_client.go:270.4,270.47 1 0
github.com/KaramelBytes/smushmux/internal/ai/ollama_client.go:272.3,272.46 1 0
github.com/KaramelBytes/smushmux/internal/ai/ollama_client.go:272.46,274.4 1 0
github.com/KaramelBytes/smushmux/internal/ai/ollama_client.go:275.3,275.17 1 0
github.com/KaramelBytes/smushmux/internal/ai/ollama_client.go:275.17,276.9 1 0
github.com/KaramelBytes/smushmux/internal/ai/ollama_client.go:279.2,279.12 1 0
github.com/KaramelBytes/smushmux/internal/ai/ollama_embeddings.go:18.78,19.16 1 2
github.com/KaramelBytes/smushmux/internal/ai/ollama_embeddings.go:19.16,21.3 1 0
github.com/KaramelBytes/smushmux/internal/ai/ollama_embeddings.go:22.2,22.18 1 2
github.com/KaramelBytes/smushmux/internal/ai/ollama_embeddings.go:22.18,24.3 1 0
github.com/KaramelBytes/smushmux/internal/ai/ollama_embeddings.go:25.2,25.81 1 2
github.com/KaramelBytes/smushmux/internal/ai/ollama_embeddings.go:30.106,39.27 4 2
github.com/KaramelBytes/smushmux/internal/ai/ollama_embeddings.go:39.27,42.17 3 3
github.com/KaramelBytes/smushmux/internal/ai/ollama_embeddings.go:42.17,44.4 1 0
github.com/KaramelBytes/smushmux/internal/ai/ollama_embeddings.go:45.3,47.17 3 3
github.com/KaramelBytes/smushmux/internal/ai/ollama_embeddings.go:47.17,49.4 1 0
github.com/KaramelBytes/smushmux/internal/ai/ollama_embeddings.go:50.3,50.10 1 3
github.com/KaramelBytes/smushmux/internal/ai/ollama_embeddings.go:50.10,52.55 2 3
github.com/KaramelBytes/smushmux/internal/ai/ollama_embeddings.go:52.55,56.5 3 1
github.com/KaramelBytes/smushmux/internal/ai/ollama_embeddings.go:57.4,58.71 2 2
github.com/KaramelBytes/smushmux/internal/ai/ollama_embeddings.go:58.71,61.5 2 0
github.com/KaramelBytes/smushmux/internal/ai/ollama_embeddings.go:62.4,63.32 2 2
github.com/KaramelBytes/smushmux/internal/ai/ollama_embeddings.go:63.32,65.5 1 6
github.com/KaramelBytes/smushmux/internal/ai/ollama_embeddings.go:66.4,66.26 1 2
github.com/KaramelBytes/smushmux/internal/ai/ollama_embeddings.go:68.3,68.17 1 3
github.com/KaramelBytes/smushmux/internal/ai/ollama_embeddings.go:68.17,70.4 1 1
github.com/KaramelBytes/smushmux/internal/ai/ollama_embeddings.go:72.2,72.17 1 1
github.com/KaramelBytes/smushmux/internal/ai/presets.go:5.66,6.18 1 1
github.com/KaramelBytes/smushmux/internal/ai/presets.go:7.20,40.10 1 1
github.com/KaramelBytes/smushmux/internal/ai/presets.go:41.16,56.10 1 0
github.com/KaramelBytes/smushmux/internal/ai/presets.go:57.19,65.10 1 0
github.com/KaramelBytes/smushmux/internal/ai/presets.go:66.26,80.10 1 0
github.com/KaramelBytes/smushmux/internal/ai/presets.go:81.23,95.10 1 0
github.com/KaramelBytes/smushmux/internal/ai/presets.go:96.25,141.10 1 0
github.com/KaramelBytes/smushmux/internal/ai/presets.go:142.10,143.20 1 0
github.com/KaramelBytes/smushmux/internal/ai/presets.go:149.59,150.20 1 5
github.com/KaramelBytes/smushmux/internal/ai/presets.go:150.20,152.3 1 1
github.com/KaramelBytes/smushmux/internal/ai/presets.go:153.2,153.14 1 5
github.com/KaramelBytes/smushmux/internal/ai/presets.go:154.15,155.19 1 2
github.com/KaramelBytes/smushmux/internal/ai/presets.go:156.21,157.44 1 1
github.com/KaramelBytes/smushmux/internal/ai/presets.go:158.17,159.37 1 0
github.com/KaramelBytes/smushmux/internal/ai/presets.go:160.20,161.43 1 0
github.com/KaramelBytes/smushmux/internal/ai/presets.go:162.27,163.42 1 1
github.com/KaramelBytes/smushmux/internal/ai/presets.go:164.24,165.51 1 0
github.com/KaramelBytes/smushmux/internal/ai/presets.go:167.18,168.19 1 2
github.com/KaramelBytes/smushmux/internal/ai/presets.go:169.31,170.32 1 0
github.com/KaramelBytes/smushmux/internal/ai/presets.go:171.20,172.46 1 1
github.com/KaramelBytes/smushmux/internal/ai/presets.go:173.27,174.40 1 0
github.com/KaramelBytes/smushmux/internal/ai/presets.go:175.24,176.52 1 1
github.com/KaramelBytes/smushmux/internal/ai/presets.go:178.22,179.19 1 0
github.com/KaramelBytes/smushmux/internal/ai/presets.go:180.34,181.46 1 0
github.com/KaramelBytes/smushmux/internal/ai/presets.go:182.17,183.32 1 0
github.com/KaramelBytes/smushmux/internal/ai/presets.go:184.27,185.40 1 0
github.com/KaramelBytes/smushmux/internal/ai/presets.go:186.24,187.52 1 0
github.com/KaramelBytes/smushmux/internal/ai/presets.go:190.2,190.18 1 1
github.com/KaramelBytes/smushmux/internal/ai/runtime_registry.go:24.53,24.75 1 2
github.com/KaramelBytes/smushmux/internal/ai/runtime_registry.go:27.65,28.33 1 3
github.com/KaramelBytes/smushmux/internal/ai/runtime_registry.go:28.33,30.3 1 2
github.com/KaramelBytes/smushmux/internal/ai/runtime_registry.go:31.2,31.19 1 1
github.com/KaramelBytes/smushmux/internal/ai/runtime_registry.go:35.13,36.68 1 1
github.com/KaramelBytes/smushmux/internal/ai/runtime_registry.go:36.68,37.25 1 1
github.com/KaramelBytes/smushmux/internal/ai/runtime_registry.go:37.25,39.4 1 1
github.com/KaramelBytes/smushmux/internal/ai/runtime_registry.go:40.3,40.22 1 1
github.com/KaramelBytes/smushmux/internal/ai/runtime_registry.go:40.22,42.4 1 1
github.com/KaramelBytes/smushmux/internal/ai/runtime_registry.go:43.3,43.23 1 1
github.com/KaramelBytes/smushmux/internal/ai/runtime_registry.go:43.23,45.4 1 1
github.com/KaramelBytes/smushmux/internal/ai/runtime_registry.go:46.3,46.22 1 1
github.com/KaramelBytes/smushmux/internal/ai/runtime_registry.go:46.22,48.4 1 1
github.com/KaramelBytes/smushmux/internal/ai/runtime_registry.go:49.3,49.81 1 1
github.com/KaramelBytes/smushmux/internal/ai/runtime_registry.go:51.2,51.64 1 1
github.com/KaramelBytes/smushmux/internal/ai/runtime_registry.go:51.64,52.25 1 1
github.com/KaramelBytes/smushmux/internal/ai/runtime_registry.go:52.25,54.4 1 1
github.com/KaramelBytes/smushmux/internal/ai/runtime_registry.go:55.3,55.22 1 1
github.com/KaramelBytes/smushmux/internal/ai/runtime_registry.go:55.22,57.4 1 1
github.com/KaramelBytes/smushmux/internal/ai/runtime_registry.go:58.3,58.23 1 1
github.com/KaramelBytes/smushmux/internal/ai/runtime_registry.go:58.23,60.4 1 1
github.com/KaramelBytes/smushmux/internal/ai/runtime_registry.go:61.3,61.22 1 1
github.com/KaramelBytes/smushmux/internal/ai/runtime_registry.go:61.22,63.4 1 1
github.com/KaramelBytes/smushmux/internal/ai/runtime_registry.go:64.3,64.85 1 1
github.com/KaramelBytes/smushmux/internal/utils/files.go:12.41,14.2 1 1
github.com/KaramelBytes/smushmux/internal/utils/files.go:17.52,19.55 2 2
github.com/KaramelBytes/smushmux/internal/utils/files.go:19.55,21.3 1 0
github.com/KaramelBytes/smushmux/internal/utils/files.go:22.2,22.45 1 2
github.com/KaramelBytes/smushmux/internal/utils/files.go:22.45,25.3 2 0
github.com/KaramelBytes/smushmux/internal/utils/files.go:26.2,26.12 1 2
github.com/KaramelBytes/smushmux/internal/utils/files.go:30.40,32.16 2 2
github.com/KaramelBytes/smushmux/internal/utils/files.go:32.16,34.3 1 1
github.com/KaramelBytes/smushmux/internal/utils/files.go:35.2,35.15 1 1
github.com/KaramelBytes/smushmux/internal/utils/files.go:40.52,41.17 1 3
github.com/KaramelBytes/smushmux/internal/utils/files.go:41.17,43.17 2 0
github.com/KaramelBytes/smushmux/internal/utils/files.go:43.17,45.4 1 0
github.com/KaramelBytes/smushmux/internal/utils/files.go:46.3,46.13 1 0
github.com/KaramelBytes/smushmux/internal/utils/files.go:48.2,49.16 2 3
github.com/KaramelBytes/smushmux/internal/utils/files.go:49.16,51.3 1 0
github.com/KaramelBytes/smushmux/internal/utils/files.go:52.2,53.19 2 3
github.com/KaramelBytes/smushmux/internal/utils/files.go:53.19,55.3 1 1
github.com/KaramelBytes/smushmux/internal/utils/files.go:56.2,56.6 1 3
github.com/KaramelBytes/smushmux/internal/utils/files.go:56.6,58.47 2 14
github.com/KaramelBytes/smushmux/internal/utils/files.go:58.47,60.4 1 2
github.com/KaramelBytes/smushmux/internal/utils/files.go:61.3,62.20 2 12
github.com/KaramelBytes/smushmux/internal/utils/files.go:62.20,63.9 1 1
github.com/KaramelBytes/smushmux/internal/utils/files.go:65.3,65.15 1 11
github.com/KaramelBytes/smushmux/internal/utils/files.go:67.2,67.64 1 1
github.com/KaramelBytes/smushmux/internal/utils/tokens.go:8.35,9.20 1 4
github.com/KaramelBytes/smushmux/internal/utils/tokens.go:9.20,11.3 1 1
github.com/KaramelBytes/smushmux/internal/utils/tokens.go:13.2,15.22 3 3
github.com/KaramelBytes/smushmux/internal/utils/tokens.go:15.22,17.3 1 0
github.com/KaramelBytes/smushmux/internal/utils/tokens.go:18.2,18.24 1 3
github.com/KaramelBytes/smushmux/internal/utils/tokens.go:22.58,23.19 1 1
github.com/KaramelBytes/smushmux/internal/utils/tokens.go:23.19,25.6 1 0
github.com/KaramelBytes/smushmux/internal/utils/tokens.go:26.5,30.32 3 1
github.com/KaramelBytes/smushmux/internal/utils/tokens.go:30.32,32.6 1 0
github.com/KaramelBytes/smushmux/internal/utils/tokens.go:33.5,33.37 1 1
github.com/KaramelBytes/smushmux/internal/utils/tokens.go:37.64,39.29 2 0
github.com/KaramelBytes/smushmux/internal/utils/tokens.go:39.29,41.3 1 0
github.com/KaramelBytes/smushmux/internal/utils/tokens.go:42.2,42.12 1 0
github.com/KaramelBytes/smushmux/main.go:7.13,9.2 1 0
github.com/KaramelBytes/smushmux/internal/parser/csv.go:12.49,15.2 2 1
github.com/KaramelBytes/smushmux/internal/parser/csv.go:17.50,23.2 1 0
github.com/KaramelBytes/smushmux/internal/parser/csv.go:26.48,28.16 2 1
github.com/KaramelBytes/smushmux/internal/parser/csv.go:28.16,30.3 1 0
github.com/KaramelBytes/smushmux/internal/parser/csv.go:31.2,35.31 3 1
github.com/KaramelBytes/smushmux/internal/parser/csv.go:35.31,45.3 1 0
github.com/KaramelBytes/smushmux/internal/parser/csv.go:47.2,47.16 1 1
github.com/KaramelBytes/smushmux/internal/parser/docx.go:14.50,16.2 1 1
github.com/KaramelBytes/smushmux/internal/parser/docx.go:18.57,21.16 2 3
github.com/KaramelBytes/smushmux/internal/parser/docx.go:21.16,23.3 1 1
github.com/KaramelBytes/smushmux/internal/parser/docx.go:24.2,25.28 2 2
github.com/KaramelBytes/smushmux/internal/parser/docx.go:25.28,26.36 1 2
github.com/KaramelBytes/smushmux/internal/parser/docx.go:26.36,28.18 2 1
github.com/KaramelBytes/smushmux/internal/parser/docx.go:28.18,30.5 1 0
github.com/KaramelBytes/smushmux/internal/parser/docx.go:31.4,33.18 3 1
github.com/KaramelBytes/smushmux/internal/parser/docx.go:33.18,35.5 1 0
github.com/KaramelBytes/smushmux/internal/parser/docx.go:36.4,37.9 2 1
github.com/KaramelBytes/smushmux/internal/parser/docx.go:40.2,40.22 1 2
github.com/KaramelBytes/smushmux/internal/parser/docx.go:40.22,42.3 1 1
github.com/KaramelBytes/smushmux/internal/parser/docx.go:44.2,50.39 6 1
github.com/KaramelBytes/smushmux/internal/parser/docx.go:50.39,52.3 1 0
github.com/KaramelBytes/smushmux/internal/parser/docx.go:53.2,53.18 1 1
github.com/KaramelBytes/smushmux/internal/parser/markdown.go:10.54,13.2 2 2
github.com/KaramelBytes/smushmux/internal/parser/markdown.go:15.61,20.39 3 2
github.com/KaramelBytes/smushmux/internal/parser/markdown.go:20.39,22.3 1 2
github.com/KaramelBytes/smushmux/internal/parser/markdown.go:23.2,23.18 1 2
github.com/KaramelBytes/smushmux/internal/parser/parser.go:20.25,22.2 1 5
github.com/KaramelBytes/smushmux/internal/parser/parser.go:25.45,27.16 2 3
github.com/KaramelBytes/smushmux/internal/parser/parser.go:27.16,29.3 1 0
github.com/KaramelBytes/smushmux/internal/parser/parser.go:30.2,30.29 1 3
github.com/KaramelBytes/smushmux/internal/parser/parser.go:30.29,31.23 1 7
github.com/KaramelBytes/smushmux/internal/parser/parser.go:31.23,33.26 1 3
github.com/KaramelBytes/smushmux/internal/parser/parser.go:34.19,35.30 1 1
github.com/KaramelBytes/smushmux/internal/parser/parser.go:36.20,37.38 1 0
github.com/KaramelBytes/smushmux/internal/parser/parser.go:38.12,39.26 1 2
github.com/KaramelBytes/smushmux/internal/parser/parser.go:44.2,44.26 1 0
github.com/KaramelBytes/smushmux/internal/parser/parser.go:48.38,50.2 1 0
github.com/KaramelBytes/smushmux/internal/parser/parser.go:52.13,59.2 5 1
github.com/KaramelBytes/smushmux/internal/parser/txt.go:7.49,9.2 1 3
github.com/KaramelBytes/smushmux/internal/parser/txt.go:11.56,13.2 1 2
github.com/KaramelBytes/smushmux/internal/parser/xlsx.go:13.50,15.2 1 0
github.com/KaramelBytes/smushmux/internal/parser/xlsx.go:17.51,19.2 1 0
github.com/KaramelBytes/smushmux/internal/parser/xlsx.go:22.83,24.16 2 1
github.com/KaramelBytes/smushmux/internal/parser/xlsx.go:24.16,26.3 1 1
github.com/KaramelBytes/smushmux/internal/parser/xlsx.go:28.2,28.70 1 0
github.com/KaramelBytes/smushmux/internal/parser/xlsx.go:28.70,30.3 1 0
github.com/KaramelBytes/smushmux/internal/parser/xlsx.go:31.2,35.31 3 0
github.com/KaramelBytes/smushmux/internal/parser/xlsx.go:35.31,46.3 1 0
github.com/KaramelBytes/smushmux/internal/parser/xlsx.go:48.2,48.16 1 0
github.com/KaramelBytes/smushmux/cmd/add.go:20.54,22.27 2 7
github.com/KaramelBytes/smushmux/cmd/add.go:22.27,24.4 1 1
github.com/KaramelBytes/smushmux/cmd/add.go:25.3,26.17 2 6
github.com/KaramelBytes/smushmux/cmd/add.go:26.17,28.4 1 0
github.com/KaramelBytes/smushmux/cmd/add.go:29.3,30.17 2 6
github.com/KaramelBytes/smushmux/cmd/add.go:30.17,32.4 1 0
github.com/KaramelBytes/smushmux/cmd/add.go:33.3,33.57 1 6
github.com/KaramelBytes/smushmux/cmd/add.go:33.57,35.4 1 0
github.com/KaramelBytes/smushmux/cmd/add.go:36.3,36.34 1 6
github.com/KaramelBytes/smushmux/cmd/add.go:36.34,38.4 1 0
github.com/KaramelBytes/smushmux/cmd/add.go:39.3,40.13 2 6
github.com/KaramelBytes/smushmux/cmd/add.go:44.13,48.2 3 1
github.com/KaramelBytes/smushmux/cmd/analyze.go:37.54,40.24 3 0
github.com/KaramelBytes/smushmux/cmd/analyze.go:40.24,42.4 1 0
github.com/KaramelBytes/smushmux/cmd/analyze.go:43.3,43.21 1 0
github.com/KaramelBytes/smushmux/cmd/analyze.go:43.21,45.4 1 0
github.com/KaramelBytes/smushmux/cmd/analyze.go:46.3,46.25 1 0
github.com/KaramelBytes/smushmux/cmd/analyze.go:46.25,47.24 1 0
github.com/KaramelBytes/smushmux/cmd/analyze.go:48.13,49.24 1 0
github.com/KaramelBytes/smushmux/cmd/analyze.go:50.21,51.25 1 0
github.com/KaramelBytes/smushmux/cmd/analyze.go:52.13,53.24 1 0
github.com/KaramelBytes/smushmux/cmd/analyze.go:54.12,55.67 1 0
github.com/KaramelBytes/smushmux/cmd/analyze.go:59.3,59.57 1 0
github.com/KaramelBytes/smushmux/cmd/analyze.go:60.21,61.30 1 0
github.com/KaramelBytes/smushmux/cmd/analyze.go:62.19,63.30 1 0
github.com/KaramelBytes/smushmux/cmd/analyze.go:64.11,64.11 0 0
github.com/KaramelBytes/smushmux/cmd/analyze.go:65.11,66.80 1 0
github.com/KaramelBytes/smushmux/cmd/analyze.go:68.3,68.59 1 0
github.com/KaramelBytes/smushmux/cmd/analyze.go:69.12,70.32 1 0
github.com/KaramelBytes/smushmux/cmd/analyze.go:71.12,72.32 1 0
github.com/KaramelBytes/smushmux/cmd/analyze.go:73.21,74.32 1 0
github.com/KaramelBytes/smushmux/cmd/analyze.go:75.11,75.11 0 0
github.com/KaramelBytes/smushmux/cmd/analyze.go:76.11,77.88 1 0
github.com/KaramelBytes/smushmux/cmd/analyze.go:80.3,83.38 4 0
github.com/KaramelBytes/smushmux/cmd/analyze.go:83.38,85.4 1 0
github.com/KaramelBytes/smushmux/cmd/analyze.go:85.9,87.4 1 0
github.com/KaramelBytes/smushmux/cmd/analyze.go:88.3,88.24 1 0
github.com/KaramelBytes/smushmux/cmd/analyze.go:88.24,90.4 1 0
github.com/KaramelBytes/smushmux/cmd/analyze.go:91.3,91.52 1 0
github.com/KaramelBytes/smushmux/cmd/analyze.go:91.52,93.4 1 0
github.com/KaramelBytes/smushmux/cmd/analyze.go:95.3,98.40 4 0
github.com/KaramelBytes/smushmux/cmd/analyze.go:98.40,101.18 3 0
github.com/KaramelBytes/smushmux/cmd/analyze.go:101.18,103.5 1 0
github.com/KaramelBytes/smushmux/cmd/analyze.go:104.9,107.18 3 0
github.com/KaramelBytes/smushmux/cmd/analyze.go:107.18,109.5 1 0
github.com/KaramelBytes/smushmux/cmd/analyze.go:111.3,111.17 1 0
github.com/KaramelBytes/smushmux/cmd/analyze.go:111.17,113.4 1 0
github.com/KaramelBytes/smushmux/cmd/analyze.go:116.3,117.26 2 0
github.com/KaramelBytes/smushmux/cmd/analyze.go:117.26,118.73 1 0
github.com/KaramelBytes/smushmux/cmd/analyze.go:118.73,120.5 1 0
github.com/KaramelBytes/smushmux/cmd/analyze.go:121.4,122.18 2 0
github.com/KaramelBytes/smushmux/cmd/analyze.go:124.3,124.23 1 0
github.com/KaramelBytes/smushmux/cmd/analyze.go:124.23,126.18 2 0
github.com/KaramelBytes/smushmux/cmd/analyze.go:126.18,128.5 1 0
github.com/KaramelBytes/smushmux/cmd/analyze.go:129.4,130.18 2 0
github.com/KaramelBytes/smushmux/cmd/analyze.go:130.18,132.5 1 0
github.com/KaramelBytes/smushmux/cmd/analyze.go:135.4,137.36 3 0
github.com/KaramelBytes/smushmux/cmd/analyze.go:137.36,140.49 2 0
github.com/KaramelBytes/smushmux/cmd/analyze.go:140.49,143.6 2 0
github.com/KaramelBytes/smushmux/cmd/analyze.go:147.4,150.43 3 0
github.com/KaramelBytes/smushmux/cmd/analyze.go:150.43,154.5 1 0
github.com/KaramelBytes/smushmux/cmd/analyze.go:156.4,156.46 1 0
github.com/KaramelBytes/smushmux/cmd/analyze.go:156.46,160.5 2 0
github.com/KaramelBytes/smushmux/cmd/analyze.go:163.4,164.53 2 0
github.com/KaramelBytes/smushmux/cmd/analyze.go:164.53,166.5 1 0
github.com/KaramelBytes/smushmux/cmd/analyze.go:167.4,172.26 4 0
github.com/KaramelBytes/smushmux/cmd/analyze.go:172.26,175.25 3 0
github.com/KaramelBytes/smushmux/cmd/analyze.go:175.25,176.58 1 0
github.com/KaramelBytes/smushmux/cmd/analyze.go:176.58,178.7 1 0
github.com/KaramelBytes/smushmux/cmd/analyze.go:178.12,178.49 1 0
github.com/KaramelBytes/smushmux/cmd/analyze.go:178.49,180.7 1 0
github.com/KaramelBytes/smushmux/cmd/analyze.go:182.5,183.17 2 0
github.com/KaramelBytes/smushmux/cmd/analyze.go:183.17,185.6 1 0
github.com/KaramelBytes/smushmux/cmd/analyze.go:186.5,186.39 1 0
github.com/KaramelBytes/smushmux/cmd/analyze.go:188.4,189.54 2 0
github.com/KaramelBytes/smushmux/cmd/analyze.go:189.54,191.9 2 0
github.com/KaramelBytes/smushmux/cmd/analyze.go:191.9,193.53 2 0
github.com/KaramelBytes/smushmux/cmd/analyze.go:193.53,194.40 1 0
github.com/KaramelBytes/smushmux/cmd/analyze.go:194.40,196.8 1 0
github.com/KaramelBytes/smushmux/cmd/analyze.go:197.7,198.12 2 0
github.com/KaramelBytes/smushmux/cmd/analyze.go:200.6,200.11 1 0
github.com/KaramelBytes/smushmux/cmd/analyze.go:203.4,203.67 1 0
github.com/KaramelBytes/smushmux/cmd/analyze.go:203.67,205.5 1 0
github.com/KaramelBytes/smushmux/cmd/analyze.go:206.4,207.18 2 0
github.com/KaramelBytes/smushmux/cmd/analyze.go:207.18,209.5 1 0
github.com/KaramelBytes/smushmux/cmd/analyze.go:210.4,210.55 1 0
github.com/KaramelBytes/smushmux/cmd/analyze.go:210.55,212.5 1 0
github.com/KaramelBytes/smushmux/cmd/analyze.go:213.4,213.35 1 0
github.com/KaramelBytes/smushmux/cmd/analyze.go:213.35,215.5 1 0
github.com/KaramelBytes/smushmux/cmd/analyze.go:216.4,217.18 2 0
github.com/KaramelBytes/smushmux/cmd/analyze.go:219.3,219.15 1 0
github.com/KaramelBytes/smushmux/cmd/analyze.go:219.15,221.4 1 0
github.com/KaramelBytes/smushmux/cmd/analyze.go:222.3,222.13 1 0
github.com/KaramelBytes/smushmux/cmd/analyze.go:226.13,244.2 17 1
github.com/KaramelBytes/smushmux/cmd/analyze_batch.go:38.54,41.28 3 1
github.com/KaramelBytes/smushmux/cmd/analyze_batch.go:41.28,43.25 2 1
github.com/KaramelBytes/smushmux/cmd/analyze_batch.go:43.25,45.43 1 0
github.com/KaramelBytes/smushmux/cmd/analyze_batch.go:45.43,47.6 1 0
github.com/KaramelBytes/smushmux/cmd/analyze_batch.go:49.4,49.30 1 1
github.com/KaramelBytes/smushmux/cmd/analyze_batch.go:49.30,50.29 1 2
github.com/KaramelBytes/smushmux/cmd/analyze_batch.go:50.29,51.14 1 0
github.com/KaramelBytes/smushmux/cmd/analyze_batch.go:53.5,54.29 2 2
github.com/KaramelBytes/smushmux/cmd/analyze_batch.go:57.3,57.22 1 1
github.com/KaramelBytes/smushmux/cmd/analyze_batch.go:57.22,59.4 1 0
github.com/KaramelBytes/smushmux/cmd/analyze_batch.go:60.3,63.23 3 1
github.com/KaramelBytes/smushmux/cmd/analyze_batch.go:63.23,65.4 1 1
github.com/KaramelBytes/smushmux/cmd/analyze_batch.go:66.3,66.20 1 1
github.com/KaramelBytes/smushmux/cmd/analyze_batch.go:66.20,68.4 1 1
github.com/KaramelBytes/smushmux/cmd/analyze_batch.go:69.3,69.24 1 1
github.com/KaramelBytes/smushmux/cmd/analyze_batch.go:69.24,70.23 1 0
github.com/KaramelBytes/smushmux/cmd/analyze_batch.go:71.13,72.24 1 0
github.com/KaramelBytes/smushmux/cmd/analyze_batch.go:73.21,74.25 1 0
github.com/KaramelBytes/smushmux/cmd/analyze_batch.go:75.13,76.24 1 0
github.com/KaramelBytes/smushmux/cmd/analyze_batch.go:77.12,78.66 1 0
github.com/KaramelBytes/smushmux/cmd/analyze_batch.go:81.3,81.56 1 1
github.com/KaramelBytes/smushmux/cmd/analyze_batch.go:82.21,83.30 1 0
github.com/KaramelBytes/smushmux/cmd/analyze_batch.go:84.19,85.30 1 0
github.com/KaramelBytes/smushmux/cmd/analyze_batch.go:86.11,86.11 0 1
github.com/KaramelBytes/smushmux/cmd/analyze_batch.go:87.11,88.79 1 0
github.com/KaramelBytes/smushmux/cmd/analyze_batch.go:90.3,90.58 1 1
github.com/KaramelBytes/smushmux/cmd/analyze_batch.go:91.12,92.32 1 0
github.com/KaramelBytes/smushmux/cmd/analyze_batch.go:93.12,94.32 1 0
github.com/KaramelBytes/smushmux/cmd/analyze_batch.go:95.21,96.32 1 0
github.com/KaramelBytes/smushmux/cmd/analyze_batch.go:97.11,97.11 0 1
github.com/KaramelBytes/smushmux/cmd/analyze_batch.go:98.11,99.87 1 0
github.com/KaramelBytes/smushmux/cmd/analyze_batch.go:101.3,104.38 4 1
github.com/KaramelBytes/smushmux/cmd/analyze_batch.go:104.38,106.4 1 0
github.com/KaramelBytes/smushmux/cmd/analyze_batch.go:106.9,108.4 1 1
github.com/KaramelBytes/smushmux/cmd/analyze_batch.go:109.3,109.23 1 1
github.com/KaramelBytes/smushmux/cmd/analyze_batch.go:109.23,111.4 1 1
github.com/KaramelBytes/smushmux/cmd/analyze_batch.go:113.3,114.22 2 1
github.com/KaramelBytes/smushmux/cmd/analyze_batch.go:114.22,116.18 2 1
github.com/KaramelBytes/smushmux/cmd/analyze_batch.go:116.18,118.5 1 0
github.com/KaramelBytes/smushmux/cmd/analyze_batch.go:119.4,120.18 2 1
github.com/KaramelBytes/smushmux/cmd/analyze_batch.go:120.18,122.5 1 0
github.com/KaramelBytes/smushmux/cmd/analyze_batch.go:123.4,124.32 2 1
github.com/KaramelBytes/smushmux/cmd/analyze_batch.go:124.32,126.5 1 1
github.com/KaramelBytes/smushmux/cmd/analyze_batch.go:129.3,130.30 2 1
github.com/KaramelBytes/smushmux/cmd/analyze_batch.go:130.30,131.16 1 2
github.com/KaramelBytes/smushmux/cmd/analyze_batch.go:131.16,133.5 1 2
github.com/KaramelBytes/smushmux/cmd/analyze_batch.go:134.4,139.15 6 2
github.com/KaramelBytes/smushmux/cmd/analyze_batch.go:140.17,144.19 4 0
github.com/KaramelBytes/smushmux/cmd/analyze_batch.go:144.19,146.6 1 0
github.com/KaramelBytes/smushmux/cmd/analyze_batch.go:147.24,150.59 2 2
github.com/KaramelBytes/smushmux/cmd/analyze_batch.go:150.59,152.6 1 0
github.com/KaramelBytes/smushmux/cmd/analyze_batch.go:153.5,155.19 3 2
github.com/KaramelBytes/smushmux/cmd/analyze_batch.go:155.19,157.6 1 2
github.com/KaramelBytes/smushmux/cmd/analyze_batch.go:159.4,159.18 1 2
github.com/KaramelBytes/smushmux/cmd/analyze_batch.go:159.18,161.17 1 0
github.com/KaramelBytes/smushmux/cmd/analyze_batch.go:161.17,163.20 2 0
github.com/KaramelBytes/smushmux/cmd/analyze_batch.go:163.20,165.7 1 0
github.com/KaramelBytes/smushmux/cmd/analyze_batch.go:166.6,166.54 1 0
github.com/KaramelBytes/smushmux/cmd/analyze_batch.go:166.54,168.19 1 0
github.com/KaramelBytes/smushmux/cmd/analyze_batch.go:168.19,170.8 1 0
github.com/KaramelBytes/smushmux/cmd/analyze_batch.go:171.12,172.38 1 0
github.com/KaramelBytes/smushmux/cmd/analyze_batch.go:172.38,174.8 1 0
github.com/KaramelBytes/smushmux/cmd/analyze_batch.go:175.7,175.19 1 0
github.com/KaramelBytes/smushmux/cmd/analyze_batch.go:175.19,177.8 1 0
github.com/KaramelBytes/smushmux/cmd/analyze_batch.go:179.6,179.14 1 0
github.com/KaramelBytes/smushmux/cmd/analyze_batch.go:181.5,181.17 1 0
github.com/KaramelBytes/smushmux/cmd/analyze_batch.go:181.17,183.6 1 0
github.com/KaramelBytes/smushmux/cmd/analyze_batch.go:184.5,184.13 1 0
github.com/KaramelBytes/smushmux/cmd/analyze_batch.go:186.4,186.18 1 2
github.com/KaramelBytes/smushmux/cmd/analyze_batch.go:186.18,188.5 1 0
github.com/KaramelBytes/smushmux/cmd/analyze_batch.go:190.4,191.16 2 2
github.com/KaramelBytes/smushmux/cmd/analyze_batch.go:191.16,195.37 3 2
github.com/KaramelBytes/smushmux/cmd/analyze_batch.go:195.37,198.50 2 1
github.com/KaramelBytes/smushmux/cmd/analyze_batch.go:198.50,201.7 2 1
github.com/KaramelBytes/smushmux/cmd/analyze_batch.go:203.5,205.44 3 2
github.com/KaramelBytes/smushmux/cmd/analyze_batch.go:205.44,208.6 1 0
github.com/KaramelBytes/smushmux/cmd/analyze_batch.go:209.5,209.59 1 2
github.com/KaramelBytes/smushmux/cmd/analyze_batch.go:209.59,212.6 2 0
github.com/KaramelBytes/smushmux/cmd/analyze_batch.go:214.5,215.54 2 2
github.com/KaramelBytes/smushmux/cmd/analyze_batch.go:215.54,217.6 1 0
github.com/KaramelBytes/smushmux/cmd/analyze_batch.go:218.5,221.26 4 2
github.com/KaramelBytes/smushmux/cmd/analyze_batch.go:221.26,224.26 3 0
github.com/KaramelBytes/smushmux/cmd/analyze_batch.go:224.26,225.59 1 0
github.com/KaramelBytes/smushmux/cmd/analyze_batch.go:225.59,227.8 1 0
github.com/KaramelBytes/smushmux/cmd/analyze_batch.go:227.13,227.50 1 0
github.com/KaramelBytes/smushmux/cmd/analyze_batch.go:227.50,229.8 1 0
github.com/KaramelBytes/smushmux/cmd/analyze_batch.go:231.6,232.18 2 0
github.com/KaramelBytes/smushmux/cmd/analyze_batch.go:232.18,234.7 1 0
github.com/KaramelBytes/smushmux/cmd/analyze_batch.go:235.6,235.40 1 0
github.com/KaramelBytes/smushmux/cmd/analyze_batch.go:237.5,238.55 2 2
github.com/KaramelBytes/smushmux/cmd/analyze_batch.go:238.55,240.10 2 1
github.com/KaramelBytes/smushmux/cmd/analyze_batch.go:240.10,242.54 2 1
github.com/KaramelBytes/smushmux/cmd/analyze_batch.go:242.54,243.20 1 1
github.com/KaramelBytes/smushmux/cmd/analyze_batch.go:243.20,245.9 1 1
github.com/KaramelBytes/smushmux/cmd/analyze_batch.go:246.8,247.13 2 1
github.com/KaramelBytes/smushmux/cmd/analyze_batch.go:249.7,249.12 1 0
github.com/KaramelBytes/smushmux/cmd/analyze_batch.go:252.5,252.68 1 2
github.com/KaramelBytes/smushmux/cmd/analyze_batch.go:252.68,254.6 1 0
github.com/KaramelBytes/smushmux/cmd/analyze_batch.go:255.5,256.19 2 2
github.com/KaramelBytes/smushmux/cmd/analyze_batch.go:256.19,258.6 1 2
github.com/KaramelBytes/smushmux/cmd/analyze_batch.go:259.5,259.56 1 2
github.com/KaramelBytes/smushmux/cmd/analyze_batch.go:259.56,261.6 1 0
github.com/KaramelBytes/smushmux/cmd/analyze_batch.go:262.5,262.36 1 2
github.com/KaramelBytes/smushmux/cmd/analyze_batch.go:262.36,264.6 1 0
github.com/KaramelBytes/smushmux/cmd/analyze_batch.go:265.5,265.17 1 2
github.com/KaramelBytes/smushmux/cmd/analyze_batch.go:265.17,267.6 1 2
github.com/KaramelBytes/smushmux/cmd/analyze_batch.go:268.5,268.19 1 2
github.com/KaramelBytes/smushmux/cmd/analyze_batch.go:270.4,270.16 1 2
github.com/KaramelBytes/smushmux/cmd/analyze_batch.go:270.16,271.17 1 0
github.com/KaramelBytes/smushmux/cmd/analyze_batch.go:271.17,273.6 1 0
github.com/KaramelBytes/smushmux/cmd/analyze_batch.go:276.3,276.13 1 1
github.com/KaramelBytes/smushmux/cmd/analyze_batch.go:280.13,298.2 17 1
github.com/KaramelBytes/smushmux/cmd/config.go:19.54,20.17 1 2
github.com/KaramelBytes/smushmux/cmd/config.go:20.17,23.4 2 1
github.com/KaramelBytes/smushmux/cmd/config.go:24.3,26.32 3 1
github.com/KaramelBytes/smushmux/cmd/config.go:26.32,28.4 1 1
github.com/KaramelBytes/smushmux/cmd/config.go:29.3,29.31 1 1
github.com/KaramelBytes/smushmux/cmd/config.go:29.31,31.4 1 1
github.com/KaramelBytes/smushmux/cmd/config.go:32.3,32.34 1 1
github.com/KaramelBytes/smushmux/cmd/config.go:32.34,34.4 1 1
github.com/KaramelBytes/smushmux/cmd/config.go:35.3,35.28 1 1
github.com/KaramelBytes/smushmux/cmd/config.go:35.28,37.4 1 1
github.com/KaramelBytes/smushmux/cmd/config.go:38.3,38.33 1 1
github.com/KaramelBytes/smushmux/cmd/config.go:38.33,40.4 1 1
github.com/KaramelBytes/smushmux/cmd/config.go:41.3,44.13 4 1
github.com/KaramelBytes/smushmux/cmd/config.go:52.54,54.17 2 5
github.com/KaramelBytes/smushmux/cmd/config.go:54.17,56.18 2 0
github.com/KaramelBytes/smushmux/cmd/config.go:56.18,58.5 1 0
github.com/KaramelBytes/smushmux/cmd/config.go:59.4,59.11 1 0
github.com/KaramelBytes/smushmux/cmd/config.go:61.3,61.14 1 5
github.com/KaramelBytes/smushmux/cmd/config.go:62.18,63.20 1 0
github.com/KaramelBytes/smushmux/cmd/config.go:64.24,65.26 1 0
github.com/KaramelBytes/smushmux/cmd/config.go:66.27,67.15 1 2
github.com/KaramelBytes/smushmux/cmd/config.go:68.50,69.39 1 0
github.com/KaramelBytes/smushmux/cmd/config.go:70.46,71.35 1 1
github.com/KaramelBytes/smushmux/cmd/config.go:72.12,73.86 1 1
github.com/KaramelBytes/smushmux/cmd/config.go:75.26,76.28 1 0
github.com/KaramelBytes/smushmux/cmd/config.go:77.29,78.15 1 0
github.com/KaramelBytes/smushmux/cmd/config.go:79.50,80.41 1 0
github.com/KaramelBytes/smushmux/cmd/config.go:81.46,82.37 1 0
github.com/KaramelBytes/smushmux/cmd/config.go:83.12,84.88 1 0
github.com/KaramelBytes/smushmux/cmd/config.go:86.26,88.27 2 1
github.com/KaramelBytes/smushmux/cmd/config.go:88.27,90.5 1 1
github.com/KaramelBytes/smushmux/cmd/config.go:91.4,91.25 1 0
github.com/KaramelBytes/smushmux/cmd/config.go:92.30,94.27 2 0
github.com/KaramelBytes/smushmux/cmd/config.go:94.27,96.5 1 0
github.com/KaramelBytes/smushmux/cmd/config.go:97.4,97.29 1 0
github.com/KaramelBytes/smushmux/cmd/config.go:98.21,100.18 2 1
github.com/KaramelBytes/smushmux/cmd/config.go:100.18,102.5 1 0
github.com/KaramelBytes/smushmux/cmd/config.go:103.4,103.21 1 1
github.com/KaramelBytes/smushmux/cmd/config.go:104.22,106.18 2 1
github.com/KaramelBytes/smushmux/cmd/config.go:106.18,108.5 1 1
github.com/KaramelBytes/smushmux/cmd/config.go:109.4,109.23 1 0
github.com/KaramelBytes/smushmux/cmd/config.go:110.23,111.25 1 0
github.com/KaramelBytes/smushmux/cmd/config.go:112.11,113.45 1 0
github.com/KaramelBytes/smushmux/cmd/config.go:115.3,115.51 1 2
github.com/KaramelBytes/smushmux/cmd/config.go:115.51,117.4 1 0
github.com/KaramelBytes/smushmux/cmd/config.go:118.3,119.13 2 2
github.com/KaramelBytes/smushmux/cmd/config.go:123.13,127.2 3 1
github.com/KaramelBytes/smushmux/cmd/config.go:129.28,130.13 1 4
github.com/KaramelBytes/smushmux/cmd/config.go:130.13,132.3 1 1
github.com/KaramelBytes/smushmux/cmd/config.go:133.2,133.17 1 3
github.com/KaramelBytes/smushmux/cmd/config.go:133.17,135.3 1 1
github.com/KaramelBytes/smushmux/cmd/config.go:136.2,136.38 1 2
github.com/KaramelBytes/smushmux/cmd/explain.go:78.18,100.39 3 18
github.com/KaramelBytes/smushmux/cmd/explain.go:100.39,103.35 3 9
github.com/KaramelBytes/smushmux/cmd/explain.go:103.35,105.4 1 1
github.com/KaramelBytes/smushmux/cmd/explain.go:106.3,112.5 1 9
github.com/KaramelBytes/smushmux/cmd/explain.go:116.2,117.30 2 18
github.com/KaramelBytes/smushmux/cmd/explain.go:117.30,119.3 1 34
github.com/KaramelBytes/smushmux/cmd/explain.go:120.2,121.25 2 18
github.com/KaramelBytes/smushmux/cmd/explain.go:121.25,130.3 2 34
github.com/KaramelBytes/smushmux/cmd/explain.go:131.2,131.10 1 18
github.com/KaramelBytes/smushmux/cmd/explain.go:135.58,149.25 10 14
github.com/KaramelBytes/smushmux/cmd/explain.go:149.25,151.3 1 1
github.com/KaramelBytes/smushmux/cmd/explain.go:152.2,159.23 6 14
github.com/KaramelBytes/smushmux/cmd/explain.go:159.23,161.3 1 1
github.com/KaramelBytes/smushmux/cmd/explain.go:161.8,163.3 1 13
github.com/KaramelBytes/smushmux/cmd/explain.go:164.2,164.23 1 14
github.com/KaramelBytes/smushmux/cmd/explain.go:164.23,166.3 1 1
github.com/KaramelBytes/smushmux/cmd/explain.go:166.8,168.3 1 13
github.com/KaramelBytes/smushmux/cmd/explain.go:169.2,169.19 1 14
github.com/KaramelBytes/smushmux/cmd/explain.go:169.19,171.3 1 4
github.com/KaramelBytes/smushmux/cmd/explain.go:172.2,176.24 3 14
github.com/KaramelBytes/smushmux/cmd/explain.go:176.24,182.3 5 5
github.com/KaramelBytes/smushmux/cmd/explain.go:182.8,184.3 1 9
github.com/KaramelBytes/smushmux/cmd/explain.go:185.2,189.27 3 14
github.com/KaramelBytes/smushmux/cmd/explain.go:189.27,191.3 1 0
github.com/KaramelBytes/smushmux/cmd/explain.go:192.2,192.32 1 14
github.com/KaramelBytes/smushmux/cmd/explain.go:192.32,194.26 2 26
github.com/KaramelBytes/smushmux/cmd/explain.go:194.26,196.4 1 26
github.com/KaramelBytes/smushmux/cmd/explain.go:197.3,198.18 2 26
github.com/KaramelBytes/smushmux/cmd/explain.go:198.18,200.4 1 11
github.com/KaramelBytes/smushmux/cmd/explain.go:201.3,202.18 2 26
github.com/KaramelBytes/smushmux/cmd/explain.go:202.18,204.4 1 11
github.com/KaramelBytes/smushmux/cmd/explain.go:205.3,206.20 2 26
github.com/KaramelBytes/smushmux/cmd/explain.go:206.20,208.4 1 11
github.com/KaramelBytes/smushmux/cmd/explain.go:209.3,211.50 3 26
github.com/KaramelBytes/smushmux/cmd/explain.go:215.2,215.31 1 14
github.com/KaramelBytes/smushmux/cmd/explain.go:215.31,221.28 6 3
github.com/KaramelBytes/smushmux/cmd/explain.go:221.28,223.4 1 1
github.com/KaramelBytes/smushmux/cmd/explain.go:224.3,225.41 2 3
github.com/KaramelBytes/smushmux/cmd/explain.go:225.41,228.4 2 5
github.com/KaramelBytes/smushmux/cmd/explain.go:233.42,234.13 1 26
github.com/KaramelBytes/smushmux/cmd/explain.go:234.13,236.3 1 13
github.com/KaramelBytes/smushmux/cmd/explain.go:237.2,237.10 1 13
github.com/KaramelBytes/smushmux/cmd/generate.go:26.90,28.2 1 0
github.com/KaramelBytes/smushmux/cmd/generate.go:33.84,35.2 1 2
github.com/KaramelBytes/smushmux/cmd/generate.go:72.54,73.27 1 6
github.com/KaramelBytes/smushmux/cmd/generate.go:73.27,75.4 1 0
github.com/KaramelBytes/smushmux/cmd/generate.go:77.3,77.14 1 6
github.com/KaramelBytes/smushmux/cmd/generate.go:77.14,79.4 1 0
github.com/KaramelBytes/smushmux/cmd/generate.go:83.3,83.33 1 6
github.com/KaramelBytes/smushmux/cmd/generate.go:83.33,85.33 2 6
github.com/KaramelBytes/smushmux/cmd/generate.go:85.33,87.5 1 42
github.com/KaramelBytes/smushmux/cmd/generate.go:88.4,88.33 1 6
github.com/KaramelBytes/smushmux/cmd/generate.go:88.33,90.5 1 0
github.com/KaramelBytes/smushmux/cmd/generate.go:91.4,91.33 1 6
github.com/KaramelBytes/smushmux/cmd/generate.go:91.33,93.5 1 2
github.com/KaramelBytes/smushmux/cmd/generate.go:94.4,94.33 1 6
github.com/KaramelBytes/smushmux/cmd/generate.go:94.33,96.5 1 6
github.com/KaramelBytes/smushmux/cmd/generate.go:97.4,97.29 1 6
github.com/KaramelBytes/smushmux/cmd/generate.go:97.29,99.5 1 1
github.com/KaramelBytes/smushmux/cmd/generate.go:100.4,100.26 1 6
github.com/KaramelBytes/smushmux/cmd/generate.go:100.26,102.5 1 1
github.com/KaramelBytes/smushmux/cmd/generate.go:103.4,103.31 1 6
github.com/KaramelBytes/smushmux/cmd/generate.go:103.31,105.5 1 1
github.com/KaramelBytes/smushmux/cmd/generate.go:106.4,106.32 1 6
github.com/KaramelBytes/smushmux/cmd/generate.go:106.32,108.5 1 6
github.com/KaramelBytes/smushmux/cmd/generate.go:109.4,109.28 1 6
github.com/KaramelBytes/smushmux/cmd/generate.go:109.28,111.5 1 0
github.com/KaramelBytes/smushmux/cmd/generate.go:112.4,112.28 1 6
github.com/KaramelBytes/smushmux/cmd/generate.go:112.28,114.5 1 3
github.com/KaramelBytes/smushmux/cmd/generate.go:117.3,118.17 2 6
github.com/KaramelBytes/smushmux/cmd/generate.go:118.17,120.4 1 0
github.com/KaramelBytes/smushmux/cmd/generate.go:121.3,122.17 2 6
github.com/KaramelBytes/smushmux/cmd/generate.go:122.17,124.4 1 0
github.com/KaramelBytes/smushmux/cmd/generate.go:126.3,127.24 2 6
github.com/KaramelBytes/smushmux/cmd/generate.go:127.24,128.55 1 1
github.com/KaramelBytes/smushmux/cmd/generate.go:128.55,132.5 3 1
github.com/KaramelBytes/smushmux/cmd/generate.go:132.10,134.5 1 0
github.com/KaramelBytes/smushmux/cmd/generate.go:138.3,138.27 1 6
github.com/KaramelBytes/smushmux/cmd/generate.go:138.27,141.45 3 0
github.com/KaramelBytes/smushmux/cmd/generate.go:141.45,144.5 2 0
github.com/KaramelBytes/smushmux/cmd/generate.go:144.10,146.27 1 0
github.com/KaramelBytes/smushmux/cmd/generate.go:147.46,149.27 2 0
github.com/KaramelBytes/smushmux/cmd/generate.go:152.4,152.22 1 0
github.com/KaramelBytes/smushmux/cmd/generate.go:152.22,153.53 1 0
github.com/KaramelBytes/smushmux/cmd/generate.go:153.53,157.6 3 0
github.com/KaramelBytes/smushmux/cmd/generate.go:157.11,157.26 1 0
github.com/KaramelBytes/smushmux/cmd/generate.go:157.26,159.6 1 0
github.com/KaramelBytes/smushmux/cmd/generate.go:161.4,161.36 1 0
github.com/KaramelBytes/smushmux/cmd/generate.go:161.36,164.40 2 0
github.com/KaramelBytes/smushmux/cmd/generate.go:164.40,166.6 1 0
github.com/KaramelBytes/smushmux/cmd/generate.go:167.5,167.54 1 0
github.com/KaramelBytes/smushmux/cmd/generate.go:167.54,169.20 2 0
github.com/KaramelBytes/smushmux/cmd/generate.go:169.20,171.7 1 0
github.com/KaramelBytes/smushmux/cmd/generate.go:172.6,172.81 1 0
github.com/KaramelBytes/smushmux/cmd/generate.go:173.11,175.6 1 0
github.com/KaramelBytes/smushmux/cmd/generate.go:178.3,179.17 2 6
github.com/KaramelBytes/smushmux/cmd/generate.go:179.17,181.4 1 0
github.com/KaramelBytes/smushmux/cmd/generate.go:183.3,201.17 3 6
github.com/KaramelBytes/smushmux/cmd/generate.go:201.17,203.4 1 0
github.com/KaramelBytes/smushmux/cmd/generate.go:206.3,206.52 1 6
github.com/KaramelBytes/smushmux/cmd/generate.go:206.52,207.17 1 0
github.com/KaramelBytes/smushmux/cmd/generate.go:207.17,209.5 1 0
github.com/KaramelBytes/smushmux/cmd/generate.go:210.4,211.38 2 0
github.com/KaramelBytes/smushmux/cmd/generate.go:214.3,217.66 3 6
github.com/KaramelBytes/smushmux/cmd/generate.go:217.66,219.4 1 0
github.com/KaramelBytes/smushmux/cmd/generate.go:220.3,220.21 1 6
github.com/KaramelBytes/smushmux/cmd/generate.go:220.21,222.4 1 5
github.com/KaramelBytes/smushmux/cmd/generate.go:224.3,225.63 2 6
github.com/KaramelBytes/smushmux/cmd/generate.go:225.63,227.4 1 0
github.com/KaramelBytes/smushmux/cmd/generate.go:228.3,228.16 1 6
github.com/KaramelBytes/smushmux/cmd/generate.go:228.16,230.4 1 6
github.com/KaramelBytes/smushmux/cmd/generate.go:233.3,234.33 2 6
github.com/KaramelBytes/smushmux/cmd/generate.go:234.33,236.4 1 7
github.com/KaramelBytes/smushmux/cmd/generate.go:237.3,239.19 3 6
github.com/KaramelBytes/smushmux/cmd/generate.go:239.19,241.4 1 0
github.com/KaramelBytes/smushmux/cmd/generate.go:243.3,243.16 1 6
github.com/KaramelBytes/smushmux/cmd/generate.go:243.16,245.4 1 6
github.com/KaramelBytes/smushmux/cmd/generate.go:248.3,249.42 2 6
github.com/KaramelBytes/smushmux/cmd/generate.go:249.42,253.69 2 6
github.com/KaramelBytes/smushmux/cmd/generate.go:253.69,255.5 1 0
github.com/KaramelBytes/smushmux/cmd/generate.go:257.4,257.17 1 6
github.com/KaramelBytes/smushmux/cmd/generate.go:257.17,259.5 1 6
github.com/KaramelBytes/smushmux/cmd/generate.go:260.4,260.55 1 6
github.com/KaramelBytes/smushmux/cmd/generate.go:260.55,264.18 2 1
github.com/KaramelBytes/smushmux/cmd/generate.go:264.18,266.6 1 1
github.com/KaramelBytes/smushmux/cmd/generate.go:268.5,273.20 2 1
github.com/KaramelBytes/smushmux/cmd/generate.go:273.20,275.7 1 0
github.com/KaramelBytes/smushmux/cmd/generate.go:276.6,276.70 1 1
github.com/KaramelBytes/smushmux/cmd/generate.go:276.70,278.33 2 1
github.com/KaramelBytes/smushmux/cmd/generate.go:278.33,280.8 1 0
github.com/KaramelBytes/smushmux/cmd/generate.go:282.7,291.22 1 1
github.com/KaramelBytes/smushmux/cmd/generate.go:291.22,291.49 1 1
github.com/KaramelBytes/smushmux/cmd/generate.go:291.49,291.91 1 0
github.com/KaramelBytes/smushmux/cmd/generate.go:291.96,291.110 1 1
github.com/KaramelBytes/smushmux/cmd/generate.go:296.4,296.68 1 5
github.com/KaramelBytes/smushmux/cmd/generate.go:296.68,298.18 2 5
github.com/KaramelBytes/smushmux/cmd/generate.go:298.18,300.6 1 5
github.com/KaramelBytes/smushmux/cmd/generate.go:304.3,304.64 1 5
github.com/KaramelBytes/smushmux/cmd/generate.go:304.64,306.4 1 1
github.com/KaramelBytes/smushmux/cmd/generate.go:308.3,308.17 1 4
github.com/KaramelBytes/smushmux/cmd/generate.go:308.17,310.15 2 3
github.com/KaramelBytes/smushmux/cmd/generate.go:310.15,312.5 1 0
github.com/KaramelBytes/smushmux/cmd/generate.go:314.4,315.72 2 3
github.com/KaramelBytes/smushmux/cmd/generate.go:315.72,317.5 1 3
github.com/KaramelBytes/smushmux/cmd/generate.go:318.4,319.74 2 3
github.com/KaramelBytes/smushmux/cmd/generate.go:319.74,321.5 1 3
github.com/KaramelBytes/smushmux/cmd/generate.go:322.4,323.80 2 3
github.com/KaramelBytes/smushmux/cmd/generate.go:323.80,325.5 1 3
github.com/KaramelBytes/smushmux/cmd/generate.go:326.4,327.54 2 3
github.com/KaramelBytes/smushmux/cmd/generate.go:327.54,329.5 1 0
github.com/KaramelBytes/smushmux/cmd/generate.go:330.4,351.47 2 3
github.com/KaramelBytes/smushmux/cmd/generate.go:354.3,354.16 1 4
github.com/KaramelBytes/smushmux/cmd/generate.go:354.16,355.17 1 4
github.com/KaramelBytes/smushmux/cmd/generate.go:355.17,361.5 4 4
github.com/KaramelBytes/smushmux/cmd/generate.go:362.4,363.14 2 4
github.com/KaramelBytes/smushmux/cmd/generate.go:366.3,366.34 1 0
github.com/KaramelBytes/smushmux/cmd/generate.go:366.34,369.4 2 0
github.com/KaramelBytes/smushmux/cmd/generate.go:371.3,375.17 2 0
github.com/KaramelBytes/smushmux/cmd/generate.go:375.17,377.4 1 0
github.com/KaramelBytes/smushmux/cmd/generate.go:380.3,381.22 2 0
github.com/KaramelBytes/smushmux/cmd/generate.go:381.22,383.4 1 0
github.com/KaramelBytes/smushmux/cmd/generate.go:384.3,397.22 4 0
github.com/KaramelBytes/smushmux/cmd/generate.go:397.22,398.17 1 0
github.com/KaramelBytes/smushmux/cmd/generate.go:398.17,400.5 1 0
github.com/KaramelBytes/smushmux/cmd/generate.go:402.3,402.57 1 0
github.com/KaramelBytes/smushmux/cmd/generate.go:402.57,403.17 1 0
github.com/KaramelBytes/smushmux/cmd/generate.go:403.17,405.5 1 0
github.com/KaramelBytes/smushmux/cmd/generate.go:408.3,408.16 1 0
github.com/KaramelBytes/smushmux/cmd/generate.go:408.16,410.4 1 0
github.com/KaramelBytes/smushmux/cmd/generate.go:411.3,419.17 2 0
github.com/KaramelBytes/smushmux/cmd/generate.go:419.17,421.4 1 0
github.com/KaramelBytes/smushmux/cmd/generate.go:422.3,422.14 1 0
github.com/KaramelBytes/smushmux/cmd/generate.go:422.14,424.4 1 0
github.com/KaramelBytes/smushmux/cmd/generate.go:425.3,426.17 2 0
github.com/KaramelBytes/smushmux/cmd/generate.go:426.17,437.11 2 0
github.com/KaramelBytes/smushmux/cmd/generate.go:438.34,439.42 1 0
github.com/KaramelBytes/smushmux/cmd/generate.go:439.42,441.6 1 0
github.com/KaramelBytes/smushmux/cmd/generate.go:442.5,442.97 1 0
github.com/KaramelBytes/smushmux/cmd/generate.go:443.34,444.131 1 0
github.com/KaramelBytes/smushmux/cmd/generate.go:445.32,446.29 1 0
github.com/KaramelBytes/smushmux/cmd/generate.go:446.29,448.6 1 0
github.com/KaramelBytes/smushmux/cmd/generate.go:449.5,449.73 1 0
github.com/KaramelBytes/smushmux/cmd/generate.go:450.32,451.42 1 0
github.com/KaramelBytes/smushmux/cmd/generate.go:451.42,453.6 1 0
github.com/KaramelBytes/smushmux/cmd/generate.go:454.5,454.155 1 0
github.com/KaramelBytes/smushmux/cmd/generate.go:455.32,457.23 1 0
github.com/KaramelBytes/smushmux/cmd/generate.go:457.23,462.6 1 0
github.com/KaramelBytes/smushmux/cmd/generate.go:463.5,463.90 1 0
github.com/KaramelBytes/smushmux/cmd/generate.go:464.31,465.83 1 0
github.com/KaramelBytes/smushmux/cmd/generate.go:466.31,467.98 1 0
github.com/KaramelBytes/smushmux/cmd/generate.go:468.12,469.52 1 0
github.com/KaramelBytes/smushmux/cmd/generate.go:472.3,472.29 1 0
github.com/KaramelBytes/smushmux/cmd/generate.go:472.29,474.4 1 0
github.com/KaramelBytes/smushmux/cmd/generate.go:475.3,475.27 1 0
github.com/KaramelBytes/smushmux/cmd/generate.go:475.27,477.4 1 0
github.com/KaramelBytes/smushmux/cmd/generate.go:478.3,490.18 2 0
github.com/KaramelBytes/smushmux/cmd/generate.go:490.18,492.4 1 0
github.com/KaramelBytes/smushmux/cmd/generate.go:493.3,493.13 1 0
github.com/KaramelBytes/smushmux/cmd/generate.go:497.13,524.2 25 1
github.com/KaramelBytes/smushmux/cmd/generate_helpers.go:41.212,42.19 1 8
github.com/KaramelBytes/smushmux/cmd/generate_helpers.go:42.19,44.3 1 6
github.com/KaramelBytes/smushmux/cmd/generate_helpers.go:46.2,47.65 2 2
github.com/KaramelBytes/smushmux/cmd/generate_helpers.go:47.65,49.3 1 2
github.com/KaramelBytes/smushmux/cmd/generate_helpers.go:50.2,50.20 1 2
github.com/KaramelBytes/smushmux/cmd/generate_helpers.go:50.20,52.3 1 0
github.com/KaramelBytes/smushmux/cmd/generate_helpers.go:54.2,55.64 2 2
github.com/KaramelBytes/smushmux/cmd/generate_helpers.go:55.64,57.3 1 2
github.com/KaramelBytes/smushmux/cmd/generate_helpers.go:58.2,58.22 1 2
github.com/KaramelBytes/smushmux/cmd/generate_helpers.go:58.22,59.36 1 0
github.com/KaramelBytes/smushmux/cmd/generate_helpers.go:59.36,61.4 1 0
github.com/KaramelBytes/smushmux/cmd/generate_helpers.go:61.9,63.4 1 0
github.com/KaramelBytes/smushmux/cmd/generate_helpers.go:66.2,66.29 1 2
github.com/KaramelBytes/smushmux/cmd/generate_helpers.go:66.29,68.3 1 0
github.com/KaramelBytes/smushmux/cmd/generate_helpers.go:69.2,69.28 1 2
github.com/KaramelBytes/smushmux/cmd/generate_helpers.go:69.28,71.3 1 0
github.com/KaramelBytes/smushmux/cmd/generate_helpers.go:73.2,74.16 2 2
[...]
github.com/KaramelBytes/smushmux/internal/analysis/xlsx.go:241.19,244.7 2 4
github.com/KaramelBytes/smushmux/internal/analysis/xlsx.go:245.6,247.50 3 72
github.com/KaramelBytes/smushmux/internal/analysis/xlsx.go:247.50,249.7 1 42
github.com/KaramelBytes/smushmux/internal/analysis/xlsx.go:250.6,250.50 1 72
github.com/KaramelBytes/smushmux/internal/analysis/xlsx.go:250.50,252.7 1 36
github.com/KaramelBytes/smushmux/internal/analysis/xlsx.go:254.5,254.13 1 92
github.com/KaramelBytes/smushmux/internal/analysis/xlsx.go:256.4,256.38 1 64
github.com/KaramelBytes/smushmux/internal/analysis/xlsx.go:256.38,258.13 2 0
github.com/KaramelBytes/smushmux/internal/analysis/xlsx.go:260.4,261.28 2 64
github.com/KaramelBytes/smushmux/internal/analysis/xlsx.go:261.28,262.21 1 64
github.com/KaramelBytes/smushmux/internal/analysis/xlsx.go:262.21,264.6 1 64
github.com/KaramelBytes/smushmux/internal/analysis/xlsx.go:266.4,266.25 1 64
github.com/KaramelBytes/smushmux/internal/analysis/xlsx.go:266.25,268.5 1 21
github.com/KaramelBytes/smushmux/internal/analysis/xlsx.go:270.3,270.17 1 28
github.com/KaramelBytes/smushmux/internal/analysis/xlsx.go:270.17,272.17 2 18
github.com/KaramelBytes/smushmux/internal/analysis/xlsx.go:272.17,275.5 2 0
github.com/KaramelBytes/smushmux/internal/analysis/xlsx.go:276.4,276.13 1 18
github.com/KaramelBytes/smushmux/internal/analysis/xlsx.go:278.3,278.44 1 28
github.com/KaramelBytes/smushmux/internal/analysis/xlsx.go:278.44,280.27 2 18
github.com/KaramelBytes/smushmux/internal/analysis/xlsx.go:280.27,282.5 1 72
github.com/KaramelBytes/smushmux/internal/analysis/xlsx.go:283.4,284.35 2 18
github.com/KaramelBytes/smushmux/internal/analysis/xlsx.go:284.35,287.28 3 54
github.com/KaramelBytes/smushmux/internal/analysis/xlsx.go:287.28,292.19 5 108
github.com/KaramelBytes/smushmux/internal/analysis/xlsx.go:292.19,295.7 2 12
github.com/KaramelBytes/smushmux/internal/analysis/xlsx.go:296.6,301.23 6 108
github.com/KaramelBytes/smushmux/internal/analysis/xlsx.go:305.3,305.58 1 28
github.com/KaramelBytes/smushmux/internal/analysis/xlsx.go:305.58,307.27 2 18
github.com/KaramelBytes/smushmux/internal/analysis/xlsx.go:307.27,309.5 1 72
github.com/KaramelBytes/smushmux/internal/analysis/xlsx.go:310.4,312.17 3 18
github.com/KaramelBytes/smushmux/internal/analysis/xlsx.go:312.17,315.5 2 4
github.com/KaramelBytes/smushmux/internal/analysis/xlsx.go:316.4,316.35 1 18
github.com/KaramelBytes/smushmux/internal/analysis/xlsx.go:316.35,319.28 3 54
github.com/KaramelBytes/smushmux/internal/analysis/xlsx.go:319.28,324.19 5 108
github.com/KaramelBytes/smushmux/internal/analysis/xlsx.go:324.19,327.7 2 24
github.com/KaramelBytes/smushmux/internal/analysis/xlsx.go:328.6,333.23 6 108
github.com/KaramelBytes/smushmux/internal/analysis/xlsx.go:340.2,341.25 2 3
github.com/KaramelBytes/smushmux/internal/analysis/xlsx.go:341.25,344.66 3 17
github.com/KaramelBytes/smushmux/internal/analysis/xlsx.go:344.66,349.15 5 10
github.com/KaramelBytes/smushmux/internal/analysis/xlsx.go:349.15,351.5 1 10
github.com/KaramelBytes/smushmux/internal/analysis/xlsx.go:352.4,353.48 2 10
github.com/KaramelBytes/smushmux/internal/analysis/xlsx.go:353.48,356.17 3 8
github.com/KaramelBytes/smushmux/internal/analysis/xlsx.go:356.17,358.6 1 8
github.com/KaramelBytes/smushmux/internal/analysis/xlsx.go:359.5,361.16 3 8
github.com/KaramelBytes/smushmux/internal/analysis/xlsx.go:361.16,362.39 1 8
github.com/KaramelBytes/smushmux/internal/analysis/xlsx.go:362.39,365.19 3 72
github.com/KaramelBytes/smushmux/internal/analysis/xlsx.go:365.19,367.8 1 8
github.com/KaramelBytes/smushmux/internal/analysis/xlsx.go:368.7,368.23 1 72
github.com/KaramelBytes/smushmux/internal/analysis/xlsx.go:368.23,370.8 1 24
github.com/KaramelBytes/smushmux/internal/analysis/xlsx.go:373.5,377.25 4 8
github.com/KaramelBytes/smushmux/internal/analysis/xlsx.go:379.9,379.48 1 7
github.com/KaramelBytes/smushmux/internal/analysis/xlsx.go:379.48,381.4 1 0
github.com/KaramelBytes/smushmux/internal/analysis/xlsx.go:381.9,381.29 1 7
github.com/KaramelBytes/smushmux/internal/analysis/xlsx.go:381.29,384.29 3 7
github.com/KaramelBytes/smushmux/internal/analysis/xlsx.go:384.29,386.5 1 30
github.com/KaramelBytes/smushmux/internal/analysis/xlsx.go:387.4,387.41 1 7
github.com/KaramelBytes/smushmux/internal/analysis/xlsx.go:387.41,388.39 1 60
github.com/KaramelBytes/smushmux/internal/analysis/xlsx.go:388.39,390.6 1 53
github.com/KaramelBytes/smushmux/internal/analysis/xlsx.go:391.5,391.41 1 7
github.com/KaramelBytes/smushmux/internal/analysis/xlsx.go:393.4,393.21 1 7
github.com/KaramelBytes/smushmux/internal/analysis/xlsx.go:393.21,395.5 1 2
github.com/KaramelBytes/smushmux/internal/analysis/xlsx.go:396.4,397.26 2 7
github.com/KaramelBytes/smushmux/internal/analysis/xlsx.go:398.9,398.26 1 0
github.com/KaramelBytes/smushmux/internal/analysis/xlsx.go:398.26,401.4 2 0
github.com/KaramelBytes/smushmux/internal/analysis/xlsx.go:402.3,403.33 2 17
github.com/KaramelBytes/smushmux/internal/analysis/xlsx.go:407.2,407.21 1 3
github.com/KaramelBytes/smushmux/internal/analysis/xlsx.go:407.21,409.29 2 2
github.com/KaramelBytes/smushmux/internal/analysis/xlsx.go:409.29,411.32 2 4
github.com/KaramelBytes/smushmux/internal/analysis/xlsx.go:411.32,412.25 1 16
github.com/KaramelBytes/smushmux/internal/analysis/xlsx.go:412.25,413.14 1 0
github.com/KaramelBytes/smushmux/internal/analysis/xlsx.go:415.5,415.142 1 16
github.com/KaramelBytes/smushmux/internal/analysis/xlsx.go:417.4,417.24 1 4
github.com/KaramelBytes/smushmux/internal/analysis/xlsx.go:417.24,418.35 1 4
github.com/KaramelBytes/smushmux/internal/analysis/xlsx.go:418.35,420.30 2 4
github.com/KaramelBytes/smushmux/internal/analysis/xlsx.go:420.30,421.32 1 24
github.com/KaramelBytes/smushmux/internal/analysis/xlsx.go:421.32,422.16 1 0
github.com/KaramelBytes/smushmux/internal/analysis/xlsx.go:424.7,427.21 4 24
github.com/KaramelBytes/smushmux/internal/analysis/xlsx.go:427.21,428.16 1 0
github.com/KaramelBytes/smushmux/internal/analysis/xlsx.go:430.7,431.16 2 24
github.com/KaramelBytes/smushmux/internal/analysis/xlsx.go:431.16,433.8 1 2
github.com/KaramelBytes/smushmux/internal/analysis/xlsx.go:433.13,433.24 1 22
github.com/KaramelBytes/smushmux/internal/analysis/xlsx.go:433.24,435.8 1 0
github.com/KaramelBytes/smushmux/internal/analysis/xlsx.go:436.7,436.44 1 24
github.com/KaramelBytes/smushmux/internal/analysis/xlsx.go:436.44,437.16 1 0
github.com/KaramelBytes/smushmux/internal/analysis/xlsx.go:439.7,439.79 1 24
github.com/KaramelBytes/smushmux/internal/analysis/xlsx.go:441.6,441.44 1 4
github.com/KaramelBytes/smushmux/internal/analysis/xlsx.go:441.44,443.19 2 48
github.com/KaramelBytes/smushmux/internal/analysis/xlsx.go:443.19,445.8 1 0
github.com/KaramelBytes/smushmux/internal/analysis/xlsx.go:446.7,446.21 1 48
github.com/KaramelBytes/smushmux/internal/analysis/xlsx.go:448.6,448.25 1 4
github.com/KaramelBytes/smushmux/internal/analysis/xlsx.go:448.25,450.7 1 0
github.com/KaramelBytes/smushmux/internal/analysis/xlsx.go:451.6,451.26 1 4
github.com/KaramelBytes/smushmux/internal/analysis/xlsx.go:454.4,454.27 1 4
github.com/KaramelBytes/smushmux/internal/analysis/xlsx.go:456.3,456.40 1 2
github.com/KaramelBytes/smushmux/internal/analysis/xlsx.go:456.40,457.36 1 2
github.com/KaramelBytes/smushmux/internal/analysis/xlsx.go:457.36,459.5 1 0
github.com/KaramelBytes/smushmux/internal/analysis/xlsx.go:460.4,460.38 1 2
github.com/KaramelBytes/smushmux/internal/analysis/xlsx.go:462.3,462.21 1 2
github.com/KaramelBytes/smushmux/internal/analysis/xlsx.go:462.21,464.4 1 0
github.com/KaramelBytes/smushmux/internal/analysis/xlsx.go:465.3,465.20 1 2
github.com/KaramelBytes/smushmux/internal/analysis/xlsx.go:467.2,467.30 1 3
github.com/KaramelBytes/smushmux/internal/analysis/xlsx.go:467.30,469.3 1 2
github.com/KaramelBytes/smushmux/internal/analysis/xlsx.go:471.2,471.43 1 3
github.com/KaramelBytes/smushmux/internal/analysis/xlsx.go:471.43,473.31 2 2
github.com/KaramelBytes/smushmux/internal/analysis/xlsx.go:473.31,475.4 1 8
github.com/KaramelBytes/smushmux/internal/analysis/xlsx.go:476.3,478.22 3 2
github.com/KaramelBytes/smushmux/internal/analysis/xlsx.go:478.22,480.4 1 8
github.com/KaramelBytes/smushmux/internal/analysis/xlsx.go:481.3,481.26 1 2
github.com/KaramelBytes/smushmux/internal/analysis/xlsx.go:481.26,483.27 2 8
github.com/KaramelBytes/smushmux/internal/analysis/xlsx.go:483.27,484.15 1 32
github.com/KaramelBytes/smushmux/internal/analysis/xlsx.go:484.15,486.14 2 8
github.com/KaramelBytes/smushmux/internal/analysis/xlsx.go:488.5,491.30 4 24
github.com/KaramelBytes/smushmux/internal/analysis/xlsx.go:491.30,493.14 2 0
github.com/KaramelBytes/smushmux/internal/analysis/xlsx.go:495.5,497.19 3 24
github.com/KaramelBytes/smushmux/internal/analysis/xlsx.go:497.19,499.6 1 24
github.com/KaramelBytes/smushmux/internal/analysis/xlsx.go:500.5,500.14 1 24
github.com/KaramelBytes/smushmux/internal/analysis/xlsx.go:500.14,502.6 1 0
github.com/KaramelBytes/smushmux/internal/analysis/xlsx.go:502.11,502.22 1 24
github.com/KaramelBytes/smushmux/internal/analysis/xlsx.go:502.22,504.6 1 0
github.com/KaramelBytes/smushmux/internal/analysis/xlsx.go:505.5,505.42 1 24
github.com/KaramelBytes/smushmux/internal/analysis/xlsx.go:505.42,507.6 1 0
github.com/KaramelBytes/smushmux/internal/analysis/xlsx.go:508.5,508.18 1 24
github.com/KaramelBytes/smushmux/internal/analysis/xlsx.go:511.3,511.54 1 2
github.com/KaramelBytes/smushmux/internal/analysis/xlsx.go:513.2,513.17 1 3
github.com/KaramelBytes/smushmux/internal/analysis/xlsx.go:517.43,517.68 1 3
github.com/KaramelBytes/smushmux/internal/analysis/xlsx.go:520.43,521.20 1 3
github.com/KaramelBytes/smushmux/internal/analysis/xlsx.go:521.20,523.3 1 0
github.com/KaramelBytes/smushmux/internal/analysis/xlsx.go:524.2,526.6 3 3
github.com/KaramelBytes/smushmux/internal/analysis/xlsx.go:526.6,528.17 2 51
github.com/KaramelBytes/smushmux/internal/analysis/xlsx.go:528.17,529.21 1 3
github.com/KaramelBytes/smushmux/internal/analysis/xlsx.go:529.21,530.10 1 3
github.com/KaramelBytes/smushmux/internal/analysis/xlsx.go:532.4,532.17 1 0
github.com/KaramelBytes/smushmux/internal/analysis/xlsx.go:534.3,534.27 1 48
github.com/KaramelBytes/smushmux/internal/analysis/xlsx.go:535.25,536.32 1 12
github.com/KaramelBytes/smushmux/internal/analysis/xlsx.go:536.32,538.31 2 6
github.com/KaramelBytes/smushmux/internal/analysis/xlsx.go:538.31,539.26 1 18
github.com/KaramelBytes/smushmux/internal/analysis/xlsx.go:540.18,541.23 1 6
github.com/KaramelBytes/smushmux/internal/analysis/xlsx.go:542.21,543.36 1 6
github.com/KaramelBytes/smushmux/internal/analysis/xlsx.go:544.16,545.22 1 6
github.com/KaramelBytes/smushmux/internal/analysis/xlsx.go:548.5,548.31 1 6
github.com/KaramelBytes/smushmux/internal/analysis/xlsx.go:552.2,552.15 1 3
github.com/KaramelBytes/smushmux/internal/analysis/xlsx.go:561.56,564.20 2 3
github.com/KaramelBytes/smushmux/internal/analysis/xlsx.go:564.20,566.3 1 0
github.com/KaramelBytes/smushmux/internal/analysis/xlsx.go:567.2,568.6 2 3
github.com/KaramelBytes/smushmux/internal/analysis/xlsx.go:568.6,570.17 2 39
github.com/KaramelBytes/smushmux/internal/analysis/xlsx.go:570.17,571.21 1 3
github.com/KaramelBytes/smushmux/internal/analysis/xlsx.go:571.21,572.10 1 3
github.com/KaramelBytes/smushmux/internal/analysis/xlsx.go:574.4,574.14 1 0
github.com/KaramelBytes/smushmux/internal/analysis/xlsx.go:576.3,576.27 1 36
github.com/KaramelBytes/smushmux/internal/analysis/xlsx.go:577.25,578.39 1 9
github.com/KaramelBytes/smushmux/internal/analysis/xlsx.go:578.39,580.31 2 6
github.com/KaramelBytes/smushmux/internal/analysis/xlsx.go:580.31,581.26 1 18
github.com/KaramelBytes/smushmux/internal/analysis/xlsx.go:582.16,583.19 1 6
github.com/KaramelBytes/smushmux/internal/analysis/xlsx.go:584.20,585.23 1 6
github.com/KaramelBytes/smushmux/internal/analysis/xlsx.go:588.5,588.33 1 6
github.com/KaramelBytes/smushmux/internal/analysis/xlsx.go:588.33,590.6 1 6
github.com/KaramelBytes/smushmux/internal/analysis/xlsx.go:594.2,594.12 1 3
github.com/KaramelBytes/smushmux/internal/analysis/xlsx.go:597.54,598.28 1 12
github.com/KaramelBytes/smushmux/internal/analysis/xlsx.go:598.28,599.21 1 78
github.com/KaramelBytes/smushmux/internal/analysis/xlsx.go:599.21,601.18 2 9
github.com/KaramelBytes/smushmux/internal/analysis/xlsx.go:601.18,603.5 1 0
github.com/KaramelBytes/smushmux/internal/analysis/xlsx.go:604.4,606.12 3 9
github.com/KaramelBytes/smushmux/internal/analysis/xlsx.go:609.2,609.12 1 3
github.com/KaramelBytes/smushmux/internal/analysis/xlsx.go:613.47,614.20 1 3
github.com/KaramelBytes/smushmux/internal/analysis/xlsx.go:614.20,616.3 1 3
github.com/KaramelBytes/smushmux/internal/analysis/xlsx.go:617.2,621.6 5 0
github.com/KaramelBytes/smushmux/internal/analysis/xlsx.go:621.6,623.17 2 0
github.com/KaramelBytes/smushmux/internal/analysis/xlsx.go:623.17,624.21 1 0
github.com/KaramelBytes/smushmux/internal/analysis/xlsx.go:624.21,625.10 1 0
github.com/KaramelBytes/smushmux/internal/analysis/xlsx.go:627.4,627.14 1 0
github.com/KaramelBytes/smushmux/internal/analysis/xlsx.go:629.3,629.27 1 0
github.com/KaramelBytes/smushmux/internal/analysis/xlsx.go:630.25,631.29 1 0
github.com/KaramelBytes/smushmux/internal/analysis/xlsx.go:631.29,633.5 1 0
github.com/KaramelBytes/smushmux/internal/analysis/xlsx.go:634.4,634.28 1 0
github.com/KaramelBytes/smushmux/internal/analysis/xlsx.go:634.28,636.5 1 0
github.com/KaramelBytes/smushmux/internal/analysis/xlsx.go:637.23,638.28 1 0
github.com/KaramelBytes/smushmux/internal/analysis/xlsx.go:638.28,640.5 1 0
github.com/KaramelBytes/smushmux/internal/analysis/xlsx.go:641.4,641.29 1 0
github.com/KaramelBytes/smushmux/internal/analysis/xlsx.go:641.29,644.5 2 0
github.com/KaramelBytes/smushmux/internal/analysis/xlsx.go:645.21,646.11 1 0
github.com/KaramelBytes/smushmux/internal/analysis/xlsx.go:646.11,648.5 1 0
github.com/KaramelBytes/smushmux/internal/analysis/xlsx.go:651.2,651.12 1 0
github.com/KaramelBytes/smushmux/internal/analysis/xlsx.go:663.70,665.2 1 3
github.com/KaramelBytes/smushmux/internal/analysis/xlsx.go:667.50,668.6 1 36
github.com/KaramelBytes/smushmux/internal/analysis/xlsx.go:668.6,670.17 2 627
github.com/KaramelBytes/smushmux/internal/analysis/xlsx.go:670.17,672.4 1 3
github.com/KaramelBytes/smushmux/internal/analysis/xlsx.go:673.3,673.27 1 624
github.com/KaramelBytes/smushmux/internal/analysis/xlsx.go:674.25,675.30 1 270
github.com/KaramelBytes/smushmux/internal/analysis/xlsx.go:675.30,679.5 3 33
github.com/KaramelBytes/smushmux/internal/analysis/xlsx.go:680.4,680.39 1 270
github.com/KaramelBytes/smushmux/internal/analysis/xlsx.go:680.39,683.31 2 231
github.com/KaramelBytes/smushmux/internal/analysis/xlsx.go:683.31,684.26 1 462
github.com/KaramelBytes/smushmux/internal/analysis/xlsx.go:685.15,686.22 1 231
github.com/KaramelBytes/smushmux/internal/analysis/xlsx.go:687.15,688.22 1 231
github.com/KaramelBytes/smushmux/internal/analysis/xlsx.go:691.5,692.28 2 231
github.com/KaramelBytes/smushmux/internal/analysis/xlsx.go:692.28,694.6 1 231
github.com/KaramelBytes/smushmux/internal/analysis/xlsx.go:695.5,697.32 2 231
github.com/KaramelBytes/smushmux/internal/analysis/xlsx.go:697.32,701.6 3 231
github.com/KaramelBytes/smushmux/internal/analysis/xlsx.go:702.5,702.27 1 231
github.com/KaramelBytes/smushmux/internal/analysis/xlsx.go:704.23,705.30 1 39
github.com/KaramelBytes/smushmux/internal/analysis/xlsx.go:705.30,707.33 1 33
github.com/KaramelBytes/smushmux/internal/analysis/xlsx.go:707.33,711.6 3 0
github.com/KaramelBytes/smushmux/internal/analysis/xlsx.go:712.5,713.26 2 33
github.com/KaramelBytes/smushmux/internal/analysis/xlsx.go:719.61,722.6 2 231
github.com/KaramelBytes/smushmux/internal/analysis/xlsx.go:722.6,724.17 2 924
github.com/KaramelBytes/smushmux/internal/analysis/xlsx.go:724.17,726.4 1 0
github.com/KaramelBytes/smushmux/internal/analysis/xlsx.go:727.3,727.27 1 924
github.com/KaramelBytes/smushmux/internal/analysis/xlsx.go:728.25,729.52 1 462
github.com/KaramelBytes/smushmux/internal/analysis/xlsx.go:729.52,731.9 2 231
github.com/KaramelBytes/smushmux/internal/analysis/xlsx.go:731.9,733.19 2 462
github.com/KaramelBytes/smushmux/internal/analysis/xlsx.go:733.19,734.12 1 0
github.com/KaramelBytes/smushmux/internal/analysis/xlsx.go:736.6,736.93 1 462
github.com/KaramelBytes/smushmux/internal/analysis/xlsx.go:736.93,737.12 1 231
github.com/KaramelBytes/smushmux/internal/analysis/xlsx.go:739.6,739.41 1 231
github.com/KaramelBytes/smushmux/internal/analysis/xlsx.go:739.41,741.7 1 231
github.com/KaramelBytes/smushmux/internal/analysis/xlsx.go:743.5,743.22 1 231
github.com/KaramelBytes/smushmux/internal/analysis/xlsx.go:745.23,746.28 1 462
github.com/KaramelBytes/smushmux/internal/analysis/xlsx.go:746.28,747.21 1 231
github.com/KaramelBytes/smushmux/internal/analysis/xlsx.go:747.21,749.41 2 0
github.com/KaramelBytes/smushmux/internal/analysis/xlsx.go:749.41,751.7 1 0
github.com/KaramelBytes/smushmux/internal/analysis/xlsx.go:752.6,752.15 1 0
github.com/KaramelBytes/smushmux/internal/analysis/xlsx.go:754.5,754.15 1 231
github.com/KaramelBytes/smushmux/internal/analysis/xlsx.go:761.38,763.19 2 231
github.com/KaramelBytes/smushmux/internal/analysis/xlsx.go:763.19,765.51 2 462
github.com/KaramelBytes/smushmux/internal/analysis/xlsx.go:765.51,767.12 2 231
github.com/KaramelBytes/smushmux/internal/analysis/xlsx.go:769.3,769.8 1 231
github.com/KaramelBytes/smushmux/internal/analysis/xlsx.go:771.2,774.30 4 231
github.com/KaramelBytes/smushmux/internal/analysis/xlsx.go:774.30,776.3 1 231
github.com/KaramelBytes/smushmux/internal/analysis/xlsx.go:777.2,777.16 1 231
github.com/KaramelBytes/smushmux/internal/analysis/xlsx.go:780.29,782.30 2 6
github.com/KaramelBytes/smushmux/internal/analysis/xlsx.go:782.30,784.25 2 6
github.com/KaramelBytes/smushmux/internal/analysis/xlsx.go:784.25,785.9 1 0
github.com/KaramelBytes/smushmux/internal/analysis/xlsx.go:787.3,787.24 1 6
github.com/KaramelBytes/smushmux/internal/analysis/xlsx.go:789.2,789.10 1 6
github.com/KaramelBytes/smushmux/internal/analysis/xlsx.go:795.42,799.35 2 9
github.com/KaramelBytes/smushmux/internal/analysis/xlsx.go:799.35,801.3 1 3
github.com/KaramelBytes/smushmux/internal/analysis/xlsx.go:802.2,802.33 1 6
github.com/KaramelBytes/smushmux/internal/config/config.go:47.44,49.19 2 2
github.com/KaramelBytes/smushmux/internal/config/config.go:49.19,51.3 1 1
github.com/KaramelBytes/smushmux/internal/config/config.go:51.8,53.17 2 1
github.com/KaramelBytes/smushmux/internal/config/config.go:53.17,55.4 1 0
github.com/KaramelBytes/smushmux/internal/config/config.go:56.3,57.49 2 1
github.com/KaramelBytes/smushmux/internal/config/config.go:57.49,59.4 1 0
github.com/KaramelBytes/smushmux/internal/config/config.go:60.3,60.43 1 1
github.com/KaramelBytes/smushmux/internal/config/config.go:62.2,63.16 2 2
github.com/KaramelBytes/smushmux/internal/config/config.go:63.16,65.3 1 0
github.com/KaramelBytes/smushmux/internal/config/config.go:66.2,66.53 1 2
github.com/KaramelBytes/smushmux/internal/config/config.go:66.53,68.3 1 0
github.com/KaramelBytes/smushmux/internal/config/config.go:69.2,69.12 1 2
github.com/KaramelBytes/smushmux/internal/config/config.go:74.44,106.19 25 3
github.com/KaramelBytes/smushmux/internal/config/config.go:106.19,108.3 1 2
github.com/KaramelBytes/smushmux/internal/config/config.go:108.8,110.17 2 1
github.com/KaramelBytes/smushmux/internal/config/config.go:110.17,112.4 1 0
github.com/KaramelBytes/smushmux/internal/config/config.go:113.3,117.26 5 1
github.com/KaramelBytes/smushmux/internal/config/config.go:120.2,123.40 3 3
github.com/KaramelBytes/smushmux/internal/config/config.go:123.40,125.3 1 0
github.com/KaramelBytes/smushmux/internal/config/config.go:127.2,127.25 1 3
github.com/KaramelBytes/smushmux/internal/config/config.go:127.25,129.17 2 3
github.com/KaramelBytes/smushmux/internal/config/config.go:129.17,131.4 1 0
github.com/KaramelBytes/smushmux/internal/config/config.go:132.3,132.63 1 3
github.com/KaramelBytes/smushmux/internal/config/config.go:134.2,134.16 1 3
